<?xml version="1.0" encoding="UTF-8"?>
<robot generator="Robot 7.0.1 (Python 3.12.4 on win32)" generated="2024-08-21T09:50:41.921274" rpa="false" schemaversion="5">
<suite id="s1" name="Get value art" source="c:\Automate\Web\Get_value_art\testcases\Get_value_art.robot">
<test id="s1-t1" name="Create clone art" line="23">
<kw name="Login dohome and click web art(Create)" owner="common_art" type="SETUP">
<kw name="Open browser web url" owner="common_art">
<kw name="Open Browser" owner="SeleniumLibrary">
<msg time="2024-08-21T09:50:42.661684" level="INFO">Opening browser 'headlesschrome' to base url 'https://web-dohome-center-uat.dohome.technology/app/home'.</msg>
<arg>${url}</arg>
<arg>browser=${browserName}</arg>
<arg>options=binary_location=r"C:\\chrome-win64\\chrome.exe"</arg>
<doc>Opens a new browser instance to the optional ``url``.</doc>
<status status="PASS" start="2024-08-21T09:50:42.661684" elapsed="2.551313"/>
</kw>
<arg>${url_dohome}</arg>
<arg>headlesschrome</arg>
<status status="PASS" start="2024-08-21T09:50:42.661684" elapsed="2.551313"/>
</kw>
<kw name="Set Window Size" owner="SeleniumLibrary">
<arg>1920</arg>
<arg>1080</arg>
<doc>Sets current windows size to given ``width`` and ``height``.</doc>
<status status="PASS" start="2024-08-21T09:50:45.215168" elapsed="0.051363"/>
</kw>
<kw name="Wait Until Keyword Succeeds" owner="BuiltIn">
<kw name="Wait Until Element Contains" owner="SeleniumLibrary">
<arg>//button[text()='เข้าสู่ระบบ']</arg>
<arg>เข้าสู่ระบบ</arg>
<doc>Waits until the element ``locator`` contains ``text``.</doc>
<status status="PASS" start="2024-08-21T09:50:45.266531" elapsed="0.537326"/>
</kw>
<arg>5x</arg>
<arg>2s</arg>
<arg>Wait Until Element Contains</arg>
<arg>//button[text()='เข้าสู่ระบบ']</arg>
<arg>เข้าสู่ระบบ</arg>
<doc>Runs the specified keyword and retries if it fails.</doc>
<status status="PASS" start="2024-08-21T09:50:45.266531" elapsed="0.537326"/>
</kw>
<kw name="Wait Until Keyword Succeeds" owner="BuiltIn">
<kw name="Click Element with Delay" owner="common_art">
<kw name="Click Element" owner="SeleniumLibrary">
<msg time="2024-08-21T09:50:45.807742" level="INFO">Clicking element '//button[text()='เข้าสู่ระบบ']'.</msg>
<arg>${locator}</arg>
<doc>Click the element identified by ``locator``.</doc>
<status status="PASS" start="2024-08-21T09:50:45.806372" elapsed="0.277321"/>
</kw>
<kw name="Sleep" owner="BuiltIn">
<msg time="2024-08-21T09:50:47.084763" level="INFO">Slept 1 second.</msg>
<arg>1s</arg>
<doc>Pauses the test executed for the given time.</doc>
<status status="PASS" start="2024-08-21T09:50:46.084698" elapsed="1.000065"/>
</kw>
<arg>//button[text()='เข้าสู่ระบบ']</arg>
<status status="PASS" start="2024-08-21T09:50:45.806372" elapsed="1.278391"/>
</kw>
<arg>5x</arg>
<arg>2s</arg>
<arg>Click Element with Delay</arg>
<arg>//button[text()='เข้าสู่ระบบ']</arg>
<doc>Runs the specified keyword and retries if it fails.</doc>
<status status="PASS" start="2024-08-21T09:50:45.803857" elapsed="1.280906"/>
</kw>
<kw name="Wait Until Keyword Succeeds" owner="BuiltIn">
<kw name="Wait Until Element Contains" owner="SeleniumLibrary">
<arg>//*[@class="text-2xl text-primary font-bold"]</arg>
<arg>เข้าสู่ระบบ</arg>
<doc>Waits until the element ``locator`` contains ``text``.</doc>
<status status="PASS" start="2024-08-21T09:50:47.084763" elapsed="0.940981"/>
</kw>
<arg>5x</arg>
<arg>2s</arg>
<arg>Wait Until Element Contains</arg>
<arg>//*[@class="text-2xl text-primary font-bold"]</arg>
<arg>เข้าสู่ระบบ</arg>
<doc>Runs the specified keyword and retries if it fails.</doc>
<status status="PASS" start="2024-08-21T09:50:47.084763" elapsed="0.940981"/>
</kw>
<kw name="Wait Until Keyword Succeeds" owner="BuiltIn">
<kw name="Click Element with Delay" owner="common_art">
<kw name="Click Element" owner="SeleniumLibrary">
<msg time="2024-08-21T09:50:48.025744" level="INFO">Clicking element '//input[@name="username"]'.</msg>
<arg>${locator}</arg>
<doc>Click the element identified by ``locator``.</doc>
<status status="PASS" start="2024-08-21T09:50:48.025744" elapsed="0.061618"/>
</kw>
<kw name="Sleep" owner="BuiltIn">
<msg time="2024-08-21T09:50:49.089588" level="INFO">Slept 1 second.</msg>
<arg>1s</arg>
<doc>Pauses the test executed for the given time.</doc>
<status status="PASS" start="2024-08-21T09:50:48.088675" elapsed="1.000913"/>
</kw>
<arg>//input[@name="username"]</arg>
<status status="PASS" start="2024-08-21T09:50:48.025744" elapsed="1.063844"/>
</kw>
<arg>5x</arg>
<arg>2s</arg>
<arg>Click Element with Delay</arg>
<arg>//input[@name="username"]</arg>
<doc>Runs the specified keyword and retries if it fails.</doc>
<status status="PASS" start="2024-08-21T09:50:48.025744" elapsed="1.063844"/>
</kw>
<kw name="Wait Until Keyword Succeeds" owner="BuiltIn">
<kw name="Input Text with Delay" owner="common_art">
<kw name="Input Text" owner="SeleniumLibrary">
<msg time="2024-08-21T09:50:49.090733" level="INFO">Typing text '123456' into text field '//input[@name="username"]'.</msg>
<arg>${locator}</arg>
<arg>${text}</arg>
<doc>Types the given ``text`` into the text field identified by ``locator``.</doc>
<status status="PASS" start="2024-08-21T09:50:49.090733" elapsed="0.096280"/>
</kw>
<kw name="Sleep" owner="BuiltIn">
<msg time="2024-08-21T09:50:50.689716" level="INFO">Slept 1 second 500 milliseconds.</msg>
<arg>1.5s</arg>
<doc>Pauses the test executed for the given time.</doc>
<status status="PASS" start="2024-08-21T09:50:49.187013" elapsed="1.502703"/>
</kw>
<arg>//input[@name="username"]</arg>
<arg>${user_create}</arg>
<status status="PASS" start="2024-08-21T09:50:49.090733" elapsed="1.598983"/>
</kw>
<arg>5x</arg>
<arg>2s</arg>
<arg>Input Text with Delay</arg>
<arg>//input[@name="username"]</arg>
<arg>${user_create}</arg>
<doc>Runs the specified keyword and retries if it fails.</doc>
<status status="PASS" start="2024-08-21T09:50:49.089588" elapsed="1.600128"/>
</kw>
<kw name="Wait Until Keyword Succeeds" owner="BuiltIn">
<kw name="Click Element with Delay" owner="common_art">
<kw name="Click Element" owner="SeleniumLibrary">
<msg time="2024-08-21T09:50:50.689716" level="INFO">Clicking element '//input[@name="password"]'.</msg>
<arg>${locator}</arg>
<doc>Click the element identified by ``locator``.</doc>
<status status="PASS" start="2024-08-21T09:50:50.689716" elapsed="0.052643"/>
</kw>
<kw name="Sleep" owner="BuiltIn">
<msg time="2024-08-21T09:50:51.743229" level="INFO">Slept 1 second.</msg>
<arg>1s</arg>
<doc>Pauses the test executed for the given time.</doc>
<status status="PASS" start="2024-08-21T09:50:50.742359" elapsed="1.000870"/>
</kw>
<arg>//input[@name="password"]</arg>
<status status="PASS" start="2024-08-21T09:50:50.689716" elapsed="1.053513"/>
</kw>
<arg>5x</arg>
<arg>2s</arg>
<arg>Click Element with Delay</arg>
<arg>//input[@name="password"]</arg>
<doc>Runs the specified keyword and retries if it fails.</doc>
<status status="PASS" start="2024-08-21T09:50:50.689716" elapsed="1.053513"/>
</kw>
<kw name="Wait Until Keyword Succeeds" owner="BuiltIn">
<kw name="Input Text with Delay" owner="common_art">
<kw name="Input Text" owner="SeleniumLibrary">
<msg time="2024-08-21T09:50:51.743229" level="INFO">Typing text 'D0h0me*1' into text field '//input[@name="password"]'.</msg>
<arg>${locator}</arg>
<arg>${text}</arg>
<doc>Types the given ``text`` into the text field identified by ``locator``.</doc>
<status status="PASS" start="2024-08-21T09:50:51.743229" elapsed="0.106202"/>
</kw>
<kw name="Sleep" owner="BuiltIn">
<msg time="2024-08-21T09:50:53.349796" level="INFO">Slept 1 second 500 milliseconds.</msg>
<arg>1.5s</arg>
<doc>Pauses the test executed for the given time.</doc>
<status status="PASS" start="2024-08-21T09:50:51.849431" elapsed="1.500365"/>
</kw>
<arg>//input[@name="password"]</arg>
<arg>${pass}</arg>
<status status="PASS" start="2024-08-21T09:50:51.743229" elapsed="1.606567"/>
</kw>
<arg>5x</arg>
<arg>2s</arg>
<arg>Input Text with Delay</arg>
<arg>//input[@name="password"]</arg>
<arg>${pass}</arg>
<doc>Runs the specified keyword and retries if it fails.</doc>
<status status="PASS" start="2024-08-21T09:50:51.743229" elapsed="1.607936"/>
</kw>
<kw name="Wait Until Keyword Succeeds" owner="BuiltIn">
<kw name="Click Element with Delay" owner="common_art">
<kw name="Click Element" owner="SeleniumLibrary">
<msg time="2024-08-21T09:50:53.351165" level="INFO">Clicking element '//button[@type="submit"][ text()='เข้าสู่ระบบ']'.</msg>
<arg>${locator}</arg>
<doc>Click the element identified by ``locator``.</doc>
<status status="PASS" start="2024-08-21T09:50:53.351165" elapsed="0.086132"/>
</kw>
<kw name="Sleep" owner="BuiltIn">
<msg time="2024-08-21T09:50:54.438954" level="INFO">Slept 1 second.</msg>
<arg>1s</arg>
<doc>Pauses the test executed for the given time.</doc>
<status status="PASS" start="2024-08-21T09:50:53.438783" elapsed="1.000171"/>
</kw>
<arg>//button[@type="submit"][ text()='เข้าสู่ระบบ']</arg>
<status status="PASS" start="2024-08-21T09:50:53.351165" elapsed="1.087789"/>
</kw>
<arg>5x</arg>
<arg>2s</arg>
<arg>Click Element with Delay</arg>
<arg>//button[@type="submit"][ text()='เข้าสู่ระบบ']</arg>
<doc>Runs the specified keyword and retries if it fails.</doc>
<status status="PASS" start="2024-08-21T09:50:53.351165" elapsed="1.087789"/>
</kw>
<kw name="Wait Until Keyword Succeeds" owner="BuiltIn">
<kw name="Click Element with Delay" owner="common_art">
<kw name="Click Element" owner="SeleniumLibrary">
<msg time="2024-08-21T09:50:54.438954" level="INFO">Clicking element '//*[@aria-label="ระบบจัดการข้อมูลสินค้า"]'.</msg>
<msg time="2024-08-21T09:50:56.209339" level="INFO" html="true">&lt;/td&gt;&lt;/tr&gt;&lt;tr&gt;&lt;td colspan="3"&gt;&lt;a href="selenium-screenshot-2004.png"&gt;&lt;img src="selenium-screenshot-2004.png" width="800px"&gt;&lt;/a&gt;</msg>
<msg time="2024-08-21T09:50:56.209339" level="FAIL">ElementClickInterceptedException: Message: element click intercepted: Element &lt;a class="relative inline-flex items-center tap-highlight-transparent outline-none data-[focus-visible=true]:z-10 data-[focus-visible=true]:outline-2 data-[focus-visible=true]:outline-focus data-[focus-visible=true]:outline-offset-2 no-underline hover:opacity-80 active:opacity-disabled transition-opacity text-xs line-clamp-1 text-primary" aria-label="ระบบจัดการข้อมูลสินค้า" role="link" href="https://web-article-master-uat.dohome.technology/?i=4abc152a3ab659539d4ab2505ded8afc77da183731f1b0cf240317e88b332461AliaIkGBYBLH38utZmHlxZen/VfIDFs28BKljvyCy2M+6U5/VuDENkei0IlzqQVCM1JbBYggMiZdpsko8PaxrjvMsk4Usm5walLV6J/nzk5eB+LzMrxTlEfZe7QLYx8PK1XJ11MkYohZx/7qhozpQc4i9kSTIbXCdZpYZhmvitlFU7oyI4D4bscRYt+1KdyBNdf38xtEbTaM6sol2WqKzamLADV0YoQHsXrH59Q9T9JcNjx5JOP5lkwWdDtyPmOposxGPODLax95+fkYMaA01NsSCKripyAQmD2xLoXuasjZPAzntD6sIqsoYaGGiq1Flk5IV3JYForvpliqpeh3fL2bvOIIasIURqA4bI0AOuTjUJ0jX8PV8nMcZVicpwORtzNv3L+SlJq38lYo5cY3u1ruoUwaYYy4IDgP2XKNi3wiPgcax+Jgzk6DFi48fai3" target="_blank" tabindex="0"&gt;...&lt;/a&gt; is not clickable at point (943, 977). Other element would receive the click: &lt;div class="flex w-screen h-[100dvh] fixed inset-0 z-50 overflow-x-auto justify-center [--scale-enter:100%] [--scale-exit:100%] [--slide-enter:0px] [--slide-exit:80px] sm:[--scale-enter:100%] sm:[--scale-exit:103%] sm:[--slide-enter:0px] sm:[--slide-exit:0px] items-end sm:items-center" style="opacity: 1; transform: translateY(0px) scale(1.00784) translateZ(0px);"&gt;...&lt;/div&gt;
  (Session info: chrome=127.0.6533.88)
Stacktrace:
	GetHandleVerifier [0x00007FF745CD9632+30946]
	(No symbol) [0x00007FF745C8E3C9]
	(No symbol) [0x00007FF745B86FDA]
	(No symbol) [0x00007FF745BDFEEE]
	(No symbol) [0x00007FF745BDD962]
	(No symbol) [0x00007FF745BDAE7B]
	(No symbol) [0x00007FF745BDA095]
	(No symbol) [0x00007FF745BCC271]
	(No symbol) [0x00007FF745BFCA6A]
	(No symbol) [0x00007FF745BCBBB6]
	(No symbol) [0x00007FF745BFCC80]
	(No symbol) [0x00007FF745C1B041]
	(No symbol) [0x00007FF745BFC813]
	(No symbol) [0x00007FF745BCA6E5]
	(No symbol) [0x00007FF745BCB021]
	GetHandleVerifier [0x00007FF745E0F83D+1301229]
	GetHandleVerifier [0x00007FF745E1BDB7+1351783]
	GetHandleVerifier [0x00007FF745E12A03+1313971]
	GetHandleVerifier [0x00007FF745D0DD06+245686]
	(No symbol) [0x00007FF745C9758F]
	(No symbol) [0x00007FF745C93804]
	(No symbol) [0x00007FF745C93992]
	(No symbol) [0x00007FF745C8A3EF]
	BaseThreadInitThunk [0x00007FFC9BEA257D+29]
	RtlUserThreadStart [0x00007FFC9CA4AF28+40]
</msg>
<arg>${locator}</arg>
<doc>Click the element identified by ``locator``.</doc>
<status status="FAIL" start="2024-08-21T09:50:54.438954" elapsed="1.778402">ElementClickInterceptedException: Message: element click intercepted: Element &lt;a class="relative inline-flex items-center tap-highlight-transparent outline-none data-[focus-visible=true]:z-10 data-[focus-visible=true]:outline-2 data-[focus-visible=true]:outline-focus data-[focus-visible=true]:outline-offset-2 no-underline hover:opacity-80 active:opacity-disabled transition-opacity text-xs line-clamp-1 text-primary" aria-label="ระบบจัดการข้อมูลสินค้า" role="link" href="https://web-article-master-uat.dohome.technology/?i=4abc152a3ab659539d4ab2505ded8afc77da183731f1b0cf240317e88b332461AliaIkGBYBLH38utZmHlxZen/VfIDFs28BKljvyCy2M+6U5/VuDENkei0IlzqQVCM1JbBYggMiZdpsko8PaxrjvMsk4Usm5walLV6J/nzk5eB+LzMrxTlEfZe7QLYx8PK1XJ11MkYohZx/7qhozpQc4i9kSTIbXCdZpYZhmvitlFU7oyI4D4bscRYt+1KdyBNdf38xtEbTaM6sol2WqKzamLADV0YoQHsXrH59Q9T9JcNjx5JOP5lkwWdDtyPmOposxGPODLax95+fkYMaA01NsSCKripyAQmD2xLoXuasjZPAzntD6sIqsoYaGGiq1Flk5IV3JYForvpliqpeh3fL2bvOIIasIURqA4bI0AOuTjUJ0jX8PV8nMcZVicpwORtzNv3L+SlJq38lYo5cY3u1ruoUwaYYy4IDgP2XKNi3wiPgcax+Jgzk6DFi48fai3" target="_blank" tabindex="0"&gt;...&lt;/a&gt; is not clickable at point (943, 977). Other element would receive the click: &lt;div class="flex w-screen h-[100dvh] fixed inset-0 z-50 overflow-x-auto justify-center [--scale-enter:100%] [--scale-exit:100%] [--slide-enter:0px] [--slide-exit:80px] sm:[--scale-enter:100%] sm:[--scale-exit:103%] sm:[--slide-enter:0px] sm:[--slide-exit:0px] items-end sm:items-center" style="opacity: 1; transform: translateY(0px) scale(1.00784) translateZ(0px);"&gt;...&lt;/div&gt;
    [ Message content over the limit has been removed. ]
	(No symbol) [0x00007FF745BDAE7B]
	(No symbol) [0x00007FF745BDA095]
	(No symbol) [0x00007FF745BCC271]
	(No symbol) [0x00007FF745BFCA6A]
	(No symbol) [0x00007FF745BCBBB6]
	(No symbol) [0x00007FF745BFCC80]
	(No symbol) [0x00007FF745C1B041]
	(No symbol) [0x00007FF745BFC813]
	(No symbol) [0x00007FF745BCA6E5]
	(No symbol) [0x00007FF745BCB021]
	GetHandleVerifier [0x00007FF745E0F83D+1301229]
	GetHandleVerifier [0x00007FF745E1BDB7+1351783]
	GetHandleVerifier [0x00007FF745E12A03+1313971]
	GetHandleVerifier [0x00007FF745D0DD06+245686]
	(No symbol) [0x00007FF745C9758F]
	(No symbol) [0x00007FF745C93804]
	(No symbol) [0x00007FF745C93992]
	(No symbol) [0x00007FF745C8A3EF]
	BaseThreadInitThunk [0x00007FFC9BEA257D+29]
	RtlUserThreadStart [0x00007FFC9CA4AF28+40]</status>
</kw>
<kw name="Sleep" owner="BuiltIn">
<arg>1s</arg>
<doc>Pauses the test executed for the given time.</doc>
<status status="NOT RUN" start="2024-08-21T09:50:56.217356" elapsed="0.000000"/>
</kw>
<arg>//*[@aria-label="ระบบจัดการข้อมูลสินค้า"]</arg>
<status status="FAIL" start="2024-08-21T09:50:54.438954" elapsed="1.778402">ElementClickInterceptedException: Message: element click intercepted: Element &lt;a class="relative inline-flex items-center tap-highlight-transparent outline-none data-[focus-visible=true]:z-10 data-[focus-visible=true]:outline-2 data-[focus-visible=true]:outline-focus data-[focus-visible=true]:outline-offset-2 no-underline hover:opacity-80 active:opacity-disabled transition-opacity text-xs line-clamp-1 text-primary" aria-label="ระบบจัดการข้อมูลสินค้า" role="link" href="https://web-article-master-uat.dohome.technology/?i=4abc152a3ab659539d4ab2505ded8afc77da183731f1b0cf240317e88b332461AliaIkGBYBLH38utZmHlxZen/VfIDFs28BKljvyCy2M+6U5/VuDENkei0IlzqQVCM1JbBYggMiZdpsko8PaxrjvMsk4Usm5walLV6J/nzk5eB+LzMrxTlEfZe7QLYx8PK1XJ11MkYohZx/7qhozpQc4i9kSTIbXCdZpYZhmvitlFU7oyI4D4bscRYt+1KdyBNdf38xtEbTaM6sol2WqKzamLADV0YoQHsXrH59Q9T9JcNjx5JOP5lkwWdDtyPmOposxGPODLax95+fkYMaA01NsSCKripyAQmD2xLoXuasjZPAzntD6sIqsoYaGGiq1Flk5IV3JYForvpliqpeh3fL2bvOIIasIURqA4bI0AOuTjUJ0jX8PV8nMcZVicpwORtzNv3L+SlJq38lYo5cY3u1ruoUwaYYy4IDgP2XKNi3wiPgcax+Jgzk6DFi48fai3" target="_blank" tabindex="0"&gt;...&lt;/a&gt; is not clickable at point (943, 977). Other element would receive the click: &lt;div class="flex w-screen h-[100dvh] fixed inset-0 z-50 overflow-x-auto justify-center [--scale-enter:100%] [--scale-exit:100%] [--slide-enter:0px] [--slide-exit:80px] sm:[--scale-enter:100%] sm:[--scale-exit:103%] sm:[--slide-enter:0px] sm:[--slide-exit:0px] items-end sm:items-center" style="opacity: 1; transform: translateY(0px) scale(1.00784) translateZ(0px);"&gt;...&lt;/div&gt;
    [ Message content over the limit has been removed. ]
	(No symbol) [0x00007FF745BDAE7B]
	(No symbol) [0x00007FF745BDA095]
	(No symbol) [0x00007FF745BCC271]
	(No symbol) [0x00007FF745BFCA6A]
	(No symbol) [0x00007FF745BCBBB6]
	(No symbol) [0x00007FF745BFCC80]
	(No symbol) [0x00007FF745C1B041]
	(No symbol) [0x00007FF745BFC813]
	(No symbol) [0x00007FF745BCA6E5]
	(No symbol) [0x00007FF745BCB021]
	GetHandleVerifier [0x00007FF745E0F83D+1301229]
	GetHandleVerifier [0x00007FF745E1BDB7+1351783]
	GetHandleVerifier [0x00007FF745E12A03+1313971]
	GetHandleVerifier [0x00007FF745D0DD06+245686]
	(No symbol) [0x00007FF745C9758F]
	(No symbol) [0x00007FF745C93804]
	(No symbol) [0x00007FF745C93992]
	(No symbol) [0x00007FF745C8A3EF]
	BaseThreadInitThunk [0x00007FFC9BEA257D+29]
	RtlUserThreadStart [0x00007FFC9CA4AF28+40]</status>
</kw>
<kw name="Click Element with Delay" owner="common_art">
<kw name="Click Element" owner="SeleniumLibrary">
<msg time="2024-08-21T09:50:58.218788" level="INFO">Clicking element '//*[@aria-label="ระบบจัดการข้อมูลสินค้า"]'.</msg>
<arg>${locator}</arg>
<doc>Click the element identified by ``locator``.</doc>
<status status="PASS" start="2024-08-21T09:50:58.218788" elapsed="0.094174"/>
</kw>
<kw name="Sleep" owner="BuiltIn">
<msg time="2024-08-21T09:50:59.315305" level="INFO">Slept 1 second.</msg>
<arg>1s</arg>
<doc>Pauses the test executed for the given time.</doc>
<status status="PASS" start="2024-08-21T09:50:58.315204" elapsed="1.000101"/>
</kw>
<arg>//*[@aria-label="ระบบจัดการข้อมูลสินค้า"]</arg>
<status status="PASS" start="2024-08-21T09:50:58.217775" elapsed="1.097530"/>
</kw>
<arg>5x</arg>
<arg>2s</arg>
<arg>Click Element with Delay</arg>
<arg>//*[@aria-label="ระบบจัดการข้อมูลสินค้า"]</arg>
<doc>Runs the specified keyword and retries if it fails.</doc>
<status status="PASS" start="2024-08-21T09:50:54.438954" elapsed="4.876351"/>
</kw>
<kw name="Wait Until Keyword Succeeds" owner="BuiltIn">
<kw name="Switch Window" owner="SeleniumLibrary">
<arg>New</arg>
<doc>Switches to browser window matching ``locator``.</doc>
<status status="PASS" start="2024-08-21T09:50:59.315305" elapsed="0.010635"/>
</kw>
<arg>5x</arg>
<arg>2s</arg>
<arg>Switch Window</arg>
<arg>New</arg>
<doc>Runs the specified keyword and retries if it fails.</doc>
<status status="PASS" start="2024-08-21T09:50:59.315305" elapsed="0.010635"/>
</kw>
<kw name="Set Window Size" owner="SeleniumLibrary">
<arg>1920</arg>
<arg>1080</arg>
<doc>Sets current windows size to given ``width`` and ``height``.</doc>
<status status="PASS" start="2024-08-21T09:50:59.325940" elapsed="12.172332"/>
</kw>
<kw name="Wait Until Keyword Succeeds" owner="BuiltIn">
<kw name="Wait Until Element Is Visible" owner="SeleniumLibrary">
<arg>//h3[text()="Article Master"]</arg>
<doc>Waits until the element ``locator`` is visible.</doc>
<status status="PASS" start="2024-08-21T09:51:11.499289" elapsed="0.024806"/>
</kw>
<arg>5x</arg>
<arg>2s</arg>
<arg>Wait Until Element Is Visible</arg>
<arg>//h3[text()="Article Master"]</arg>
<doc>Runs the specified keyword and retries if it fails.</doc>
<status status="PASS" start="2024-08-21T09:51:11.498272" elapsed="0.025823"/>
</kw>
<status status="PASS" start="2024-08-21T09:50:42.656171" elapsed="28.867924"/>
</kw>
<kw name="Get value article">
<kw name="Wait And Click Element" owner="common_art">
<kw name="Wait Until Keyword Succeeds" owner="BuiltIn">
<kw name="Click Element with Delay" owner="common_art">
<kw name="Click Element" owner="SeleniumLibrary">
<msg time="2024-08-21T09:51:11.528600" level="INFO">Clicking element '//p[text()='จัดการสินค้า']'.</msg>
<arg>${locator}</arg>
<doc>Click the element identified by ``locator``.</doc>
<status status="PASS" start="2024-08-21T09:51:11.528600" elapsed="0.075569"/>
</kw>
<kw name="Sleep" owner="BuiltIn">
<msg time="2024-08-21T09:51:12.608149" level="INFO">Slept 1 second.</msg>
<arg>1s</arg>
<doc>Pauses the test executed for the given time.</doc>
<status status="PASS" start="2024-08-21T09:51:11.604169" elapsed="1.003980"/>
</kw>
<arg>${locator}</arg>
<status status="PASS" start="2024-08-21T09:51:11.528600" elapsed="1.079549"/>
</kw>
<arg>3x</arg>
<arg>2s</arg>
<arg>Click Element with Delay</arg>
<arg>${locator}</arg>
<doc>Runs the specified keyword and retries if it fails.</doc>
<status status="PASS" start="2024-08-21T09:51:11.528600" elapsed="1.079549"/>
</kw>
<arg>//p[text()='จัดการสินค้า']</arg>
<status status="PASS" start="2024-08-21T09:51:11.528600" elapsed="1.079549"/>
</kw>
<kw name="Wait And Click Element" owner="common_art">
<kw name="Wait Until Keyword Succeeds" owner="BuiltIn">
<kw name="Click Element with Delay" owner="common_art">
<kw name="Click Element" owner="SeleniumLibrary">
<msg time="2024-08-21T09:51:12.609654" level="INFO">Clicking element '//p[text()='รายการสินค้าสร้างสำเร็จ (MM43)']'.</msg>
<arg>${locator}</arg>
<doc>Click the element identified by ``locator``.</doc>
<status status="PASS" start="2024-08-21T09:51:12.609654" elapsed="0.073165"/>
</kw>
<kw name="Sleep" owner="BuiltIn">
<msg time="2024-08-21T09:51:13.683039" level="INFO">Slept 1 second.</msg>
<arg>1s</arg>
<doc>Pauses the test executed for the given time.</doc>
<status status="PASS" start="2024-08-21T09:51:12.682819" elapsed="1.000220"/>
</kw>
<arg>${locator}</arg>
<status status="PASS" start="2024-08-21T09:51:12.609654" elapsed="1.073385"/>
</kw>
<arg>3x</arg>
<arg>2s</arg>
<arg>Click Element with Delay</arg>
<arg>${locator}</arg>
<doc>Runs the specified keyword and retries if it fails.</doc>
<status status="PASS" start="2024-08-21T09:51:12.609654" elapsed="1.073385"/>
</kw>
<arg>//p[text()='รายการสินค้าสร้างสำเร็จ (MM43)']</arg>
<status status="PASS" start="2024-08-21T09:51:12.608149" elapsed="1.074890"/>
</kw>
<kw name="Wait And Wait Until Element Is Visible" owner="common_art">
<kw name="Wait Until Keyword Succeeds" owner="BuiltIn">
<kw name="Wait Until Element Is Visible" owner="SeleniumLibrary">
<msg time="2024-08-21T09:51:19.102421" level="INFO" html="true">&lt;/td&gt;&lt;/tr&gt;&lt;tr&gt;&lt;td colspan="3"&gt;&lt;a href="selenium-screenshot-2005.png"&gt;&lt;img src="selenium-screenshot-2005.png" width="800px"&gt;&lt;/a&gt;</msg>
<msg time="2024-08-21T09:51:19.102421" level="FAIL">Element '//*[@data-dx_placeholder='123456789']/preceding-sibling::input' not visible after 5 seconds.</msg>
<arg>${locator}</arg>
<doc>Waits until the element ``locator`` is visible.</doc>
<status status="FAIL" start="2024-08-21T09:51:13.685559" elapsed="5.420522">Element '//*[@data-dx_placeholder='123456789']/preceding-sibling::input' not visible after 5 seconds.</status>
</kw>
<kw name="Wait Until Element Is Visible" owner="SeleniumLibrary">
<msg time="2024-08-21T09:51:26.567139" level="INFO" html="true">&lt;/td&gt;&lt;/tr&gt;&lt;tr&gt;&lt;td colspan="3"&gt;&lt;a href="selenium-screenshot-2006.png"&gt;&lt;img src="selenium-screenshot-2006.png" width="800px"&gt;&lt;/a&gt;</msg>
<msg time="2024-08-21T09:51:26.568424" level="FAIL">Element '//*[@data-dx_placeholder='123456789']/preceding-sibling::input' not visible after 5 seconds.</msg>
<arg>${locator}</arg>
<doc>Waits until the element ``locator`` is visible.</doc>
<status status="FAIL" start="2024-08-21T09:51:21.106282" elapsed="5.463256">Element '//*[@data-dx_placeholder='123456789']/preceding-sibling::input' not visible after 5 seconds.</status>
</kw>
<kw name="Wait Until Element Is Visible" owner="SeleniumLibrary">
<arg>${locator}</arg>
<doc>Waits until the element ``locator`` is visible.</doc>
<status status="PASS" start="2024-08-21T09:51:28.569804" elapsed="0.719453"/>
</kw>
<arg>5x</arg>
<arg>2s</arg>
<arg>Wait Until Element Is Visible</arg>
<arg>${locator}</arg>
<doc>Runs the specified keyword and retries if it fails.</doc>
<status status="PASS" start="2024-08-21T09:51:13.685559" elapsed="15.604212"/>
</kw>
<arg>//*[@data-dx_placeholder='123456789']/preceding-sibling::input</arg>
<status status="PASS" start="2024-08-21T09:51:13.683039" elapsed="15.606732"/>
</kw>
<kw name="Wait And Click Element" owner="common_art">
<kw name="Wait Until Keyword Succeeds" owner="BuiltIn">
<kw name="Click Element with Delay" owner="common_art">
<kw name="Click Element" owner="SeleniumLibrary">
<msg time="2024-08-21T09:51:29.289771" level="INFO">Clicking element '//*[@data-dx_placeholder='123456789']/preceding-sibling::input'.</msg>
<arg>${locator}</arg>
<doc>Click the element identified by ``locator``.</doc>
<status status="PASS" start="2024-08-21T09:51:29.289771" elapsed="0.071522"/>
</kw>
<kw name="Sleep" owner="BuiltIn">
<msg time="2024-08-21T09:51:30.362339" level="INFO">Slept 1 second.</msg>
<arg>1s</arg>
<doc>Pauses the test executed for the given time.</doc>
<status status="PASS" start="2024-08-21T09:51:29.361885" elapsed="1.000454"/>
</kw>
<arg>${locator}</arg>
<status status="PASS" start="2024-08-21T09:51:29.289771" elapsed="1.072568"/>
</kw>
<arg>3x</arg>
<arg>2s</arg>
<arg>Click Element with Delay</arg>
<arg>${locator}</arg>
<doc>Runs the specified keyword and retries if it fails.</doc>
<status status="PASS" start="2024-08-21T09:51:29.289771" elapsed="1.072568"/>
</kw>
<arg>//*[@data-dx_placeholder='123456789']/preceding-sibling::input</arg>
<status status="PASS" start="2024-08-21T09:51:29.289771" elapsed="1.072568"/>
</kw>
<kw name="Wait And Input Text with Delay" owner="common_art">
<kw name="Wait Until Keyword Succeeds" owner="BuiltIn">
<kw name="Input Text with Delay" owner="common_art">
<kw name="Input Text" owner="SeleniumLibrary">
<msg time="2024-08-21T09:51:30.365317" level="INFO">Typing text '10337199' into text field '//*[@data-dx_placeholder='123456789']/preceding-sibling::input'.</msg>
<arg>${locator}</arg>
<arg>${text}</arg>
<doc>Types the given ``text`` into the text field identified by ``locator``.</doc>
<status status="PASS" start="2024-08-21T09:51:30.365317" elapsed="0.093336"/>
</kw>
<kw name="Sleep" owner="BuiltIn">
<msg time="2024-08-21T09:51:31.958995" level="INFO">Slept 1 second 500 milliseconds.</msg>
<arg>1.5s</arg>
<doc>Pauses the test executed for the given time.</doc>
<status status="PASS" start="2024-08-21T09:51:30.458653" elapsed="1.500342"/>
</kw>
<arg>${locator}</arg>
<arg>${text}</arg>
<status status="PASS" start="2024-08-21T09:51:30.365317" elapsed="1.593678"/>
</kw>
<arg>3x</arg>
<arg>2s</arg>
<arg>Input Text with Delay</arg>
<arg>${locator}</arg>
<arg>${text}</arg>
<doc>Runs the specified keyword and retries if it fails.</doc>
<status status="PASS" start="2024-08-21T09:51:30.365317" elapsed="1.593678"/>
</kw>
<arg>//*[@data-dx_placeholder='123456789']/preceding-sibling::input</arg>
<arg>${id}</arg>
<status status="PASS" start="2024-08-21T09:51:30.362339" elapsed="1.596656"/>
</kw>
<kw name="Wait And Click Element" owner="common_art">
<kw name="Wait Until Keyword Succeeds" owner="BuiltIn">
<kw name="Click Element with Delay" owner="common_art">
<kw name="Click Element" owner="SeleniumLibrary">
<msg time="2024-08-21T09:51:31.958995" level="INFO">Clicking element '//span[text()='ค้นหา']'.</msg>
<arg>${locator}</arg>
<doc>Click the element identified by ``locator``.</doc>
<status status="PASS" start="2024-08-21T09:51:31.958995" elapsed="0.104805"/>
</kw>
<kw name="Sleep" owner="BuiltIn">
<msg time="2024-08-21T09:51:33.064646" level="INFO">Slept 1 second.</msg>
<arg>1s</arg>
<doc>Pauses the test executed for the given time.</doc>
<status status="PASS" start="2024-08-21T09:51:32.064306" elapsed="1.000340"/>
</kw>
<arg>${locator}</arg>
<status status="PASS" start="2024-08-21T09:51:31.958995" elapsed="1.105651"/>
</kw>
<arg>3x</arg>
<arg>2s</arg>
<arg>Click Element with Delay</arg>
<arg>${locator}</arg>
<doc>Runs the specified keyword and retries if it fails.</doc>
<status status="PASS" start="2024-08-21T09:51:31.958995" elapsed="1.107402"/>
</kw>
<arg>//span[text()='ค้นหา']</arg>
<status status="PASS" start="2024-08-21T09:51:31.958995" elapsed="1.107402"/>
</kw>
<kw name="Wait And Wait Until Element Is Visible" owner="common_art">
<kw name="Wait Until Keyword Succeeds" owner="BuiltIn">
<kw name="Wait Until Element Is Visible" owner="SeleniumLibrary">
<arg>${locator}</arg>
<doc>Waits until the element ``locator`` is visible.</doc>
<status status="PASS" start="2024-08-21T09:51:33.066397" elapsed="1.831925"/>
</kw>
<arg>5x</arg>
<arg>2s</arg>
<arg>Wait Until Element Is Visible</arg>
<arg>${locator}</arg>
<doc>Runs the specified keyword and retries if it fails.</doc>
<status status="PASS" start="2024-08-21T09:51:33.066397" elapsed="1.831925"/>
</kw>
<arg>//span[text()='1. รายละเอียดเกี่ยวกับตัวสินค้า']</arg>
<status status="PASS" start="2024-08-21T09:51:33.066397" elapsed="1.831925"/>
</kw>
<kw name="Get Value" owner="SeleniumLibrary">
<msg time="2024-08-21T09:51:34.922574" level="INFO">${article_no} = 10337199</msg>
<var>${article_no}</var>
<arg>//*[text()='รหัสสินค้า (Article Number)']/ancestor::label/following-sibling::*[1]//input</arg>
<doc>Returns the value attribute of the element identified by ``locator``.</doc>
<status status="PASS" start="2024-08-21T09:51:34.898322" elapsed="0.024252"/>
</kw>
<kw name="Get Value" owner="SeleniumLibrary">
<msg time="2024-08-21T09:51:34.945621" level="INFO">${vendor_no} = 100000329: บริษัท ไทยซัมซุง อิเลคโทรนิคส์ จำกัด</msg>
<var>${vendor_no}</var>
<arg>//input[@name='vendor_no']</arg>
<doc>Returns the value attribute of the element identified by ``locator``.</doc>
<status status="PASS" start="2024-08-21T09:51:34.922574" elapsed="0.028838"/>
</kw>
<kw name="Get Value" owner="SeleniumLibrary">
<msg time="2024-08-21T09:51:34.974054" level="INFO">${name_th} = QA_Tแอร์ASV-24ESLN SS</msg>
<var>${name_th}</var>
<arg>//input[@name='name_th']</arg>
<doc>Returns the value attribute of the element identified by ``locator``.</doc>
<status status="PASS" start="2024-08-21T09:51:34.951412" elapsed="0.023909"/>
</kw>
<kw name="Get Value" owner="SeleniumLibrary">
<msg time="2024-08-21T09:51:34.997565" level="INFO">${name_en} = QA_Tแอร์ASV-24ESLN SS</msg>
<var>${name_en}</var>
<arg>//input[@name='name_en']</arg>
<doc>Returns the value attribute of the element identified by ``locator``.</doc>
<status status="PASS" start="2024-08-21T09:51:34.975321" elapsed="0.022244"/>
</kw>
<kw name="Get Value" owner="SeleniumLibrary">
<msg time="2024-08-21T09:51:35.021522" level="INFO">${article_category} = 00: Single article</msg>
<var>${article_category}</var>
<arg>//input[@name='article_category']</arg>
<doc>Returns the value attribute of the element identified by ``locator``.</doc>
<status status="PASS" start="2024-08-21T09:51:34.997565" elapsed="0.023957"/>
</kw>
<kw name="Get Value" owner="SeleniumLibrary">
<msg time="2024-08-21T09:51:35.047333" level="INFO">${merc_category_MC2} = DOB: เครื่องใช้ไฟฟ้าใหญ่</msg>
<var>${merc_category_MC2}</var>
<arg>//input[@name='merchandise_category2']</arg>
<doc>Returns the value attribute of the element identified by ``locator``.</doc>
<status status="PASS" start="2024-08-21T09:51:35.021522" elapsed="0.025811"/>
</kw>
<kw name="Get Value" owner="SeleniumLibrary">
<msg time="2024-08-21T09:51:35.069265" level="INFO">${merc_category_MC5} = DOB050301: แอร์18,000BTU ON-OFF</msg>
<var>${merc_category_MC5}</var>
<arg>//input[@name='merchandise_category']</arg>
<doc>Returns the value attribute of the element identified by ``locator``.</doc>
<status status="PASS" start="2024-08-21T09:51:35.047333" elapsed="0.021932"/>
</kw>
<kw name="Get Value" owner="SeleniumLibrary">
<msg time="2024-08-21T09:51:35.086821" level="INFO">${division_type} = 00: Common Division</msg>
<var>${division_type}</var>
<arg>//input[@name='division']</arg>
<doc>Returns the value attribute of the element identified by ``locator``.</doc>
<status status="PASS" start="2024-08-21T09:51:35.069265" elapsed="0.019993"/>
</kw>
<kw name="Get Value" owner="SeleniumLibrary">
<msg time="2024-08-21T09:51:35.111532" level="INFO">${artl_statistics_grp} = 1: 'A' Article</msg>
<var>${artl_statistics_grp}</var>
<arg>//input[@name='artl_statistics_grp']</arg>
<doc>Returns the value attribute of the element identified by ``locator``.</doc>
<status status="PASS" start="2024-08-21T09:51:35.089258" elapsed="0.022800"/>
</kw>
<kw name="Get Value" owner="SeleniumLibrary">
<msg time="2024-08-21T09:51:35.128030" level="INFO">${astmt_list_type} = 2: Do home</msg>
<var>${astmt_list_type}</var>
<arg>//input[@name='astmt_list_type']</arg>
<doc>Returns the value attribute of the element identified by ``locator``.</doc>
<status status="PASS" start="2024-08-21T09:51:35.112058" elapsed="0.015972"/>
</kw>
<kw name="Get Value" owner="SeleniumLibrary">
<msg time="2024-08-21T09:51:35.154429" level="INFO">${material_type} = ZAWA: Trading Goods DoHome</msg>
<var>${material_type}</var>
<arg>//input[@name='material_type']</arg>
<doc>Returns the value attribute of the element identified by ``locator``.</doc>
<status status="PASS" start="2024-08-21T09:51:35.128030" elapsed="0.026399"/>
</kw>
<kw name="Get Value" owner="SeleniumLibrary">
<msg time="2024-08-21T09:51:35.170336" level="INFO">${valuation_class} = 3100: Trading goods</msg>
<var>${valuation_class}</var>
<arg>//input[@name='valuation_class']</arg>
<doc>Returns the value attribute of the element identified by ``locator``.</doc>
<status status="PASS" start="2024-08-21T09:51:35.154429" elapsed="0.015907"/>
</kw>
<kw name="Get Value" owner="SeleniumLibrary">
<msg time="2024-08-21T09:51:35.196747" level="INFO">${e_comm_name_th} = QA_Tแอร์ASV-24ESLN SS</msg>
<var>${e_comm_name_th}</var>
<arg>//input[@name='e_comm_name_th']</arg>
<doc>Returns the value attribute of the element identified by ``locator``.</doc>
<status status="PASS" start="2024-08-21T09:51:35.170336" elapsed="0.026411"/>
</kw>
<kw name="Get Value" owner="SeleniumLibrary">
<msg time="2024-08-21T09:51:35.218317" level="INFO">${search_word} = QA_คปอก-ซซ-24000-ASV-24ESLN</msg>
<var>${search_word}</var>
<arg>//input[@name='search_word']</arg>
<doc>Returns the value attribute of the element identified by ``locator``.</doc>
<status status="PASS" start="2024-08-21T09:51:35.196747" elapsed="0.021570"/>
</kw>
<kw name="Get Value" owner="SeleniumLibrary">
<msg time="2024-08-21T09:51:35.243227" level="INFO">${search_remark} = QA_Tแอร์ASV-24ESLN SS</msg>
<var>${search_remark}</var>
<arg>//input[@name='search_remark']</arg>
<doc>Returns the value attribute of the element identified by ``locator``.</doc>
<status status="PASS" start="2024-08-21T09:51:35.218317" elapsed="0.024910"/>
</kw>
<kw name="Get Value" owner="SeleniumLibrary">
<msg time="2024-08-21T09:51:35.265902" level="INFO">${product_model} = Tแอร์ASV-24ESLN SS</msg>
<var>${product_model}</var>
<arg>//input[@name='product_model']</arg>
<doc>Returns the value attribute of the element identified by ``locator``.</doc>
<status status="PASS" start="2024-08-21T09:51:35.243227" elapsed="0.028179"/>
</kw>
<kw name="Get Value" owner="SeleniumLibrary">
<msg time="2024-08-21T09:51:35.296419" level="INFO">${brand_id} = A062: อายิโนะโมะโต๊ะ</msg>
<var>${brand_id}</var>
<arg>//input[@name='brand_id']</arg>
<doc>Returns the value attribute of the element identified by ``locator``.</doc>
<status status="PASS" start="2024-08-21T09:51:35.271854" elapsed="0.024735"/>
</kw>
<kw name="Get Value" owner="SeleniumLibrary">
<msg time="2024-08-21T09:51:35.314452" level="INFO">${old_article} = -</msg>
<var>${old_article}</var>
<arg>//input[@name='old_article']</arg>
<doc>Returns the value attribute of the element identified by ``locator``.</doc>
<status status="PASS" start="2024-08-21T09:51:35.296589" elapsed="0.017863"/>
</kw>
<kw name="Get Value" owner="SeleniumLibrary">
<msg time="2024-08-21T09:51:35.339832" level="INFO">${repack} = 03: ไม่ต้อง pack</msg>
<var>${repack}</var>
<arg>//input[@name='repack']</arg>
<doc>Returns the value attribute of the element identified by ``locator``.</doc>
<status status="PASS" start="2024-08-21T09:51:35.317188" elapsed="0.022644"/>
</kw>
<kw name="Get Value" owner="SeleniumLibrary">
<msg time="2024-08-21T09:51:35.361161" level="INFO">${product_transform} = 03: ไม่ต้องแปรสภาพ</msg>
<var>${product_transform}</var>
<arg>//input[@name='product_transform']</arg>
<doc>Returns the value attribute of the element identified by ``locator``.</doc>
<status status="PASS" start="2024-08-21T09:51:35.339832" elapsed="0.021329"/>
</kw>
<kw name="Get Value" owner="SeleniumLibrary">
<msg time="2024-08-21T09:51:35.381473" level="INFO">${country_of_region} = TH: ประเทศไทย</msg>
<var>${country_of_region}</var>
<arg>//input[@name='country_of_region']</arg>
<doc>Returns the value attribute of the element identified by ``locator``.</doc>
<status status="PASS" start="2024-08-21T09:51:35.361161" elapsed="0.021830"/>
</kw>
<kw name="Get Value" owner="SeleniumLibrary">
<msg time="2024-08-21T09:51:35.438334" level="INFO">${regions_origin} = </msg>
<var>${regions_origin}</var>
<arg>//input[@name='regions_origin']</arg>
<doc>Returns the value attribute of the element identified by ``locator``.</doc>
<status status="PASS" start="2024-08-21T09:51:35.382991" elapsed="0.055343"/>
</kw>
<kw name="Get Value" owner="SeleniumLibrary">
<msg time="2024-08-21T09:51:35.459223" level="INFO">${hb_nonhb} = 01: Non House brand</msg>
<var>${hb_nonhb}</var>
<arg>//input[@name='hb_nonhb']</arg>
<doc>Returns the value attribute of the element identified by ``locator``.</doc>
<status status="PASS" start="2024-08-21T09:51:35.438334" elapsed="0.023685"/>
</kw>
<kw name="Get Value" owner="SeleniumLibrary">
<msg time="2024-08-21T09:51:35.485940" level="INFO">${production} = Z1: ผลิตในประเทศ</msg>
<var>${production}</var>
<arg>//input[@name='production']</arg>
<doc>Returns the value attribute of the element identified by ``locator``.</doc>
<status status="PASS" start="2024-08-21T09:51:35.462019" elapsed="0.025435"/>
</kw>
<kw name="Get Value" owner="SeleniumLibrary">
<msg time="2024-08-21T09:51:35.508765" level="INFO">${tradmark} = HBNTM: สินค้า HB ไม่มี Trademark</msg>
<var>${tradmark}</var>
<arg>//input[@name='tradmark']</arg>
<doc>Returns the value attribute of the element identified by ``locator``.</doc>
<status status="PASS" start="2024-08-21T09:51:35.487454" elapsed="0.023319"/>
</kw>
<kw name="Get Value" owner="SeleniumLibrary">
<msg time="2024-08-21T09:51:35.533197" level="INFO">${tot_shelf_life} = None</msg>
<var>${tot_shelf_life}</var>
<arg>//input[@name='tot_shelf_life']/parent::div</arg>
<doc>Returns the value attribute of the element identified by ``locator``.</doc>
<status status="PASS" start="2024-08-21T09:51:35.510773" elapsed="0.026404"/>
</kw>
<kw name="Get Value" owner="SeleniumLibrary">
<msg time="2024-08-21T09:51:35.559477" level="INFO">${rem_shelf_life} = None</msg>
<var>${rem_shelf_life}</var>
<arg>//input[@name='rem_shelf_life']/parent::div</arg>
<doc>Returns the value attribute of the element identified by ``locator``.</doc>
<status status="PASS" start="2024-08-21T09:51:35.537177" elapsed="0.023327"/>
</kw>
<kw name="Get Value" owner="SeleniumLibrary">
<msg time="2024-08-21T09:51:35.587224" level="INFO">${product_status} = I: InActive</msg>
<var>${product_status}</var>
<arg>//input[@name='product_status']</arg>
<doc>Returns the value attribute of the element identified by ``locator``.</doc>
<status status="PASS" start="2024-08-21T09:51:35.560504" elapsed="0.026720"/>
</kw>
<kw name="Get Value" owner="SeleniumLibrary">
<msg time="2024-08-21T09:51:35.608094" level="INFO">${abc_indicator} = 5: หมดเลิกขาย</msg>
<var>${abc_indicator}</var>
<arg>//input[@name='abc_indicator']</arg>
<doc>Returns the value attribute of the element identified by ``locator``.</doc>
<status status="PASS" start="2024-08-21T09:51:35.587224" elapsed="0.020870"/>
</kw>
<kw name="Get Value" owner="SeleniumLibrary">
<msg time="2024-08-21T09:51:35.636936" level="INFO">${product_sub_indicator} = : </msg>
<var>${product_sub_indicator}</var>
<arg>//input[@name='product_sub_indicator']</arg>
<doc>Returns the value attribute of the element identified by ``locator``.</doc>
<status status="PASS" start="2024-08-21T09:51:35.610753" elapsed="0.026183"/>
</kw>
<kw name="Get Value" owner="SeleniumLibrary">
<msg time="2024-08-21T09:51:35.657735" level="INFO">${product_role} = 01: Core</msg>
<var>${product_role}</var>
<arg>//input[@name='product_role']</arg>
<doc>Returns the value attribute of the element identified by ``locator``.</doc>
<status status="PASS" start="2024-08-21T09:51:35.636936" elapsed="0.020799"/>
</kw>
<kw name="Get Value" owner="SeleniumLibrary">
<msg time="2024-08-21T09:51:35.688136" level="INFO">${product_sub_role} = 03: สินค้าทั่วไป</msg>
<var>${product_sub_role}</var>
<arg>//input[@name='product_sub_role']</arg>
<doc>Returns the value attribute of the element identified by ``locator``.</doc>
<status status="PASS" start="2024-08-21T09:51:35.657735" elapsed="0.030401"/>
</kw>
<kw name="Get Value" owner="SeleniumLibrary">
<msg time="2024-08-21T09:51:35.711790" level="INFO">${product_trend} = 05: ไม่มีเทรน</msg>
<var>${product_trend}</var>
<arg>//input[@name='product_trend']</arg>
<doc>Returns the value attribute of the element identified by ``locator``.</doc>
<status status="PASS" start="2024-08-21T09:51:35.688136" elapsed="0.023654"/>
</kw>
<kw name="Get Value" owner="SeleniumLibrary">
<msg time="2024-08-21T09:51:35.731854" level="INFO">${head_purchaser_group_no} = 1000034: ทองหยิบ นามสมมุติ</msg>
<var>${head_purchaser_group_no}</var>
<arg>//input[@name='head_purchaser_group_no']</arg>
<doc>Returns the value attribute of the element identified by ``locator``.</doc>
<status status="PASS" start="2024-08-21T09:51:35.711790" elapsed="0.020064"/>
</kw>
<kw name="Get Value" owner="SeleniumLibrary">
<msg time="2024-08-21T09:51:35.758876" level="INFO">${head_import_purchase} = </msg>
<var>${head_import_purchase}</var>
<arg>//input[@name='head_import_purchase']</arg>
<doc>Returns the value attribute of the element identified by ``locator``.</doc>
<status status="PASS" start="2024-08-21T09:51:35.731854" elapsed="0.027022"/>
</kw>
<kw name="Get Value" owner="SeleniumLibrary">
<msg time="2024-08-21T09:51:35.789807" level="INFO">${head_im} = </msg>
<var>${head_im}</var>
<arg>//input[@name='head_im']</arg>
<doc>Returns the value attribute of the element identified by ``locator``.</doc>
<status status="PASS" start="2024-08-21T09:51:35.758876" elapsed="0.033381"/>
</kw>
<kw name="Get Value" owner="SeleniumLibrary">
<msg time="2024-08-21T09:51:35.822661" level="INFO">${shipping_group} = </msg>
<var>${shipping_group}</var>
<arg>//input[@name='shipping_group']</arg>
<doc>Returns the value attribute of the element identified by ``locator``.</doc>
<status status="PASS" start="2024-08-21T09:51:35.792257" elapsed="0.030404"/>
</kw>
<kw name="Get Value" owner="SeleniumLibrary">
<msg time="2024-08-21T09:51:35.904220" level="INFO">${purchaser_group_no} = 134: คุณภคพร</msg>
<var>${purchaser_group_no}</var>
<arg>//input[@name='purchaser_group_no']</arg>
<doc>Returns the value attribute of the element identified by ``locator``.</doc>
<status status="PASS" start="2024-08-21T09:51:35.824897" elapsed="0.079323"/>
</kw>
<kw name="Get Value" owner="SeleniumLibrary">
<msg time="2024-08-21T09:51:35.930703" level="INFO">${import_purchase} = </msg>
<var>${import_purchase}</var>
<arg>//input[@name='import_purchase']</arg>
<doc>Returns the value attribute of the element identified by ``locator``.</doc>
<status status="PASS" start="2024-08-21T09:51:35.904220" elapsed="0.026483"/>
</kw>
<kw name="Get Value" owner="SeleniumLibrary">
<msg time="2024-08-21T09:51:35.961023" level="INFO">${im_group} = </msg>
<var>${im_group}</var>
<arg>//input[@name='im_group']</arg>
<doc>Returns the value attribute of the element identified by ``locator``.</doc>
<status status="PASS" start="2024-08-21T09:51:35.930703" elapsed="0.030320"/>
</kw>
<kw name="Get Value" owner="SeleniumLibrary">
<msg time="2024-08-21T09:51:35.989750" level="INFO">${avail_check} = 02: Individ.requirements</msg>
<var>${avail_check}</var>
<arg>//input[@name='avail_check']</arg>
<doc>Returns the value attribute of the element identified by ``locator``.</doc>
<status status="PASS" start="2024-08-21T09:51:35.961023" elapsed="0.028727"/>
</kw>
<kw name="Get Value" owner="SeleniumLibrary">
<msg time="2024-08-21T09:51:36.012204" level="INFO">${gen_item_cat_grp} = NORM: Standard item</msg>
<var>${gen_item_cat_grp}</var>
<arg>//input[@name='gen_item_cat_grp']</arg>
<doc>Returns the value attribute of the element identified by ``locator``.</doc>
<status status="PASS" start="2024-08-21T09:51:35.989750" elapsed="0.023968"/>
</kw>
<kw name="Get Value" owner="SeleniumLibrary">
<msg time="2024-08-21T09:51:36.039633" level="INFO">${tax_class} = 1: Full tax</msg>
<var>${tax_class}</var>
<arg>//input[@name='tax_class']</arg>
<doc>Returns the value attribute of the element identified by ``locator``.</doc>
<status status="PASS" start="2024-08-21T09:51:36.013718" elapsed="0.028873"/>
</kw>
<kw name="Get Value" owner="SeleniumLibrary">
<msg time="2024-08-21T09:51:36.061159" level="INFO">${serial_number_profile} = ZSD1: Serial SD Sell only</msg>
<var>${serial_number_profile}</var>
<arg>//input[@name='serial_number_profile']</arg>
<doc>Returns the value attribute of the element identified by ``locator``.</doc>
<status status="PASS" start="2024-08-21T09:51:36.042591" elapsed="0.018568"/>
</kw>
<kw name="Get Value" owner="SeleniumLibrary">
<msg time="2024-08-21T09:51:36.094560" level="INFO">${merchandise_category3} = </msg>
<var>${merchandise_category3}</var>
<arg>//input[@name='merchandise_category3']</arg>
<doc>Returns the value attribute of the element identified by ``locator``.</doc>
<status status="PASS" start="2024-08-21T09:51:36.061159" elapsed="0.035749"/>
</kw>
<kw name="Get Value" owner="SeleniumLibrary">
<msg time="2024-08-21T09:51:36.125046" level="INFO">${stor_condition} = Z1: 1010 คลังรวม / R</msg>
<var>${stor_condition}</var>
<arg>//input[@name='stor_condition']</arg>
<doc>Returns the value attribute of the element identified by ``locator``.</doc>
<status status="PASS" start="2024-08-21T09:51:36.096908" elapsed="0.028138"/>
</kw>
<kw name="Get Value" owner="SeleniumLibrary">
<msg time="2024-08-21T09:51:36.158093" level="INFO">${loading_group} = 1010: คลังรวม</msg>
<var>${loading_group}</var>
<arg>//input[@name='loading_group']</arg>
<doc>Returns the value attribute of the element identified by ``locator``.</doc>
<status status="PASS" start="2024-08-21T09:51:36.133161" elapsed="0.024932"/>
</kw>
<kw name="Get Value" owner="SeleniumLibrary">
<msg time="2024-08-21T09:51:36.191037" level="INFO">${units_id_s6_u1} = MC: เครื่อง</msg>
<var>${units_id_s6_u1}</var>
<arg>//*[text()='6. หน่วยสินค้า , ขนาด,บาร์โค๊ด รวมแพคกิ้ง']/parent::div/parent::div/following-sibling::*[2]//*[text()='1']/parent::div/following-sibling::*[1]//input[@name='units_id']</arg>
<doc>Returns the value attribute of the element identified by ``locator``.</doc>
<status status="PASS" start="2024-08-21T09:51:36.158093" elapsed="0.032944"/>
</kw>
<kw name="Get Value" owner="SeleniumLibrary">
<msg time="2024-08-21T09:51:36.234947" level="INFO">${rate_unit_base_s6_u1} = 1</msg>
<var>${rate_unit_base_s6_u1}</var>
<arg>//*[text()='6. หน่วยสินค้า , ขนาด,บาร์โค๊ด รวมแพคกิ้ง']/parent::div/parent::div/following-sibling::*[2]//*[text()='1']/parent::div/following-sibling::*[1]//input[@name='rate_unit_base']</arg>
<doc>Returns the value attribute of the element identified by ``locator``.</doc>
<status status="PASS" start="2024-08-21T09:51:36.191037" elapsed="0.043910"/>
</kw>
<kw name="Get Value" owner="SeleniumLibrary">
<msg time="2024-08-21T09:51:36.255973" level="INFO">${units_sale_id_s6_u1} = MC: เครื่อง</msg>
<var>${units_sale_id_s6_u1}</var>
<arg>//*[text()='6. หน่วยสินค้า , ขนาด,บาร์โค๊ด รวมแพคกิ้ง']/parent::div/parent::div/following-sibling::*[2]//*[text()='1']/parent::div/following-sibling::*[1]//input[@name='units_sale_id']</arg>
<doc>Returns the value attribute of the element identified by ``locator``.</doc>
<status status="PASS" start="2024-08-21T09:51:36.234947" elapsed="0.021026"/>
</kw>
<kw name="Get Value" owner="SeleniumLibrary">
<msg time="2024-08-21T09:51:36.288917" level="INFO">${rate_unit_code_s6_u1} = 1</msg>
<var>${rate_unit_code_s6_u1}</var>
<arg>//*[text()='6. หน่วยสินค้า , ขนาด,บาร์โค๊ด รวมแพคกิ้ง']/parent::div/parent::div/following-sibling::*[2]//*[text()='1']/parent::div/following-sibling::*[1]//input[@name='rate_unit_code']</arg>
<doc>Returns the value attribute of the element identified by ``locator``.</doc>
<status status="PASS" start="2024-08-21T09:51:36.255973" elapsed="0.032944"/>
</kw>
<kw name="Get Value" owner="SeleniumLibrary">
<msg time="2024-08-21T09:51:36.313702" level="INFO">${barcode_no_s6_u1} = 77982097011</msg>
<var>${barcode_no_s6_u1}</var>
<arg>//*[text()='6. หน่วยสินค้า , ขนาด,บาร์โค๊ด รวมแพคกิ้ง']/parent::div/parent::div/following-sibling::*[2]//*[text()='1']/parent::div/following-sibling::*[1]//input[@name='barcode_no']</arg>
<doc>Returns the value attribute of the element identified by ``locator``.</doc>
<status status="PASS" start="2024-08-21T09:51:36.288917" elapsed="0.028325"/>
</kw>
<kw name="Get Value" owner="SeleniumLibrary">
<msg time="2024-08-21T09:51:36.338644" level="INFO">${width_base_s6_u1} = 20</msg>
<var>${width_base_s6_u1}</var>
<arg>//*[text()='6. หน่วยสินค้า , ขนาด,บาร์โค๊ด รวมแพคกิ้ง']/parent::div/parent::div/following-sibling::*[2]//*[text()='1']/parent::div/following-sibling::*[1]//input[@name='width']</arg>
<doc>Returns the value attribute of the element identified by ``locator``.</doc>
<status status="PASS" start="2024-08-21T09:51:36.317242" elapsed="0.021402"/>
</kw>
<kw name="Get Value" owner="SeleniumLibrary">
<msg time="2024-08-21T09:51:36.370174" level="INFO">${long_base_s6_u1} = 20</msg>
<var>${long_base_s6_u1}</var>
<arg>//*[text()='6. หน่วยสินค้า , ขนาด,บาร์โค๊ด รวมแพคกิ้ง']/parent::div/parent::div/following-sibling::*[2]//*[text()='1']/parent::div/following-sibling::*[1]//input[@name='long']</arg>
<doc>Returns the value attribute of the element identified by ``locator``.</doc>
<status status="PASS" start="2024-08-21T09:51:36.338644" elapsed="0.032551"/>
</kw>
<kw name="Get Value" owner="SeleniumLibrary">
<msg time="2024-08-21T09:51:36.395730" level="INFO">${high_base_s6_u1} = 20</msg>
<var>${high_base_s6_u1}</var>
<arg>//*[text()='6. หน่วยสินค้า , ขนาด,บาร์โค๊ด รวมแพคกิ้ง']/parent::div/parent::div/following-sibling::*[2]//*[text()='1']/parent::div/following-sibling::*[1]//input[@name='high']</arg>
<doc>Returns the value attribute of the element identified by ``locator``.</doc>
<status status="PASS" start="2024-08-21T09:51:36.371590" elapsed="0.024140"/>
</kw>
<kw name="Get Value" owner="SeleniumLibrary">
<msg time="2024-08-21T09:51:36.416709" level="INFO">${volume_base_s6_u1} = 8000</msg>
<var>${volume_base_s6_u1}</var>
<arg>//*[text()='6. หน่วยสินค้า , ขนาด,บาร์โค๊ด รวมแพคกิ้ง']/parent::div/parent::div/following-sibling::*[2]//*[text()='1']/parent::div/following-sibling::*[1]//input[@name='volume']</arg>
<doc>Returns the value attribute of the element identified by ``locator``.</doc>
<status status="PASS" start="2024-08-21T09:51:36.396767" elapsed="0.019942"/>
</kw>
<kw name="Get Value" owner="SeleniumLibrary">
<msg time="2024-08-21T09:51:36.436791" level="INFO">${weight_base_s6_u1} = 2</msg>
<var>${weight_base_s6_u1}</var>
<arg>//*[text()='6. หน่วยสินค้า , ขนาด,บาร์โค๊ด รวมแพคกิ้ง']/parent::div/parent::div/following-sibling::*[2]//*[text()='1']/parent::div/following-sibling::*[1]//input[@name='weight']</arg>
<doc>Returns the value attribute of the element identified by ``locator``.</doc>
<status status="PASS" start="2024-08-21T09:51:36.416709" elapsed="0.020082"/>
</kw>
<kw name="Run Keyword And Ignore Error" owner="BuiltIn">
<kw name="Get Value" owner="SeleniumLibrary">
<msg time="2024-08-21T09:51:36.722242" level="INFO" html="true">&lt;/td&gt;&lt;/tr&gt;&lt;tr&gt;&lt;td colspan="3"&gt;&lt;a href="selenium-screenshot-2007.png"&gt;&lt;img src="selenium-screenshot-2007.png" width="800px"&gt;&lt;/a&gt;</msg>
<msg time="2024-08-21T09:51:36.722242" level="FAIL">Element with locator '//*[text()='6. หน่วยสินค้า , ขนาด,บาร์โค๊ด รวมแพคกิ้ง']/parent::div/parent::div/following-sibling::*[2]//*[text()='2']/parent::div/following-sibling::*[1]//input[@name='units_id']' not found.</msg>
<arg>//*[text()='6. หน่วยสินค้า , ขนาด,บาร์โค๊ด รวมแพคกิ้ง']/parent::div/parent::div/following-sibling::*[2]//*[text()='2']/parent::div/following-sibling::*[1]//input[@name='units_id']</arg>
<doc>Returns the value attribute of the element identified by ``locator``.</doc>
<status status="FAIL" start="2024-08-21T09:51:36.436791" elapsed="0.293165">Element with locator '//*[text()='6. หน่วยสินค้า , ขนาด,บาร์โค๊ด รวมแพคกิ้ง']/parent::div/parent::div/following-sibling::*[2]//*[text()='2']/parent::div/following-sibling::*[1]//input[@name='units_id']' not found.</status>
</kw>
<msg time="2024-08-21T09:51:36.729956" level="INFO">${units_id_s6_u2_base} = ('FAIL', "Element with locator '//*[text()='6. หน่วยสินค้า , ขนาด,บาร์โค๊ด รวมแพคกิ้ง']/parent::div/parent::div/following-sibling::*[2]//*[text()='2']/parent::div/following-sibling::*[1]//input[@name=...</msg>
<var>${units_id_s6_u2_base}</var>
<arg>Get Value</arg>
<arg>//*[text()='6. หน่วยสินค้า , ขนาด,บาร์โค๊ด รวมแพคกิ้ง']/parent::div/parent::div/following-sibling::*[2]//*[text()='2']/parent::div/following-sibling::*[1]//input[@name='units_id']</arg>
<doc>Runs the given keyword with the given arguments and ignores possible error.</doc>
<status status="PASS" start="2024-08-21T09:51:36.436791" elapsed="0.293165"/>
</kw>
<kw name="Get From List" owner="Collections">
<msg time="2024-08-21T09:51:36.729956" level="INFO">${units_id_s6_u2_result} = FAIL</msg>
<var>${units_id_s6_u2_result}</var>
<arg>${units_id_s6_u2_base}</arg>
<arg>0</arg>
<doc>Returns the value specified with an ``index`` from ``list``.</doc>
<status status="PASS" start="2024-08-21T09:51:36.729956" elapsed="0.000000"/>
</kw>
<kw name="Get From List" owner="Collections">
<msg time="2024-08-21T09:51:36.729956" level="INFO">${units_id_s6_u2_value} = Element with locator '//*[text()='6. หน่วยสินค้า , ขนาด,บาร์โค๊ด รวมแพคกิ้ง']/parent::div/parent::div/following-sibling::*[2]//*[text()='2']/parent::div/following-sibling::*[1]//input[@name='units_id'...</msg>
<var>${units_id_s6_u2_value}</var>
<arg>${units_id_s6_u2_base}</arg>
<arg>1</arg>
<doc>Returns the value specified with an ``index`` from ``list``.</doc>
<status status="PASS" start="2024-08-21T09:51:36.729956" elapsed="0.000000"/>
</kw>
<if>
<branch type="IF" condition="'${units_id_s6_u2_result}' == 'FAIL'">
<kw name="Set Variable" owner="BuiltIn">
<msg time="2024-08-21T09:51:36.729956" level="INFO">${units_id_s6_u2_result} = -</msg>
<var>${units_id_s6_u2_result}</var>
<arg>-</arg>
<doc>Returns the given values which can then be assigned to a variables.</doc>
<status status="PASS" start="2024-08-21T09:51:36.729956" elapsed="0.000000"/>
</kw>
<status status="PASS" start="2024-08-21T09:51:36.729956" elapsed="0.000000"/>
</branch>
<branch type="ELSE">
<kw name="Set Variable" owner="BuiltIn">
<var>${units_id_s6_u2_result}</var>
<arg>${units_id_s6_u2_value}</arg>
<doc>Returns the given values which can then be assigned to a variables.</doc>
<status status="NOT RUN" start="2024-08-21T09:51:36.729956" elapsed="0.000000"/>
</kw>
<status status="NOT RUN" start="2024-08-21T09:51:36.729956" elapsed="0.004339"/>
</branch>
<status status="PASS" start="2024-08-21T09:51:36.729956" elapsed="0.004339"/>
</if>
<kw name="Set Variable" owner="BuiltIn">
<msg time="2024-08-21T09:51:36.734295" level="INFO">${units_id_s6_u2} = -</msg>
<var>${units_id_s6_u2}</var>
<arg>${units_id_s6_u2_result}</arg>
<doc>Returns the given values which can then be assigned to a variables.</doc>
<status status="PASS" start="2024-08-21T09:51:36.734295" elapsed="0.000000"/>
</kw>
<kw name="Run Keyword And Ignore Error" owner="BuiltIn">
<kw name="Get Value" owner="SeleniumLibrary">
<msg time="2024-08-21T09:51:37.036811" level="INFO" html="true">&lt;/td&gt;&lt;/tr&gt;&lt;tr&gt;&lt;td colspan="3"&gt;&lt;a href="selenium-screenshot-2008.png"&gt;&lt;img src="selenium-screenshot-2008.png" width="800px"&gt;&lt;/a&gt;</msg>
<msg time="2024-08-21T09:51:37.040109" level="FAIL">Element with locator '//*[text()='6. หน่วยสินค้า , ขนาด,บาร์โค๊ด รวมแพคกิ้ง']/parent::div/parent::div/following-sibling::*[2]//*[text()='2']/parent::div/following-sibling::*[1]//input[@name='rate_unit_base']' not found.</msg>
<arg>//*[text()='6. หน่วยสินค้า , ขนาด,บาร์โค๊ด รวมแพคกิ้ง']/parent::div/parent::div/following-sibling::*[2]//*[text()='2']/parent::div/following-sibling::*[1]//input[@name='rate_unit_base']</arg>
<doc>Returns the value attribute of the element identified by ``locator``.</doc>
<status status="FAIL" start="2024-08-21T09:51:36.734295" elapsed="0.305814">Element with locator '//*[text()='6. หน่วยสินค้า , ขนาด,บาร์โค๊ด รวมแพคกิ้ง']/parent::div/parent::div/following-sibling::*[2]//*[text()='2']/parent::div/following-sibling::*[1]//input[@name='rate_unit_base']' not found.</status>
</kw>
<msg time="2024-08-21T09:51:37.040109" level="INFO">${rate_unit_base_s6_u2_base} = ('FAIL', "Element with locator '//*[text()='6. หน่วยสินค้า , ขนาด,บาร์โค๊ด รวมแพคกิ้ง']/parent::div/parent::div/following-sibling::*[2]//*[text()='2']/parent::div/following-sibling::*[1]//input[@name=...</msg>
<var>${rate_unit_base_s6_u2_base}</var>
<arg>Get Value</arg>
<arg>//*[text()='6. หน่วยสินค้า , ขนาด,บาร์โค๊ด รวมแพคกิ้ง']/parent::div/parent::div/following-sibling::*[2]//*[text()='2']/parent::div/following-sibling::*[1]//input[@name='rate_unit_base']</arg>
<doc>Runs the given keyword with the given arguments and ignores possible error.</doc>
<status status="PASS" start="2024-08-21T09:51:36.734295" elapsed="0.307258"/>
</kw>
<kw name="Get From List" owner="Collections">
<msg time="2024-08-21T09:51:37.041553" level="INFO">${rate_unit_base_s6_u2_result} = FAIL</msg>
<var>${rate_unit_base_s6_u2_result}</var>
<arg>${rate_unit_base_s6_u2_base}</arg>
<arg>0</arg>
<doc>Returns the value specified with an ``index`` from ``list``.</doc>
<status status="PASS" start="2024-08-21T09:51:37.041553" elapsed="0.000000"/>
</kw>
<kw name="Get From List" owner="Collections">
<msg time="2024-08-21T09:51:37.041553" level="INFO">${rate_unit_base_s6_u2_value} = Element with locator '//*[text()='6. หน่วยสินค้า , ขนาด,บาร์โค๊ด รวมแพคกิ้ง']/parent::div/parent::div/following-sibling::*[2]//*[text()='2']/parent::div/following-sibling::*[1]//input[@name='rate_unit...</msg>
<var>${rate_unit_base_s6_u2_value}</var>
<arg>${rate_unit_base_s6_u2_base}</arg>
<arg>1</arg>
<doc>Returns the value specified with an ``index`` from ``list``.</doc>
<status status="PASS" start="2024-08-21T09:51:37.041553" elapsed="0.000000"/>
</kw>
<if>
<branch type="IF" condition="'${rate_unit_base_s6_u2_result}' == 'FAIL'">
<kw name="Set Variable" owner="BuiltIn">
<msg time="2024-08-21T09:51:37.041553" level="INFO">${rate_unit_base_s6_u2_result} = -</msg>
<var>${rate_unit_base_s6_u2_result}</var>
<arg>-</arg>
<doc>Returns the given values which can then be assigned to a variables.</doc>
<status status="PASS" start="2024-08-21T09:51:37.041553" elapsed="0.000000"/>
</kw>
<status status="PASS" start="2024-08-21T09:51:37.041553" elapsed="0.000000"/>
</branch>
<branch type="ELSE">
<kw name="Set Variable" owner="BuiltIn">
<var>${rate_unit_base_s6_u2_result}</var>
<arg>${rate_unit_base_s6_u2_value}</arg>
<doc>Returns the given values which can then be assigned to a variables.</doc>
<status status="NOT RUN" start="2024-08-21T09:51:37.043741" elapsed="0.000146"/>
</kw>
<status status="NOT RUN" start="2024-08-21T09:51:37.041553" elapsed="0.002334"/>
</branch>
<status status="PASS" start="2024-08-21T09:51:37.041553" elapsed="0.002334"/>
</if>
<kw name="Set Variable" owner="BuiltIn">
<msg time="2024-08-21T09:51:37.043887" level="INFO">${rate_unit_base_s6_u2} = -</msg>
<var>${rate_unit_base_s6_u2}</var>
<arg>${rate_unit_base_s6_u2_result}</arg>
<doc>Returns the given values which can then be assigned to a variables.</doc>
<status status="PASS" start="2024-08-21T09:51:37.043887" elapsed="0.000000"/>
</kw>
<kw name="Run Keyword And Ignore Error" owner="BuiltIn">
<kw name="Get Value" owner="SeleniumLibrary">
<msg time="2024-08-21T09:51:37.350121" level="INFO" html="true">&lt;/td&gt;&lt;/tr&gt;&lt;tr&gt;&lt;td colspan="3"&gt;&lt;a href="selenium-screenshot-2009.png"&gt;&lt;img src="selenium-screenshot-2009.png" width="800px"&gt;&lt;/a&gt;</msg>
<msg time="2024-08-21T09:51:37.350121" level="FAIL">Element with locator '//*[text()='6. หน่วยสินค้า , ขนาด,บาร์โค๊ด รวมแพคกิ้ง']/parent::div/parent::div/following-sibling::*[2]//*[text()='2']/parent::div/following-sibling::*[1]//input[@name='units_sale_id']' not found.</msg>
<arg>//*[text()='6. หน่วยสินค้า , ขนาด,บาร์โค๊ด รวมแพคกิ้ง']/parent::div/parent::div/following-sibling::*[2]//*[text()='2']/parent::div/following-sibling::*[1]//input[@name='units_sale_id']</arg>
<doc>Returns the value attribute of the element identified by ``locator``.</doc>
<status status="FAIL" start="2024-08-21T09:51:37.043887" elapsed="0.306234">Element with locator '//*[text()='6. หน่วยสินค้า , ขนาด,บาร์โค๊ด รวมแพคกิ้ง']/parent::div/parent::div/following-sibling::*[2]//*[text()='2']/parent::div/following-sibling::*[1]//input[@name='units_sale_id']' not found.</status>
</kw>
<msg time="2024-08-21T09:51:37.350121" level="INFO">${units_sale_id_s6_u2_base} = ('FAIL', "Element with locator '//*[text()='6. หน่วยสินค้า , ขนาด,บาร์โค๊ด รวมแพคกิ้ง']/parent::div/parent::div/following-sibling::*[2]//*[text()='2']/parent::div/following-sibling::*[1]//input[@name=...</msg>
<var>${units_sale_id_s6_u2_base}</var>
<arg>Get Value</arg>
<arg>//*[text()='6. หน่วยสินค้า , ขนาด,บาร์โค๊ด รวมแพคกิ้ง']/parent::div/parent::div/following-sibling::*[2]//*[text()='2']/parent::div/following-sibling::*[1]//input[@name='units_sale_id']</arg>
<doc>Runs the given keyword with the given arguments and ignores possible error.</doc>
<status status="PASS" start="2024-08-21T09:51:37.043887" elapsed="0.306234"/>
</kw>
<kw name="Get From List" owner="Collections">
<msg time="2024-08-21T09:51:37.350121" level="INFO">${units_sale_id_s6_u2_result} = FAIL</msg>
<var>${units_sale_id_s6_u2_result}</var>
<arg>${units_sale_id_s6_u2_base}</arg>
<arg>0</arg>
<doc>Returns the value specified with an ``index`` from ``list``.</doc>
<status status="PASS" start="2024-08-21T09:51:37.350121" elapsed="0.000000"/>
</kw>
<kw name="Get From List" owner="Collections">
<msg time="2024-08-21T09:51:37.355310" level="INFO">${units_sale_id_s6_u2_value} = Element with locator '//*[text()='6. หน่วยสินค้า , ขนาด,บาร์โค๊ด รวมแพคกิ้ง']/parent::div/parent::div/following-sibling::*[2]//*[text()='2']/parent::div/following-sibling::*[1]//input[@name='units_sal...</msg>
<var>${units_sale_id_s6_u2_value}</var>
<arg>${units_sale_id_s6_u2_base}</arg>
<arg>1</arg>
<doc>Returns the value specified with an ``index`` from ``list``.</doc>
<status status="PASS" start="2024-08-21T09:51:37.355310" elapsed="0.000352"/>
</kw>
<if>
<branch type="IF" condition="'${units_sale_id_s6_u2_result}' == 'FAIL'">
<kw name="Set Variable" owner="BuiltIn">
<msg time="2024-08-21T09:51:37.355662" level="INFO">${units_sale_id_s6_u2_result} = -</msg>
<var>${units_sale_id_s6_u2_result}</var>
<arg>-</arg>
<doc>Returns the given values which can then be assigned to a variables.</doc>
<status status="PASS" start="2024-08-21T09:51:37.355662" elapsed="0.000000"/>
</kw>
<status status="PASS" start="2024-08-21T09:51:37.355662" elapsed="0.000000"/>
</branch>
<branch type="ELSE">
<kw name="Set Variable" owner="BuiltIn">
<var>${units_sale_id_s6_u2_result}</var>
<arg>${units_sale_id_s6_u2_value}</arg>
<doc>Returns the given values which can then be assigned to a variables.</doc>
<status status="NOT RUN" start="2024-08-21T09:51:37.356732" elapsed="0.000000"/>
</kw>
<status status="NOT RUN" start="2024-08-21T09:51:37.355662" elapsed="0.001070"/>
</branch>
<status status="PASS" start="2024-08-21T09:51:37.355662" elapsed="0.001070"/>
</if>
<kw name="Set Variable" owner="BuiltIn">
<msg time="2024-08-21T09:51:37.356732" level="INFO">${units_sale_id_s6_u2} = -</msg>
<var>${units_sale_id_s6_u2}</var>
<arg>${units_sale_id_s6_u2_result}</arg>
<doc>Returns the given values which can then be assigned to a variables.</doc>
<status status="PASS" start="2024-08-21T09:51:37.356732" elapsed="0.000000"/>
</kw>
<kw name="Run Keyword And Ignore Error" owner="BuiltIn">
<kw name="Get Value" owner="SeleniumLibrary">
<msg time="2024-08-21T09:51:37.643560" level="INFO" html="true">&lt;/td&gt;&lt;/tr&gt;&lt;tr&gt;&lt;td colspan="3"&gt;&lt;a href="selenium-screenshot-2010.png"&gt;&lt;img src="selenium-screenshot-2010.png" width="800px"&gt;&lt;/a&gt;</msg>
<msg time="2024-08-21T09:51:37.643560" level="FAIL">Element with locator '//*[text()='6. หน่วยสินค้า , ขนาด,บาร์โค๊ด รวมแพคกิ้ง']/parent::div/parent::div/following-sibling::*[2]//*[text()='2']/parent::div/following-sibling::*[1]//input[@name='rate_unit_code']' not found.</msg>
<arg>//*[text()='6. หน่วยสินค้า , ขนาด,บาร์โค๊ด รวมแพคกิ้ง']/parent::div/parent::div/following-sibling::*[2]//*[text()='2']/parent::div/following-sibling::*[1]//input[@name='rate_unit_code']</arg>
<doc>Returns the value attribute of the element identified by ``locator``.</doc>
<status status="FAIL" start="2024-08-21T09:51:37.357735" elapsed="0.285825">Element with locator '//*[text()='6. หน่วยสินค้า , ขนาด,บาร์โค๊ด รวมแพคกิ้ง']/parent::div/parent::div/following-sibling::*[2]//*[text()='2']/parent::div/following-sibling::*[1]//input[@name='rate_unit_code']' not found.</status>
</kw>
<msg time="2024-08-21T09:51:37.643560" level="INFO">${rate_unit_code_s6_u2_base} = ('FAIL', "Element with locator '//*[text()='6. หน่วยสินค้า , ขนาด,บาร์โค๊ด รวมแพคกิ้ง']/parent::div/parent::div/following-sibling::*[2]//*[text()='2']/parent::div/following-sibling::*[1]//input[@name=...</msg>
<var>${rate_unit_code_s6_u2_base}</var>
<arg>Get Value</arg>
<arg>//*[text()='6. หน่วยสินค้า , ขนาด,บาร์โค๊ด รวมแพคกิ้ง']/parent::div/parent::div/following-sibling::*[2]//*[text()='2']/parent::div/following-sibling::*[1]//input[@name='rate_unit_code']</arg>
<doc>Runs the given keyword with the given arguments and ignores possible error.</doc>
<status status="PASS" start="2024-08-21T09:51:37.356732" elapsed="0.286828"/>
</kw>
<kw name="Get From List" owner="Collections">
<msg time="2024-08-21T09:51:37.643560" level="INFO">${rate_unit_code_s6_u2_result} = FAIL</msg>
<var>${rate_unit_code_s6_u2_result}</var>
<arg>${rate_unit_code_s6_u2_base}</arg>
<arg>0</arg>
<doc>Returns the value specified with an ``index`` from ``list``.</doc>
<status status="PASS" start="2024-08-21T09:51:37.643560" elapsed="0.000000"/>
</kw>
<kw name="Get From List" owner="Collections">
<msg time="2024-08-21T09:51:37.643560" level="INFO">${rate_unit_code_s6_u2_value} = Element with locator '//*[text()='6. หน่วยสินค้า , ขนาด,บาร์โค๊ด รวมแพคกิ้ง']/parent::div/parent::div/following-sibling::*[2]//*[text()='2']/parent::div/following-sibling::*[1]//input[@name='rate_unit...</msg>
<var>${rate_unit_code_s6_u2_value}</var>
<arg>${rate_unit_code_s6_u2_base}</arg>
<arg>1</arg>
<doc>Returns the value specified with an ``index`` from ``list``.</doc>
<status status="PASS" start="2024-08-21T09:51:37.643560" elapsed="0.000000"/>
</kw>
<if>
<branch type="IF" condition="'${rate_unit_code_s6_u2_result}' == 'FAIL'">
<kw name="Set Variable" owner="BuiltIn">
<msg time="2024-08-21T09:51:37.643560" level="INFO">${rate_unit_code_s6_u2_result} = -</msg>
<var>${rate_unit_code_s6_u2_result}</var>
<arg>-</arg>
<doc>Returns the given values which can then be assigned to a variables.</doc>
<status status="PASS" start="2024-08-21T09:51:37.643560" elapsed="0.000000"/>
</kw>
<status status="PASS" start="2024-08-21T09:51:37.643560" elapsed="0.000000"/>
</branch>
<branch type="ELSE">
<kw name="Set Variable" owner="BuiltIn">
<var>${rate_unit_code_s6_u2_result}</var>
<arg>${rate_unit_code_s6_u2_value}</arg>
<doc>Returns the given values which can then be assigned to a variables.</doc>
<status status="NOT RUN" start="2024-08-21T09:51:37.649845" elapsed="0.000000"/>
</kw>
<status status="NOT RUN" start="2024-08-21T09:51:37.643560" elapsed="0.006285"/>
</branch>
<status status="PASS" start="2024-08-21T09:51:37.643560" elapsed="0.006285"/>
</if>
<kw name="Set Variable" owner="BuiltIn">
<msg time="2024-08-21T09:51:37.649845" level="INFO">${rate_unit_code_s6_u2} = -</msg>
<var>${rate_unit_code_s6_u2}</var>
<arg>${rate_unit_code_s6_u2_result}</arg>
<doc>Returns the given values which can then be assigned to a variables.</doc>
<status status="PASS" start="2024-08-21T09:51:37.649845" elapsed="0.000000"/>
</kw>
<kw name="Run Keyword And Ignore Error" owner="BuiltIn">
<kw name="Get Value" owner="SeleniumLibrary">
<msg time="2024-08-21T09:51:37.938108" level="INFO" html="true">&lt;/td&gt;&lt;/tr&gt;&lt;tr&gt;&lt;td colspan="3"&gt;&lt;a href="selenium-screenshot-2011.png"&gt;&lt;img src="selenium-screenshot-2011.png" width="800px"&gt;&lt;/a&gt;</msg>
<msg time="2024-08-21T09:51:37.938108" level="FAIL">Element with locator '//*[text()='6. หน่วยสินค้า , ขนาด,บาร์โค๊ด รวมแพคกิ้ง']/parent::div/parent::div/following-sibling::*[2]//*[text()='2']/parent::div/following-sibling::*[1]//input[@name='barcode_no']' not found.</msg>
<arg>//*[text()='6. หน่วยสินค้า , ขนาด,บาร์โค๊ด รวมแพคกิ้ง']/parent::div/parent::div/following-sibling::*[2]//*[text()='2']/parent::div/following-sibling::*[1]//input[@name='barcode_no']</arg>
<doc>Returns the value attribute of the element identified by ``locator``.</doc>
<status status="FAIL" start="2024-08-21T09:51:37.649845" elapsed="0.288263">Element with locator '//*[text()='6. หน่วยสินค้า , ขนาด,บาร์โค๊ด รวมแพคกิ้ง']/parent::div/parent::div/following-sibling::*[2]//*[text()='2']/parent::div/following-sibling::*[1]//input[@name='barcode_no']' not found.</status>
</kw>
<msg time="2024-08-21T09:51:37.938108" level="INFO">${barcode_no_s6_u2_base} = ('FAIL', "Element with locator '//*[text()='6. หน่วยสินค้า , ขนาด,บาร์โค๊ด รวมแพคกิ้ง']/parent::div/parent::div/following-sibling::*[2]//*[text()='2']/parent::div/following-sibling::*[1]//input[@name=...</msg>
<var>${barcode_no_s6_u2_base}</var>
<arg>Get Value</arg>
<arg>//*[text()='6. หน่วยสินค้า , ขนาด,บาร์โค๊ด รวมแพคกิ้ง']/parent::div/parent::div/following-sibling::*[2]//*[text()='2']/parent::div/following-sibling::*[1]//input[@name='barcode_no']</arg>
<doc>Runs the given keyword with the given arguments and ignores possible error.</doc>
<status status="PASS" start="2024-08-21T09:51:37.649845" elapsed="0.288263"/>
</kw>
<kw name="Get From List" owner="Collections">
<msg time="2024-08-21T09:51:37.938108" level="INFO">${barcode_no_s6_u2_result} = FAIL</msg>
<var>${barcode_no_s6_u2_result}</var>
<arg>${barcode_no_s6_u2_base}</arg>
<arg>0</arg>
<doc>Returns the value specified with an ``index`` from ``list``.</doc>
<status status="PASS" start="2024-08-21T09:51:37.938108" elapsed="0.007015"/>
</kw>
<kw name="Get From List" owner="Collections">
<msg time="2024-08-21T09:51:37.945123" level="INFO">${barcode_no_s6_u2_value} = Element with locator '//*[text()='6. หน่วยสินค้า , ขนาด,บาร์โค๊ด รวมแพคกิ้ง']/parent::div/parent::div/following-sibling::*[2]//*[text()='2']/parent::div/following-sibling::*[1]//input[@name='barcode_n...</msg>
<var>${barcode_no_s6_u2_value}</var>
<arg>${barcode_no_s6_u2_base}</arg>
<arg>1</arg>
<doc>Returns the value specified with an ``index`` from ``list``.</doc>
<status status="PASS" start="2024-08-21T09:51:37.945123" elapsed="0.000000"/>
</kw>
<if>
<branch type="IF" condition="'${barcode_no_s6_u2_result}' == 'FAIL'">
<kw name="Set Variable" owner="BuiltIn">
<msg time="2024-08-21T09:51:37.945123" level="INFO">${barcode_no_s6_u2_result} = -</msg>
<var>${barcode_no_s6_u2_result}</var>
<arg>-</arg>
<doc>Returns the given values which can then be assigned to a variables.</doc>
<status status="PASS" start="2024-08-21T09:51:37.945123" elapsed="0.000000"/>
</kw>
<status status="PASS" start="2024-08-21T09:51:37.945123" elapsed="0.000000"/>
</branch>
<branch type="ELSE">
<kw name="Set Variable" owner="BuiltIn">
<var>${barcode_no_s6_u2_result}</var>
<arg>${barcode_no_s6_u2_value}</arg>
<doc>Returns the given values which can then be assigned to a variables.</doc>
<status status="NOT RUN" start="2024-08-21T09:51:37.945123" elapsed="0.000000"/>
</kw>
<status status="NOT RUN" start="2024-08-21T09:51:37.945123" elapsed="0.000000"/>
</branch>
<status status="PASS" start="2024-08-21T09:51:37.945123" elapsed="0.000000"/>
</if>
<kw name="Set Variable" owner="BuiltIn">
<msg time="2024-08-21T09:51:37.945123" level="INFO">${barcode_no_s6_u2} = -</msg>
<var>${barcode_no_s6_u2}</var>
<arg>${barcode_no_s6_u2_result}</arg>
<doc>Returns the given values which can then be assigned to a variables.</doc>
<status status="PASS" start="2024-08-21T09:51:37.945123" elapsed="0.000000"/>
</kw>
<kw name="Run Keyword And Ignore Error" owner="BuiltIn">
<kw name="Get Value" owner="SeleniumLibrary">
<msg time="2024-08-21T09:51:38.238939" level="INFO" html="true">&lt;/td&gt;&lt;/tr&gt;&lt;tr&gt;&lt;td colspan="3"&gt;&lt;a href="selenium-screenshot-2012.png"&gt;&lt;img src="selenium-screenshot-2012.png" width="800px"&gt;&lt;/a&gt;</msg>
<msg time="2024-08-21T09:51:38.238939" level="FAIL">Element with locator '//*[text()='6. หน่วยสินค้า , ขนาด,บาร์โค๊ด รวมแพคกิ้ง']/parent::div/parent::div/following-sibling::*[2]//*[text()='2']/parent::div/following-sibling::*[1]//input[@name='width']' not found.</msg>
<arg>//*[text()='6. หน่วยสินค้า , ขนาด,บาร์โค๊ด รวมแพคกิ้ง']/parent::div/parent::div/following-sibling::*[2]//*[text()='2']/parent::div/following-sibling::*[1]//input[@name='width']</arg>
<doc>Returns the value attribute of the element identified by ``locator``.</doc>
<status status="FAIL" start="2024-08-21T09:51:37.945123" elapsed="0.300414">Element with locator '//*[text()='6. หน่วยสินค้า , ขนาด,บาร์โค๊ด รวมแพคกิ้ง']/parent::div/parent::div/following-sibling::*[2]//*[text()='2']/parent::div/following-sibling::*[1]//input[@name='width']' not found.</status>
</kw>
<msg time="2024-08-21T09:51:38.245537" level="INFO">${width_base_s6_u2_base} = ('FAIL', "Element with locator '//*[text()='6. หน่วยสินค้า , ขนาด,บาร์โค๊ด รวมแพคกิ้ง']/parent::div/parent::div/following-sibling::*[2]//*[text()='2']/parent::div/following-sibling::*[1]//input[@name=...</msg>
<var>${width_base_s6_u2_base}</var>
<arg>Get Value</arg>
<arg>//*[text()='6. หน่วยสินค้า , ขนาด,บาร์โค๊ด รวมแพคกิ้ง']/parent::div/parent::div/following-sibling::*[2]//*[text()='2']/parent::div/following-sibling::*[1]//input[@name='width']</arg>
<doc>Runs the given keyword with the given arguments and ignores possible error.</doc>
<status status="PASS" start="2024-08-21T09:51:37.945123" elapsed="0.301585"/>
</kw>
<kw name="Get From List" owner="Collections">
<msg time="2024-08-21T09:51:38.246708" level="INFO">${width_base_s6_u2_result} = FAIL</msg>
<var>${width_base_s6_u2_result}</var>
<arg>${width_base_s6_u2_base}</arg>
<arg>0</arg>
<doc>Returns the value specified with an ``index`` from ``list``.</doc>
<status status="PASS" start="2024-08-21T09:51:38.246708" elapsed="0.000000"/>
</kw>
<kw name="Get From List" owner="Collections">
<msg time="2024-08-21T09:51:38.246708" level="INFO">${width_base_s6_u2_value} = Element with locator '//*[text()='6. หน่วยสินค้า , ขนาด,บาร์โค๊ด รวมแพคกิ้ง']/parent::div/parent::div/following-sibling::*[2]//*[text()='2']/parent::div/following-sibling::*[1]//input[@name='width']' ...</msg>
<var>${width_base_s6_u2_value}</var>
<arg>${width_base_s6_u2_base}</arg>
<arg>1</arg>
<doc>Returns the value specified with an ``index`` from ``list``.</doc>
<status status="PASS" start="2024-08-21T09:51:38.246708" elapsed="0.001308"/>
</kw>
<if>
<branch type="IF" condition="'${width_base_s6_u2_result}' == 'FAIL'">
<kw name="Set Variable" owner="BuiltIn">
<msg time="2024-08-21T09:51:38.248016" level="INFO">${width_base_s6_u2_result} = -</msg>
<var>${width_base_s6_u2_result}</var>
<arg>-</arg>
<doc>Returns the given values which can then be assigned to a variables.</doc>
<status status="PASS" start="2024-08-21T09:51:38.248016" elapsed="0.000000"/>
</kw>
<status status="PASS" start="2024-08-21T09:51:38.248016" elapsed="0.000000"/>
</branch>
<branch type="ELSE">
<kw name="Set Variable" owner="BuiltIn">
<var>${width_base_s6_u2_result}</var>
<arg>${width_base_s6_u2_value}</arg>
<doc>Returns the given values which can then be assigned to a variables.</doc>
<status status="NOT RUN" start="2024-08-21T09:51:38.248016" elapsed="0.000000"/>
</kw>
<status status="NOT RUN" start="2024-08-21T09:51:38.248016" elapsed="0.000000"/>
</branch>
<status status="PASS" start="2024-08-21T09:51:38.248016" elapsed="0.000000"/>
</if>
<kw name="Set Variable" owner="BuiltIn">
<msg time="2024-08-21T09:51:38.249660" level="INFO">${width_base_s6_u2} = -</msg>
<var>${width_base_s6_u2}</var>
<arg>${width_base_s6_u2_result}</arg>
<doc>Returns the given values which can then be assigned to a variables.</doc>
<status status="PASS" start="2024-08-21T09:51:38.249660" elapsed="0.000000"/>
</kw>
<kw name="Run Keyword And Ignore Error" owner="BuiltIn">
<kw name="Get Value" owner="SeleniumLibrary">
<msg time="2024-08-21T09:51:38.534647" level="INFO" html="true">&lt;/td&gt;&lt;/tr&gt;&lt;tr&gt;&lt;td colspan="3"&gt;&lt;a href="selenium-screenshot-2013.png"&gt;&lt;img src="selenium-screenshot-2013.png" width="800px"&gt;&lt;/a&gt;</msg>
<msg time="2024-08-21T09:51:38.534647" level="FAIL">Element with locator '//*[text()='6. หน่วยสินค้า , ขนาด,บาร์โค๊ด รวมแพคกิ้ง']/parent::div/parent::div/following-sibling::*[2]//*[text()='2']/parent::div/following-sibling::*[1]//input[@name='long']' not found.</msg>
<arg>//*[text()='6. หน่วยสินค้า , ขนาด,บาร์โค๊ด รวมแพคกิ้ง']/parent::div/parent::div/following-sibling::*[2]//*[text()='2']/parent::div/following-sibling::*[1]//input[@name='long']</arg>
<doc>Returns the value attribute of the element identified by ``locator``.</doc>
<status status="FAIL" start="2024-08-21T09:51:38.249660" elapsed="0.285998">Element with locator '//*[text()='6. หน่วยสินค้า , ขนาด,บาร์โค๊ด รวมแพคกิ้ง']/parent::div/parent::div/following-sibling::*[2]//*[text()='2']/parent::div/following-sibling::*[1]//input[@name='long']' not found.</status>
</kw>
<msg time="2024-08-21T09:51:38.536966" level="INFO">${long_base_s6_u2_base} = ('FAIL', "Element with locator '//*[text()='6. หน่วยสินค้า , ขนาด,บาร์โค๊ด รวมแพคกิ้ง']/parent::div/parent::div/following-sibling::*[2]//*[text()='2']/parent::div/following-sibling::*[1]//input[@name=...</msg>
<var>${long_base_s6_u2_base}</var>
<arg>Get Value</arg>
<arg>//*[text()='6. หน่วยสินค้า , ขนาด,บาร์โค๊ด รวมแพคกิ้ง']/parent::div/parent::div/following-sibling::*[2]//*[text()='2']/parent::div/following-sibling::*[1]//input[@name='long']</arg>
<doc>Runs the given keyword with the given arguments and ignores possible error.</doc>
<status status="PASS" start="2024-08-21T09:51:38.249660" elapsed="0.287306"/>
</kw>
<kw name="Get From List" owner="Collections">
<msg time="2024-08-21T09:51:38.536966" level="INFO">${long_base_s6_u2_result} = FAIL</msg>
<var>${long_base_s6_u2_result}</var>
<arg>${long_base_s6_u2_base}</arg>
<arg>0</arg>
<doc>Returns the value specified with an ``index`` from ``list``.</doc>
<status status="PASS" start="2024-08-21T09:51:38.536966" elapsed="0.000000"/>
</kw>
[...]
<arg>high_base_s6_u5=${high_base_s6_u5}</arg>
<arg>weight_base_s6_u5=${weight_base_s6_u5}</arg>
<arg>volume_base_s6_u5=${volume_base_s6_u5}</arg>
<arg>units_id_s7_u1=${units_id_s7_u1}</arg>
<arg>width_base_s7_u1=${width_base_s7_u1}</arg>
<arg>long_base_s7_u1=${long_base_s7_u1}</arg>
<arg>high_base_s7_u1=${high_base_s7_u1}</arg>
<arg>weight_base_s7_u1=${weight_base_s7_u1}</arg>
<arg>volume_base_s7_u1=${volume_base_s7_u1}</arg>
<arg>units_id_s7_u2=${units_id_s7_u2}</arg>
<arg>width_base_s7_u2=${width_base_s7_u2}</arg>
<arg>long_base_s7_u2=${long_base_s7_u2}</arg>
<arg>high_base_s7_u2=${high_base_s7_u2}</arg>
<arg>weight_base_s7_u2=${weight_base_s7_u2}</arg>
<arg>volume_base_s7_u2=${volume_base_s7_u2}</arg>
<arg>units_id_s7_u3=${units_id_s7_u3}</arg>
<arg>width_base_s7_u3=${width_base_s7_u3}</arg>
<arg>long_base_s7_u3=${long_base_s7_u3}</arg>
<arg>high_base_s7_u3=${high_base_s7_u3}</arg>
<arg>weight_base_s7_u3=${weight_base_s7_u3}</arg>
<arg>volume_base_s7_u3=${volume_base_s7_u3}</arg>
<arg>units_id_s7_u4=${units_id_s7_u4}</arg>
<arg>width_base_s7_u4=${width_base_s7_u4}</arg>
<arg>long_base_s7_u4=${long_base_s7_u4}</arg>
<arg>high_base_s7_u4=${high_base_s7_u4}</arg>
<arg>weight_base_s7_u4=${weight_base_s7_u4}</arg>
<arg>volume_base_s7_u4=${volume_base_s7_u4}</arg>
<arg>units_id_s7_u5=${units_id_s7_u5}</arg>
<arg>width_base_s7_u5=${width_base_s7_u5}</arg>
<arg>long_base_s7_u5=${long_base_s7_u5}</arg>
<arg>high_base_s7_u5=${high_base_s7_u5}</arg>
<arg>weight_base_s7_u5=${weight_base_s7_u5}</arg>
<arg>volume_base_s7_u5=${volume_base_s7_u5}</arg>
<arg>units_id_section_8=${units_id_section_8}</arg>
<arg>width_section_8=${width_section_8}</arg>
<arg>long_section_8=${long_section_8}</arg>
<arg>high_section_8=${high_section_8}</arg>
<arg>weight_section_8=${weight_section_8}</arg>
<arg>volume_section_8=${volume_section_8}</arg>
<arg>units_id_section_9=${units_id_section_9}</arg>
<arg>arrangement_pattern_section_9=${arrangement_pattern_section_9}</arg>
<arg>cargo_area_section_9=${cargo_area_section_9}</arg>
<arg>stock_show_section_9=${stock_show_section_9}</arg>
<arg>ownership_show_section_9=${ownership_show_section_9}</arg>
<arg>first_sale_date=${first_sale_date}</arg>
<arg>highlight_sell_point=${highlight_sell_point}</arg>
<arg>product_features=${product_features}</arg>
<arg>maintenance=${maintenance}</arg>
<arg>warranty_conditions=${warranty_conditions}</arg>
<arg>usage=${usage}</arg>
<arg>precautions=${precautions}</arg>
<arg>lead_time=${lead_time}</arg>
<arg>return_defective=${return_defective}</arg>
<arg>net_cost_price=${net_cost_price}</arg>
<arg>currency=${currency}</arg>
<doc>Creates and returns a dictionary based on the given ``items``.</doc>
<status status="PASS" start="2024-08-21T09:51:57.539651" elapsed="0.006034"/>
</kw>
<kw name="Replace String" owner="String">
<msg time="2024-08-21T09:51:57.546197" level="INFO">${new_name_th} = QA_Tแอร์ASV-24ESLN SS</msg>
<var>${new_name_th}</var>
<arg>${row['name_th']}</arg>
<arg>,</arg>
<arg>${SPACE}</arg>
<doc>Replaces ``search_for`` in the given ``string`` with ``replace_with``.</doc>
<status status="PASS" start="2024-08-21T09:51:57.546197" elapsed="0.000000"/>
</kw>
<kw name="Replace String" owner="String">
<msg time="2024-08-21T09:51:57.549333" level="INFO">${new_name_en} = QA_Tแอร์ASV-24ESLN SS</msg>
<var>${new_name_en}</var>
<arg>${row['name_en']}</arg>
<arg>,</arg>
<arg>${SPACE}</arg>
<doc>Replaces ``search_for`` in the given ``string`` with ``replace_with``.</doc>
<status status="PASS" start="2024-08-21T09:51:57.546197" elapsed="0.003136"/>
</kw>
<kw name="Replace String" owner="String">
<msg time="2024-08-21T09:51:57.549333" level="INFO">${new_MC5} = DOB050301: แอร์18 000BTU ON-OFF</msg>
<var>${new_MC5}</var>
<arg>${row['merc_category_MC5']}</arg>
<arg>,</arg>
<arg>${SPACE}</arg>
<doc>Replaces ``search_for`` in the given ``string`` with ``replace_with``.</doc>
<status status="PASS" start="2024-08-21T09:51:57.549333" elapsed="0.000000"/>
</kw>
<kw name="Replace String" owner="String">
<msg time="2024-08-21T09:51:57.552991" level="INFO">${new_net_cost_price} = 29523.6</msg>
<var>${new_net_cost_price}</var>
<arg>${row['net_cost_price']}</arg>
<arg>,</arg>
<arg>${SPACE}</arg>
<doc>Replaces ``search_for`` in the given ``string`` with ``replace_with``.</doc>
<status status="PASS" start="2024-08-21T09:51:57.549333" elapsed="0.003658"/>
</kw>
<kw name="Set Variable" owner="BuiltIn">
<msg time="2024-08-21T09:51:57.554508" level="INFO">${header_art} = 10337199, QA_Tแอร์ASV-24ESLN SS, QA_Tแอร์ASV-24ESLN SS, QA_Tแอร์ASV-24ESLN SS</msg>
<var>${header_art}</var>
<arg>${row['article_no']}, ${new_name_th}, ${new_name_en}, ${row['name_en']}</arg>
<doc>Returns the given values which can then be assigned to a variables.</doc>
<status status="PASS" start="2024-08-21T09:51:57.554005" elapsed="0.000503"/>
</kw>
<kw name="Set Variable" owner="BuiltIn">
<msg time="2024-08-21T09:51:57.561012" level="INFO">${section_1_1} = 00: Single article, DOB: เครื่องใช้ไฟฟ้าใหญ่, DOB050301: แอร์18 000BTU ON-OFF, 00: Common Division, 1: 'A' Article, 2: Do home, ZAWA: Trading Goods DoHome, 3100: Trading goods</msg>
<var>${section_1_1}</var>
<arg>${row['article_category']}, ${row['merc_category_MC2']}, ${new_MC5}, ${row['division_type']}, ${row['artl_statistics_grp']}, ${row['astmt_list_type']}, ${row['material_type']}, ${row['valuation_class']}</arg>
<doc>Returns the given values which can then be assigned to a variables.</doc>
<status status="PASS" start="2024-08-21T09:51:57.554508" elapsed="0.006504"/>
</kw>
<kw name="Set Variable" owner="BuiltIn">
<msg time="2024-08-21T09:51:57.571474" level="INFO">${section_1_2} = QA_Tแอร์ASV-24ESLN SS, QA_คปอก-ซซ-24000-ASV-24ESLN, QA_Tแอร์ASV-24ESLN SS, Tแอร์ASV-24ESLN SS, A062: อายิโนะโมะโต๊ะ, -, 03: ไม่ต้อง pack, 03: ไม่ต้องแปรสภาพ, TH: ประเทศไทย</msg>
<var>${section_1_2}</var>
<arg>${row['e_comm_name_th']}, ${row['search_word']}, ${row['search_remark']}, ${row['product_model']}, ${row['brand_id']}, ${row['old_article']}, ${row['repack']}, ${row['product_transform']}, ${row['country_of_region']}</arg>
<doc>Returns the given values which can then be assigned to a variables.</doc>
<status status="PASS" start="2024-08-21T09:51:57.561012" elapsed="0.016466"/>
</kw>
<kw name="Set Variable" owner="BuiltIn">
<msg time="2024-08-21T09:51:57.579451" level="INFO">${section_1_3} = , 01: Non House brand, Z1: ผลิตในประเทศ, HBNTM: สินค้า HB ไม่มี Trademark</msg>
<var>${section_1_3}</var>
<arg>${row['regions_origin']}, ${row['hb_nonhb']}, ${row['production']}, ${row['tradmark']}</arg>
<doc>Returns the given values which can then be assigned to a variables.</doc>
<status status="PASS" start="2024-08-21T09:51:57.577478" elapsed="0.001973"/>
</kw>
<kw name="Set Variable" owner="BuiltIn">
<msg time="2024-08-21T09:51:57.579451" level="INFO">${section_2} = None, None</msg>
<var>${section_2}</var>
<arg>${row['tot_shelf_life']}, ${row['rem_shelf_life']}</arg>
<doc>Returns the given values which can then be assigned to a variables.</doc>
<status status="PASS" start="2024-08-21T09:51:57.579451" elapsed="0.000000"/>
</kw>
<kw name="Set Variable" owner="BuiltIn">
<msg time="2024-08-21T09:51:57.588285" level="INFO">${section_3} = I: InActive, 5: หมดเลิกขาย, : , 01: Core, 03: สินค้าทั่วไป, 05: ไม่มีเทรน</msg>
<var>${section_3}</var>
<arg>${row['product_status']}, ${row['abc_indicator']}, ${row['product_sub_indicator']}, ${row['product_role']}, ${row['product_sub_role']}, ${row['product_trend']}</arg>
<doc>Returns the given values which can then be assigned to a variables.</doc>
<status status="PASS" start="2024-08-21T09:51:57.579451" elapsed="0.008834"/>
</kw>
<kw name="Set Variable" owner="BuiltIn">
<msg time="2024-08-21T09:51:57.603472" level="INFO">${section_4} = 1000034: ทองหยิบ นามสมมุติ, , , , 134: คุณภคพร, , </msg>
<var>${section_4}</var>
<arg>${row['head_purchaser_group_no']}, ${row['head_import_purchase']}, ${row['head_im']}, ${row['shipping_group']}, ${row['purchaser_group_no']}, ${row['import_purchase']}, ${row['im_group']}</arg>
<doc>Returns the given values which can then be assigned to a variables.</doc>
<status status="PASS" start="2024-08-21T09:51:57.588285" elapsed="0.015187"/>
</kw>
<kw name="Set Variable" owner="BuiltIn">
<msg time="2024-08-21T09:51:57.611563" level="INFO">${section_5} = 02: Individ.requirements, NORM: Standard item, 1: Full tax, ZSD1: Serial SD Sell only, , Z1: 1010 คลังรวม / R, 1010: คลังรวม</msg>
<var>${section_5}</var>
<arg>${row['avail_check']}, ${row['gen_item_cat_grp']}, ${row['tax_class']}, ${row['serial_number_profile']}, ${row['merchandise_category3']}, ${row['stor_condition']}, ${row['loading_group']}</arg>
<doc>Returns the given values which can then be assigned to a variables.</doc>
<status status="PASS" start="2024-08-21T09:51:57.603472" elapsed="0.010595"/>
</kw>
<kw name="Set Variable" owner="BuiltIn">
<msg time="2024-08-21T09:51:57.628150" level="INFO">${section_6_unit_1} = MC: เครื่อง,1,MC: เครื่อง,1,77982097011,20,20,20,8000,2</msg>
<var>${section_6_unit_1}</var>
<arg>${row['units_id_s6_u1']},${row['rate_unit_base_s6_u1']},${row['units_sale_id_s6_u1']},${row['rate_unit_code_s6_u1']},${row['barcode_no_s6_u1']},${row['width_base_s6_u1']},${row['long_base_s6_u1']},${row['high_base_s6_u1']},${row['volume_base_s6_u1']},${row['weight_base_s6_u1']}</arg>
<doc>Returns the given values which can then be assigned to a variables.</doc>
<status status="PASS" start="2024-08-21T09:51:57.614067" elapsed="0.014083"/>
</kw>
<kw name="Set Variable" owner="BuiltIn">
<msg time="2024-08-21T09:51:57.636390" level="INFO">${section_6_unit_2} = -,-,-,-,-,-,-,-,-,-</msg>
<var>${section_6_unit_2}</var>
<arg>${row['units_id_s6_u2']},${row['rate_unit_base_s6_u2']},${row['units_sale_id_s6_u2']},${row['rate_unit_code_s6_u2']},${row['barcode_no_s6_u2']},${row['width_base_s6_u2']},${row['long_base_s6_u2']},${row['high_base_s6_u2']},${row['volume_base_s6_u2']},${row['weight_base_s6_u2']}</arg>
<doc>Returns the given values which can then be assigned to a variables.</doc>
<status status="PASS" start="2024-08-21T09:51:57.628150" elapsed="0.008240"/>
</kw>
<kw name="Set Variable" owner="BuiltIn">
<msg time="2024-08-21T09:51:57.663423" level="INFO">${section_6_unit_3} = -,-,-,-,-,-,-,-,-,-</msg>
<var>${section_6_unit_3}</var>
<arg>${row['units_id_s6_u3']},${row['rate_unit_base_s6_u3']},${row['units_sale_id_s6_u3']},${row['rate_unit_code_s6_u3']},${row['barcode_no_s6_u3']},${row['width_base_s6_u3']},${row['long_base_s6_u3']},${row['high_base_s6_u3']},${row['volume_base_s6_u3']},${row['weight_base_s6_u3']}</arg>
<doc>Returns the given values which can then be assigned to a variables.</doc>
<status status="PASS" start="2024-08-21T09:51:57.636390" elapsed="0.027033"/>
</kw>
<kw name="Set Variable" owner="BuiltIn">
<msg time="2024-08-21T09:51:57.678727" level="INFO">${section_6_unit_4} = -,-,-,-,-,-,-,-,-,-</msg>
<var>${section_6_unit_4}</var>
<arg>${row['units_id_s6_u4']},${row['rate_unit_base_s6_u4']},${row['units_sale_id_s6_u4']},${row['rate_unit_code_s6_u4']},${row['barcode_no_s6_u4']},${row['width_base_s6_u4']},${row['long_base_s6_u4']},${row['high_base_s6_u4']},${row['volume_base_s6_u4']},${row['weight_base_s6_u4']}</arg>
<doc>Returns the given values which can then be assigned to a variables.</doc>
<status status="PASS" start="2024-08-21T09:51:57.663423" elapsed="0.015816"/>
</kw>
<kw name="Set Variable" owner="BuiltIn">
<msg time="2024-08-21T09:51:57.687370" level="INFO">${section_6_unit_5} = -,-,-,-,-,-,-,-,-,-</msg>
<var>${section_6_unit_5}</var>
<arg>${row['units_id_s6_u5']},${row['rate_unit_base_s6_u5']},${row['units_sale_id_s6_u5']},${row['rate_unit_code_s6_u5']},${row['barcode_no_s6_u5']},${row['width_base_s6_u5']},${row['long_base_s6_u5']},${row['high_base_s6_u5']},${row['volume_base_s6_u5']},${row['weight_base_s6_u5']}</arg>
<doc>Returns the given values which can then be assigned to a variables.</doc>
<status status="PASS" start="2024-08-21T09:51:57.679239" elapsed="0.008131"/>
</kw>
<kw name="Set Variable" owner="BuiltIn">
<msg time="2024-08-21T09:51:57.695804" level="INFO">${section_7_unit_1} = MC: เครื่อง,20,20,20,8000,2</msg>
<var>${section_7_unit_1}</var>
<arg>${row['units_id_s7_u1']},${row['width_base_s7_u1']},${row['long_base_s7_u1']},${row['high_base_s7_u1']},${row['volume_base_s7_u1']},${row['weight_base_s7_u1']}</arg>
<doc>Returns the given values which can then be assigned to a variables.</doc>
<status status="PASS" start="2024-08-21T09:51:57.687370" elapsed="0.008434"/>
</kw>
<kw name="Set Variable" owner="BuiltIn">
<msg time="2024-08-21T09:51:57.713539" level="INFO">${section_7_unit_2} = ('FAIL', "Element with locator '//*[text()='7. หน่วยสินค้า , ขนาด,บาร์โค๊ด ไม่รวมแพคกิ้ง']/parent::div/parent::div/following-sibling::*[2]//*[text()='2']/parent::div//input[@name='units_id']' not foun...</msg>
<var>${section_7_unit_2}</var>
<arg>${row['units_id_s7_u2']},${row['width_base_s7_u2']},${row['long_base_s7_u2']},${row['high_base_s7_u2']},${row['volume_base_s7_u2']},${row['weight_base_s7_u2']}</arg>
<doc>Returns the given values which can then be assigned to a variables.</doc>
<status status="PASS" start="2024-08-21T09:51:57.695804" elapsed="0.017735"/>
</kw>
<kw name="Set Variable" owner="BuiltIn">
<msg time="2024-08-21T09:51:57.720282" level="INFO">${section_7_unit_3} = ('FAIL', "Element with locator '//*[text()='7. หน่วยสินค้า , ขนาด,บาร์โค๊ด ไม่รวมแพคกิ้ง']/parent::div/parent::div/following-sibling::*[2]//*[text()='3']/parent::div//input[@name='units_id']' not foun...</msg>
<var>${section_7_unit_3}</var>
<arg>${row['units_id_s7_u3']},${row['width_base_s7_u3']},${row['long_base_s7_u3']},${row['high_base_s7_u3']},${row['volume_base_s7_u3']},${row['weight_base_s7_u3']}</arg>
<doc>Returns the given values which can then be assigned to a variables.</doc>
<status status="PASS" start="2024-08-21T09:51:57.713539" elapsed="0.006743"/>
</kw>
<kw name="Set Variable" owner="BuiltIn">
<msg time="2024-08-21T09:51:57.731877" level="INFO">${section_7_unit_4} = ('FAIL', "Element with locator '//*[text()='7. หน่วยสินค้า , ขนาด,บาร์โค๊ด ไม่รวมแพคกิ้ง']/parent::div/parent::div/following-sibling::*[2]//*[text()='4']/parent::div//input[@name='units_id']' not foun...</msg>
<var>${section_7_unit_4}</var>
<arg>${row['units_id_s7_u4']},${row['width_base_s7_u4']},${row['long_base_s7_u4']},${row['high_base_s7_u4']},${row['volume_base_s7_u4']},${row['weight_base_s7_u4']}</arg>
<doc>Returns the given values which can then be assigned to a variables.</doc>
<status status="PASS" start="2024-08-21T09:51:57.720282" elapsed="0.011595"/>
</kw>
<kw name="Set Variable" owner="BuiltIn">
<msg time="2024-08-21T09:51:57.741327" level="INFO">${section_7_unit_5} = ('FAIL', "Element with locator '//*[text()='7. หน่วยสินค้า , ขนาด,บาร์โค๊ด ไม่รวมแพคกิ้ง']/parent::div/parent::div/following-sibling::*[2]//*[text()='5']/parent::div//input[@name='units_id']' not foun...</msg>
<var>${section_7_unit_5}</var>
<arg>${row['units_id_s7_u5']},${row['width_base_s7_u5']},${row['long_base_s7_u5']},${row['high_base_s7_u5']},${row['volume_base_s7_u5']},${row['weight_base_s7_u5']}</arg>
<doc>Returns the given values which can then be assigned to a variables.</doc>
<status status="PASS" start="2024-08-21T09:51:57.731877" elapsed="0.009450"/>
</kw>
<kw name="Set Variable" owner="BuiltIn">
<msg time="2024-08-21T09:51:57.743368" level="INFO">${section_12} = 2024-08-01</msg>
<var>${section_12}</var>
<arg>${row['first_sale_date']}</arg>
<doc>Returns the given values which can then be assigned to a variables.</doc>
<status status="PASS" start="2024-08-21T09:51:57.741327" elapsed="0.002041"/>
</kw>
<kw name="Set Variable" owner="BuiltIn">
<msg time="2024-08-21T09:51:57.750125" level="INFO">${section_14} = -, -, -, -, -, -</msg>
<var>${section_14}</var>
<arg>${row['highlight_sell_point']}, ${row['product_features']}, ${row['maintenance']}, ${row['warranty_conditions']}, ${row['usage']}, ${row['precautions']}</arg>
<doc>Returns the given values which can then be assigned to a variables.</doc>
<status status="PASS" start="2024-08-21T09:51:57.743368" elapsed="0.006757"/>
</kw>
<kw name="Set Variable" owner="BuiltIn">
<msg time="2024-08-21T09:51:57.752409" level="INFO">${tap_purchaser} = 7, 6: คืนได้ - ส่งรถโรงงาน-รอCN, 29523.6, THB: Thailand Baht</msg>
<var>${tap_purchaser}</var>
<arg>${row['lead_time']}, ${row['return_defective']}, ${row['net_cost_price']}, ${row['currency']}</arg>
<doc>Returns the given values which can then be assigned to a variables.</doc>
<status status="PASS" start="2024-08-21T09:51:57.750125" elapsed="0.002284"/>
</kw>
<kw name="Set Variable" owner="BuiltIn">
<msg time="2024-08-21T09:51:57.752409" level="INFO">${data_section_1} = 00: Single article, DOB: เครื่องใช้ไฟฟ้าใหญ่, DOB050301: แอร์18 000BTU ON-OFF, 00: Common Division, 1: 'A' Article, 2: Do home, ZAWA: Trading Goods DoHome, 3100: Trading goods,2024-08-01,, 01: Non Hou...</msg>
<var>${data_section_1}</var>
<arg>${section_1_1},${section_1_2},${section_1_3}</arg>
<doc>Returns the given values which can then be assigned to a variables.</doc>
<status status="PASS" start="2024-08-21T09:51:57.752409" elapsed="0.006014"/>
</kw>
<kw name="Set Variable" owner="BuiltIn">
<msg time="2024-08-21T09:51:57.758567" level="INFO">${data_section_6} = MC: เครื่อง,1,MC: เครื่อง,1,77982097011,20,20,20,8000,2,-,-,-,-,-,-,-,-,-,-,-,-,-,-,-,-,-,-,-,-,-,-,-,-,-,-,-,-,-,-,-,-,-,-,-,-,-,-,-,-</msg>
<var>${data_section_6}</var>
<arg>${section_6_unit_1},${section_6_unit_2},${section_6_unit_3},${section_6_unit_4},${section_6_unit_5}</arg>
<doc>Returns the given values which can then be assigned to a variables.</doc>
<status status="PASS" start="2024-08-21T09:51:57.758567" elapsed="0.000000"/>
</kw>
<kw name="Set Variable" owner="BuiltIn">
<msg time="2024-08-21T09:51:57.759582" level="INFO">${data_section_7} = MC: เครื่อง,20,20,20,8000,2,('FAIL', "Element with locator '//*[text()='7. หน่วยสินค้า , ขนาด,บาร์โค๊ด ไม่รวมแพคกิ้ง']/parent::div/parent::div/following-sibling::*[2]//*[text()='2']/parent::div//input...</msg>
<var>${data_section_7}</var>
<arg>${section_7_unit_1},${section_7_unit_2},${section_7_unit_3},${section_7_unit_4},${section_7_unit_5}</arg>
<doc>Returns the given values which can then be assigned to a variables.</doc>
<status status="PASS" start="2024-08-21T09:51:57.758567" elapsed="0.001015"/>
</kw>
<kw name="Set Variable" owner="BuiltIn">
<msg time="2024-08-21T09:51:57.760086" level="INFO">${data_article} = MC: เครื่อง,1,MC: เครื่อง,1,77982097011,20,20,20,8000,2,-,-,-,-,-,-,-,-,-,-,-,-,-,-,-,-,-,-,-,-,-,-,-,-,-,-,-,-,-,-,-,-,-,-,-,-,-,-,-,-</msg>
<var>${data_article}</var>
<arg>${data_section_6}</arg>
<doc>Returns the given values which can then be assigned to a variables.</doc>
<status status="PASS" start="2024-08-21T09:51:57.759582" elapsed="0.000504"/>
</kw>
<kw name="Append To File" owner="OperatingSystem">
<msg time="2024-08-21T09:51:57.760086" level="INFO" html="true">Appended to file '&lt;a href="file://C:\Automate\Web\Get_value_art\resources\get_value_art.csv"&gt;C:\Automate\Web\Get_value_art\resources\get_value_art.csv&lt;/a&gt;'.</msg>
<arg>${value_art}</arg>
<arg>${data_article}\n</arg>
<doc>Appends the given content to the specified file.</doc>
<status status="PASS" start="2024-08-21T09:51:57.760086" elapsed="0.000000"/>
</kw>
<arg>id=10337199</arg>
<status status="PASS" start="2024-08-21T09:51:11.528600" elapsed="46.231486"/>
</kw>
<kw name="Close All Browsers" owner="SeleniumLibrary" type="TEARDOWN">
<doc>Closes all open browsers and resets the browser cache.</doc>
<status status="PASS" start="2024-08-21T09:51:57.760086" elapsed="6.515250"/>
</kw>
<status status="PASS" start="2024-08-21T09:50:42.656171" elapsed="81.620364"/>
</test>
<status status="PASS" start="2024-08-21T09:50:41.934036" elapsed="82.344031"/>
</suite>
<statistics>
<total>
<stat pass="1" fail="0" skip="0">All Tests</stat>
</total>
<tag>
</tag>
<suite>
<stat pass="1" fail="0" skip="0" id="s1" name="Get value art">Get value art</stat>
</suite>
</statistics>
<errors>
</errors>
</robot>
