<?xml version="1.0" encoding="UTF-8"?>
<robot generator="Robot 7.0.1 (Python 3.12.4 on win32)" generated="2024-08-21T11:31:18.714614" rpa="false" schemaversion="5">
<suite id="s1" name="Get value art" source="c:\Automate\Web\Get_value_art\testcases\Get_value_art.robot">
<test id="s1-t1" name="Create clone art" line="26">
<kw name="Login dohome and click web art(Create)" owner="common_art" type="SETUP">
<kw name="Open browser web url" owner="common_art">
<kw name="Open Browser" owner="SeleniumLibrary">
<msg time="2024-08-21T11:31:19.501072" level="INFO">Opening browser 'headlesschrome' to base url 'https://web-dohome-center-uat.dohome.technology/app/home'.</msg>
<arg>${url}</arg>
<arg>browser=${browserName}</arg>
<arg>options=binary_location=r"C:\\chrome-win64\\chrome.exe"</arg>
<doc>Opens a new browser instance to the optional ``url``.</doc>
<status status="PASS" start="2024-08-21T11:31:19.501072" elapsed="2.693785"/>
</kw>
<arg>${url_dohome}</arg>
<arg>headlesschrome</arg>
<status status="PASS" start="2024-08-21T11:31:19.495339" elapsed="2.699518"/>
</kw>
<kw name="Set Window Size" owner="SeleniumLibrary">
<arg>1920</arg>
<arg>1080</arg>
<doc>Sets current windows size to given ``width`` and ``height``.</doc>
<status status="PASS" start="2024-08-21T11:31:22.194857" elapsed="0.039996"/>
</kw>
<kw name="Wait Until Keyword Succeeds" owner="BuiltIn">
<kw name="Wait Until Element Contains" owner="SeleniumLibrary">
<arg>//button[text()='เข้าสู่ระบบ']</arg>
<arg>เข้าสู่ระบบ</arg>
<doc>Waits until the element ``locator`` contains ``text``.</doc>
<status status="PASS" start="2024-08-21T11:31:22.234853" elapsed="0.945102"/>
</kw>
<arg>5x</arg>
<arg>2s</arg>
<arg>Wait Until Element Contains</arg>
<arg>//button[text()='เข้าสู่ระบบ']</arg>
<arg>เข้าสู่ระบบ</arg>
<doc>Runs the specified keyword and retries if it fails.</doc>
<status status="PASS" start="2024-08-21T11:31:22.234853" elapsed="0.945102"/>
</kw>
<kw name="Wait Until Keyword Succeeds" owner="BuiltIn">
<kw name="Click Element with Delay" owner="common_art">
<kw name="Click Element" owner="SeleniumLibrary">
<msg time="2024-08-21T11:31:23.184462" level="INFO">Clicking element '//button[text()='เข้าสู่ระบบ']'.</msg>
<arg>${locator}</arg>
<doc>Click the element identified by ``locator``.</doc>
<status status="PASS" start="2024-08-21T11:31:23.184462" elapsed="0.290568"/>
</kw>
<kw name="Sleep" owner="BuiltIn">
<msg time="2024-08-21T11:31:24.477931" level="INFO">Slept 1 second.</msg>
<arg>1s</arg>
<doc>Pauses the test executed for the given time.</doc>
<status status="PASS" start="2024-08-21T11:31:23.477809" elapsed="1.000122"/>
</kw>
<arg>//button[text()='เข้าสู่ระบบ']</arg>
<status status="PASS" start="2024-08-21T11:31:23.179955" elapsed="1.297976"/>
</kw>
<arg>5x</arg>
<arg>2s</arg>
<arg>Click Element with Delay</arg>
<arg>//button[text()='เข้าสู่ระบบ']</arg>
<doc>Runs the specified keyword and retries if it fails.</doc>
<status status="PASS" start="2024-08-21T11:31:23.179955" elapsed="1.297976"/>
</kw>
<kw name="Wait Until Keyword Succeeds" owner="BuiltIn">
<kw name="Wait Until Element Contains" owner="SeleniumLibrary">
<arg>//*[@class="text-2xl text-primary font-bold"]</arg>
<arg>เข้าสู่ระบบ</arg>
<doc>Waits until the element ``locator`` contains ``text``.</doc>
<status status="PASS" start="2024-08-21T11:31:24.479192" elapsed="0.909806"/>
</kw>
<arg>5x</arg>
<arg>2s</arg>
<arg>Wait Until Element Contains</arg>
<arg>//*[@class="text-2xl text-primary font-bold"]</arg>
<arg>เข้าสู่ระบบ</arg>
<doc>Runs the specified keyword and retries if it fails.</doc>
<status status="PASS" start="2024-08-21T11:31:24.479192" elapsed="0.912819"/>
</kw>
<kw name="Wait Until Keyword Succeeds" owner="BuiltIn">
<kw name="Click Element with Delay" owner="common_art">
<kw name="Click Element" owner="SeleniumLibrary">
<msg time="2024-08-21T11:31:25.392011" level="INFO">Clicking element '//input[@name="username"]'.</msg>
<arg>${locator}</arg>
<doc>Click the element identified by ``locator``.</doc>
<status status="PASS" start="2024-08-21T11:31:25.392011" elapsed="0.075095"/>
</kw>
<kw name="Sleep" owner="BuiltIn">
<msg time="2024-08-21T11:31:26.467674" level="INFO">Slept 1 second.</msg>
<arg>1s</arg>
<doc>Pauses the test executed for the given time.</doc>
<status status="PASS" start="2024-08-21T11:31:25.467106" elapsed="1.000568"/>
</kw>
<arg>//input[@name="username"]</arg>
<status status="PASS" start="2024-08-21T11:31:25.392011" elapsed="1.075663"/>
</kw>
<arg>5x</arg>
<arg>2s</arg>
<arg>Click Element with Delay</arg>
<arg>//input[@name="username"]</arg>
<doc>Runs the specified keyword and retries if it fails.</doc>
<status status="PASS" start="2024-08-21T11:31:25.392011" elapsed="1.075663"/>
</kw>
<kw name="Wait Until Keyword Succeeds" owner="BuiltIn">
<kw name="Input Text with Delay" owner="common_art">
<kw name="Input Text" owner="SeleniumLibrary">
<msg time="2024-08-21T11:31:26.468698" level="INFO">Typing text '123456' into text field '//input[@name="username"]'.</msg>
<arg>${locator}</arg>
<arg>${text}</arg>
<doc>Types the given ``text`` into the text field identified by ``locator``.</doc>
<status status="PASS" start="2024-08-21T11:31:26.468698" elapsed="0.091840"/>
</kw>
<kw name="Sleep" owner="BuiltIn">
<msg time="2024-08-21T11:31:28.060982" level="INFO">Slept 1 second 500 milliseconds.</msg>
<arg>1.5s</arg>
<doc>Pauses the test executed for the given time.</doc>
<status status="PASS" start="2024-08-21T11:31:26.560538" elapsed="1.500444"/>
</kw>
<arg>//input[@name="username"]</arg>
<arg>${user_create}</arg>
<status status="PASS" start="2024-08-21T11:31:26.468698" elapsed="1.592284"/>
</kw>
<arg>5x</arg>
<arg>2s</arg>
<arg>Input Text with Delay</arg>
<arg>//input[@name="username"]</arg>
<arg>${user_create}</arg>
<doc>Runs the specified keyword and retries if it fails.</doc>
<status status="PASS" start="2024-08-21T11:31:26.467674" elapsed="1.593308"/>
</kw>
<kw name="Wait Until Keyword Succeeds" owner="BuiltIn">
<kw name="Click Element with Delay" owner="common_art">
<kw name="Click Element" owner="SeleniumLibrary">
<msg time="2024-08-21T11:31:28.060982" level="INFO">Clicking element '//input[@name="password"]'.</msg>
<arg>${locator}</arg>
<doc>Click the element identified by ``locator``.</doc>
<status status="PASS" start="2024-08-21T11:31:28.060982" elapsed="0.073938"/>
</kw>
<kw name="Sleep" owner="BuiltIn">
<msg time="2024-08-21T11:31:29.135139" level="INFO">Slept 1 second.</msg>
<arg>1s</arg>
<doc>Pauses the test executed for the given time.</doc>
<status status="PASS" start="2024-08-21T11:31:28.134920" elapsed="1.000219"/>
</kw>
<arg>//input[@name="password"]</arg>
<status status="PASS" start="2024-08-21T11:31:28.060982" elapsed="1.074157"/>
</kw>
<arg>5x</arg>
<arg>2s</arg>
<arg>Click Element with Delay</arg>
<arg>//input[@name="password"]</arg>
<doc>Runs the specified keyword and retries if it fails.</doc>
<status status="PASS" start="2024-08-21T11:31:28.060982" elapsed="1.075201"/>
</kw>
<kw name="Wait Until Keyword Succeeds" owner="BuiltIn">
<kw name="Input Text with Delay" owner="common_art">
<kw name="Input Text" owner="SeleniumLibrary">
<msg time="2024-08-21T11:31:29.137232" level="INFO">Typing text 'D0h0me*1' into text field '//input[@name="password"]'.</msg>
<arg>${locator}</arg>
<arg>${text}</arg>
<doc>Types the given ``text`` into the text field identified by ``locator``.</doc>
<status status="PASS" start="2024-08-21T11:31:29.137232" elapsed="0.096303"/>
</kw>
<kw name="Sleep" owner="BuiltIn">
<msg time="2024-08-21T11:31:30.735785" level="INFO">Slept 1 second 500 milliseconds.</msg>
<arg>1.5s</arg>
<doc>Pauses the test executed for the given time.</doc>
<status status="PASS" start="2024-08-21T11:31:29.234767" elapsed="1.501529"/>
</kw>
<arg>//input[@name="password"]</arg>
<arg>${pass}</arg>
<status status="PASS" start="2024-08-21T11:31:29.136715" elapsed="1.599581"/>
</kw>
<arg>5x</arg>
<arg>2s</arg>
<arg>Input Text with Delay</arg>
<arg>//input[@name="password"]</arg>
<arg>${pass}</arg>
<doc>Runs the specified keyword and retries if it fails.</doc>
<status status="PASS" start="2024-08-21T11:31:29.136183" elapsed="1.600113"/>
</kw>
<kw name="Wait Until Keyword Succeeds" owner="BuiltIn">
<kw name="Click Element with Delay" owner="common_art">
<kw name="Click Element" owner="SeleniumLibrary">
<msg time="2024-08-21T11:31:30.736296" level="INFO">Clicking element '//button[@type="submit"][ text()='เข้าสู่ระบบ']'.</msg>
<arg>${locator}</arg>
<doc>Click the element identified by ``locator``.</doc>
<status status="PASS" start="2024-08-21T11:31:30.736296" elapsed="0.085535"/>
</kw>
<kw name="Sleep" owner="BuiltIn">
<msg time="2024-08-21T11:31:31.824568" level="INFO">Slept 1 second.</msg>
<arg>1s</arg>
<doc>Pauses the test executed for the given time.</doc>
<status status="PASS" start="2024-08-21T11:31:30.824442" elapsed="1.000126"/>
</kw>
<arg>//button[@type="submit"][ text()='เข้าสู่ระบบ']</arg>
<status status="PASS" start="2024-08-21T11:31:30.736296" elapsed="1.088272"/>
</kw>
<arg>5x</arg>
<arg>2s</arg>
<arg>Click Element with Delay</arg>
<arg>//button[@type="submit"][ text()='เข้าสู่ระบบ']</arg>
<doc>Runs the specified keyword and retries if it fails.</doc>
<status status="PASS" start="2024-08-21T11:31:30.736296" elapsed="1.088272"/>
</kw>
<kw name="Wait Until Keyword Succeeds" owner="BuiltIn">
<kw name="Click Element with Delay" owner="common_art">
<kw name="Click Element" owner="SeleniumLibrary">
<msg time="2024-08-21T11:31:31.824568" level="INFO">Clicking element '//*[@aria-label="ระบบจัดการข้อมูลสินค้า"]'.</msg>
<msg time="2024-08-21T11:31:33.695369" level="INFO" html="true">&lt;/td&gt;&lt;/tr&gt;&lt;tr&gt;&lt;td colspan="3"&gt;&lt;a href="selenium-screenshot-2415.png"&gt;&lt;img src="selenium-screenshot-2415.png" width="800px"&gt;&lt;/a&gt;</msg>
<msg time="2024-08-21T11:31:33.695369" level="FAIL">ElementClickInterceptedException: Message: element click intercepted: Element &lt;a class="relative inline-flex items-center tap-highlight-transparent outline-none data-[focus-visible=true]:z-10 data-[focus-visible=true]:outline-2 data-[focus-visible=true]:outline-focus data-[focus-visible=true]:outline-offset-2 no-underline hover:opacity-80 active:opacity-disabled transition-opacity text-xs line-clamp-1 text-primary" aria-label="ระบบจัดการข้อมูลสินค้า" role="link" href="https://web-article-master-uat.dohome.technology/?i=a2d7f7563c2878a5daaadf42930cf2b2b6337b981c10fe617fe50df0deda7a83EDEAeX+6KZhFSZLVdN7SqnVJM5Idc/e0hr3bhBTibgVwHBA3VVrof/rA4dvnAkKjKxGmvHAb+5Fi0JYX1+KUTcf3WrGNUPaKrhkM+7EHpyY9m/G2kc+Ls88LVq76zU4rm+kJdkokNBVGOcx9ulk2O8jsX5TAUd9k2Y3VjhAXN/VA03E6RVjN6pBynSqQ3tSdpRMSJ6kB3ZKxmn2sw/mMsvFqqPWLCFn2CmHgXKR4m3p5IrDxoz6iV7fW62byGLVVak9wRQN9n8KM1ulfJ4IAQ1LElVDuYHGxRC1LBgDUKviPPBiu2AsTXmgW6bTbQdSxmPO/LNSyCezh2ZWbLmkCgLm5UOQ+TmOTXbcKACWteCHlsg7VE5lsRrUMXB9Bug78IsyJM+SWTUMeqJJVNrNRgdY5f9kW5v2vGE8yk8ntGZQwX6tka4Ugq3TbQxlS4bIs" target="_blank" tabindex="0"&gt;...&lt;/a&gt; is not clickable at point (943, 977). Other element would receive the click: &lt;div class="flex w-screen h-[100dvh] fixed inset-0 z-50 overflow-x-auto justify-center [--scale-enter:100%] [--scale-exit:100%] [--slide-enter:0px] [--slide-exit:80px] sm:[--scale-enter:100%] sm:[--scale-exit:103%] sm:[--slide-enter:0px] sm:[--slide-exit:0px] items-end sm:items-center" style="opacity: 1; transform: translateY(0px) scale(1.00187) translateZ(0px);"&gt;...&lt;/div&gt;
  (Session info: chrome=127.0.6533.88)
Stacktrace:
	GetHandleVerifier [0x00007FF745CD9632+30946]
	(No symbol) [0x00007FF745C8E3C9]
	(No symbol) [0x00007FF745B86FDA]
	(No symbol) [0x00007FF745BDFEEE]
	(No symbol) [0x00007FF745BDD962]
	(No symbol) [0x00007FF745BDAE7B]
	(No symbol) [0x00007FF745BDA095]
	(No symbol) [0x00007FF745BCC271]
	(No symbol) [0x00007FF745BFCA6A]
	(No symbol) [0x00007FF745BCBBB6]
	(No symbol) [0x00007FF745BFCC80]
	(No symbol) [0x00007FF745C1B041]
	(No symbol) [0x00007FF745BFC813]
	(No symbol) [0x00007FF745BCA6E5]
	(No symbol) [0x00007FF745BCB021]
	GetHandleVerifier [0x00007FF745E0F83D+1301229]
	GetHandleVerifier [0x00007FF745E1BDB7+1351783]
	GetHandleVerifier [0x00007FF745E12A03+1313971]
	GetHandleVerifier [0x00007FF745D0DD06+245686]
	(No symbol) [0x00007FF745C9758F]
	(No symbol) [0x00007FF745C93804]
	(No symbol) [0x00007FF745C93992]
	(No symbol) [0x00007FF745C8A3EF]
	BaseThreadInitThunk [0x00007FFC9BEA257D+29]
	RtlUserThreadStart [0x00007FFC9CA4AF28+40]
</msg>
<arg>${locator}</arg>
<doc>Click the element identified by ``locator``.</doc>
<status status="FAIL" start="2024-08-21T11:31:31.824568" elapsed="1.878255">ElementClickInterceptedException: Message: element click intercepted: Element &lt;a class="relative inline-flex items-center tap-highlight-transparent outline-none data-[focus-visible=true]:z-10 data-[focus-visible=true]:outline-2 data-[focus-visible=true]:outline-focus data-[focus-visible=true]:outline-offset-2 no-underline hover:opacity-80 active:opacity-disabled transition-opacity text-xs line-clamp-1 text-primary" aria-label="ระบบจัดการข้อมูลสินค้า" role="link" href="https://web-article-master-uat.dohome.technology/?i=a2d7f7563c2878a5daaadf42930cf2b2b6337b981c10fe617fe50df0deda7a83EDEAeX+6KZhFSZLVdN7SqnVJM5Idc/e0hr3bhBTibgVwHBA3VVrof/rA4dvnAkKjKxGmvHAb+5Fi0JYX1+KUTcf3WrGNUPaKrhkM+7EHpyY9m/G2kc+Ls88LVq76zU4rm+kJdkokNBVGOcx9ulk2O8jsX5TAUd9k2Y3VjhAXN/VA03E6RVjN6pBynSqQ3tSdpRMSJ6kB3ZKxmn2sw/mMsvFqqPWLCFn2CmHgXKR4m3p5IrDxoz6iV7fW62byGLVVak9wRQN9n8KM1ulfJ4IAQ1LElVDuYHGxRC1LBgDUKviPPBiu2AsTXmgW6bTbQdSxmPO/LNSyCezh2ZWbLmkCgLm5UOQ+TmOTXbcKACWteCHlsg7VE5lsRrUMXB9Bug78IsyJM+SWTUMeqJJVNrNRgdY5f9kW5v2vGE8yk8ntGZQwX6tka4Ugq3TbQxlS4bIs" target="_blank" tabindex="0"&gt;...&lt;/a&gt; is not clickable at point (943, 977). Other element would receive the click: &lt;div class="flex w-screen h-[100dvh] fixed inset-0 z-50 overflow-x-auto justify-center [--scale-enter:100%] [--scale-exit:100%] [--slide-enter:0px] [--slide-exit:80px] sm:[--scale-enter:100%] sm:[--scale-exit:103%] sm:[--slide-enter:0px] sm:[--slide-exit:0px] items-end sm:items-center" style="opacity: 1; transform: translateY(0px) scale(1.00187) translateZ(0px);"&gt;...&lt;/div&gt;
    [ Message content over the limit has been removed. ]
	(No symbol) [0x00007FF745BDAE7B]
	(No symbol) [0x00007FF745BDA095]
	(No symbol) [0x00007FF745BCC271]
	(No symbol) [0x00007FF745BFCA6A]
	(No symbol) [0x00007FF745BCBBB6]
	(No symbol) [0x00007FF745BFCC80]
	(No symbol) [0x00007FF745C1B041]
	(No symbol) [0x00007FF745BFC813]
	(No symbol) [0x00007FF745BCA6E5]
	(No symbol) [0x00007FF745BCB021]
	GetHandleVerifier [0x00007FF745E0F83D+1301229]
	GetHandleVerifier [0x00007FF745E1BDB7+1351783]
	GetHandleVerifier [0x00007FF745E12A03+1313971]
	GetHandleVerifier [0x00007FF745D0DD06+245686]
	(No symbol) [0x00007FF745C9758F]
	(No symbol) [0x00007FF745C93804]
	(No symbol) [0x00007FF745C93992]
	(No symbol) [0x00007FF745C8A3EF]
	BaseThreadInitThunk [0x00007FFC9BEA257D+29]
	RtlUserThreadStart [0x00007FFC9CA4AF28+40]</status>
</kw>
<kw name="Sleep" owner="BuiltIn">
<arg>1s</arg>
<doc>Pauses the test executed for the given time.</doc>
<status status="NOT RUN" start="2024-08-21T11:31:33.702823" elapsed="0.000000"/>
</kw>
<arg>//*[@aria-label="ระบบจัดการข้อมูลสินค้า"]</arg>
<status status="FAIL" start="2024-08-21T11:31:31.824568" elapsed="1.878255">ElementClickInterceptedException: Message: element click intercepted: Element &lt;a class="relative inline-flex items-center tap-highlight-transparent outline-none data-[focus-visible=true]:z-10 data-[focus-visible=true]:outline-2 data-[focus-visible=true]:outline-focus data-[focus-visible=true]:outline-offset-2 no-underline hover:opacity-80 active:opacity-disabled transition-opacity text-xs line-clamp-1 text-primary" aria-label="ระบบจัดการข้อมูลสินค้า" role="link" href="https://web-article-master-uat.dohome.technology/?i=a2d7f7563c2878a5daaadf42930cf2b2b6337b981c10fe617fe50df0deda7a83EDEAeX+6KZhFSZLVdN7SqnVJM5Idc/e0hr3bhBTibgVwHBA3VVrof/rA4dvnAkKjKxGmvHAb+5Fi0JYX1+KUTcf3WrGNUPaKrhkM+7EHpyY9m/G2kc+Ls88LVq76zU4rm+kJdkokNBVGOcx9ulk2O8jsX5TAUd9k2Y3VjhAXN/VA03E6RVjN6pBynSqQ3tSdpRMSJ6kB3ZKxmn2sw/mMsvFqqPWLCFn2CmHgXKR4m3p5IrDxoz6iV7fW62byGLVVak9wRQN9n8KM1ulfJ4IAQ1LElVDuYHGxRC1LBgDUKviPPBiu2AsTXmgW6bTbQdSxmPO/LNSyCezh2ZWbLmkCgLm5UOQ+TmOTXbcKACWteCHlsg7VE5lsRrUMXB9Bug78IsyJM+SWTUMeqJJVNrNRgdY5f9kW5v2vGE8yk8ntGZQwX6tka4Ugq3TbQxlS4bIs" target="_blank" tabindex="0"&gt;...&lt;/a&gt; is not clickable at point (943, 977). Other element would receive the click: &lt;div class="flex w-screen h-[100dvh] fixed inset-0 z-50 overflow-x-auto justify-center [--scale-enter:100%] [--scale-exit:100%] [--slide-enter:0px] [--slide-exit:80px] sm:[--scale-enter:100%] sm:[--scale-exit:103%] sm:[--slide-enter:0px] sm:[--slide-exit:0px] items-end sm:items-center" style="opacity: 1; transform: translateY(0px) scale(1.00187) translateZ(0px);"&gt;...&lt;/div&gt;
    [ Message content over the limit has been removed. ]
	(No symbol) [0x00007FF745BDAE7B]
	(No symbol) [0x00007FF745BDA095]
	(No symbol) [0x00007FF745BCC271]
	(No symbol) [0x00007FF745BFCA6A]
	(No symbol) [0x00007FF745BCBBB6]
	(No symbol) [0x00007FF745BFCC80]
	(No symbol) [0x00007FF745C1B041]
	(No symbol) [0x00007FF745BFC813]
	(No symbol) [0x00007FF745BCA6E5]
	(No symbol) [0x00007FF745BCB021]
	GetHandleVerifier [0x00007FF745E0F83D+1301229]
	GetHandleVerifier [0x00007FF745E1BDB7+1351783]
	GetHandleVerifier [0x00007FF745E12A03+1313971]
	GetHandleVerifier [0x00007FF745D0DD06+245686]
	(No symbol) [0x00007FF745C9758F]
	(No symbol) [0x00007FF745C93804]
	(No symbol) [0x00007FF745C93992]
	(No symbol) [0x00007FF745C8A3EF]
	BaseThreadInitThunk [0x00007FFC9BEA257D+29]
	RtlUserThreadStart [0x00007FFC9CA4AF28+40]</status>
</kw>
<kw name="Click Element with Delay" owner="common_art">
<kw name="Click Element" owner="SeleniumLibrary">
<msg time="2024-08-21T11:31:35.703385" level="INFO">Clicking element '//*[@aria-label="ระบบจัดการข้อมูลสินค้า"]'.</msg>
<arg>${locator}</arg>
<doc>Click the element identified by ``locator``.</doc>
<status status="PASS" start="2024-08-21T11:31:35.703385" elapsed="0.113909"/>
</kw>
<kw name="Sleep" owner="BuiltIn">
<msg time="2024-08-21T11:31:36.817791" level="INFO">Slept 1 second.</msg>
<arg>1s</arg>
<doc>Pauses the test executed for the given time.</doc>
<status status="PASS" start="2024-08-21T11:31:35.817294" elapsed="1.000497"/>
</kw>
<arg>//*[@aria-label="ระบบจัดการข้อมูลสินค้า"]</arg>
<status status="PASS" start="2024-08-21T11:31:35.703385" elapsed="1.114406"/>
</kw>
<arg>5x</arg>
<arg>2s</arg>
<arg>Click Element with Delay</arg>
<arg>//*[@aria-label="ระบบจัดการข้อมูลสินค้า"]</arg>
<doc>Runs the specified keyword and retries if it fails.</doc>
<status status="PASS" start="2024-08-21T11:31:31.824568" elapsed="4.993223"/>
</kw>
<kw name="Wait Until Keyword Succeeds" owner="BuiltIn">
<kw name="Switch Window" owner="SeleniumLibrary">
<arg>New</arg>
<doc>Switches to browser window matching ``locator``.</doc>
<status status="PASS" start="2024-08-21T11:31:36.817791" elapsed="0.012268"/>
</kw>
<arg>5x</arg>
<arg>2s</arg>
<arg>Switch Window</arg>
<arg>New</arg>
<doc>Runs the specified keyword and retries if it fails.</doc>
<status status="PASS" start="2024-08-21T11:31:36.817791" elapsed="0.012268"/>
</kw>
<kw name="Set Window Size" owner="SeleniumLibrary">
<arg>1920</arg>
<arg>1080</arg>
<doc>Sets current windows size to given ``width`` and ``height``.</doc>
<status status="PASS" start="2024-08-21T11:31:36.831363" elapsed="9.587107"/>
</kw>
<kw name="Wait Until Keyword Succeeds" owner="BuiltIn">
<kw name="Wait Until Element Is Visible" owner="SeleniumLibrary">
<arg>//h3[text()="Article Master"]</arg>
<doc>Waits until the element ``locator`` is visible.</doc>
<status status="PASS" start="2024-08-21T11:31:46.419985" elapsed="0.241532"/>
</kw>
<arg>5x</arg>
<arg>2s</arg>
<arg>Wait Until Element Is Visible</arg>
<arg>//h3[text()="Article Master"]</arg>
<doc>Runs the specified keyword and retries if it fails.</doc>
<status status="PASS" start="2024-08-21T11:31:46.418470" elapsed="0.246029"/>
</kw>
<status status="PASS" start="2024-08-21T11:31:19.495339" elapsed="27.169313"/>
</kw>
<kw name="Get value article">
<kw name="Wait And Click Element" owner="common_art">
<kw name="Wait Until Keyword Succeeds" owner="BuiltIn">
<kw name="Click Element with Delay" owner="common_art">
<kw name="Click Element" owner="SeleniumLibrary">
<msg time="2024-08-21T11:31:46.665662" level="INFO">Clicking element '//p[text()='จัดการสินค้า']'.</msg>
<arg>${locator}</arg>
<doc>Click the element identified by ``locator``.</doc>
<status status="PASS" start="2024-08-21T11:31:46.665662" elapsed="0.083037"/>
</kw>
<kw name="Sleep" owner="BuiltIn">
<msg time="2024-08-21T11:31:47.751986" level="INFO">Slept 1 second.</msg>
<arg>1s</arg>
<doc>Pauses the test executed for the given time.</doc>
<status status="PASS" start="2024-08-21T11:31:46.751843" elapsed="1.000321"/>
</kw>
<arg>${locator}</arg>
<status status="PASS" start="2024-08-21T11:31:46.665662" elapsed="1.086502"/>
</kw>
<arg>3x</arg>
<arg>2s</arg>
<arg>Click Element with Delay</arg>
<arg>${locator}</arg>
<doc>Runs the specified keyword and retries if it fails.</doc>
<status status="PASS" start="2024-08-21T11:31:46.665662" elapsed="1.086502"/>
</kw>
<arg>//p[text()='จัดการสินค้า']</arg>
<status status="PASS" start="2024-08-21T11:31:46.665662" elapsed="1.086502"/>
</kw>
<kw name="Wait And Click Element" owner="common_art">
<kw name="Wait Until Keyword Succeeds" owner="BuiltIn">
<kw name="Click Element with Delay" owner="common_art">
<kw name="Click Element" owner="SeleniumLibrary">
<msg time="2024-08-21T11:31:47.753271" level="INFO">Clicking element '//p[text()='รายการสินค้าสร้างสำเร็จ (MM43)']'.</msg>
<arg>${locator}</arg>
<doc>Click the element identified by ``locator``.</doc>
<status status="PASS" start="2024-08-21T11:31:47.753271" elapsed="0.090661"/>
</kw>
<kw name="Sleep" owner="BuiltIn">
<msg time="2024-08-21T11:31:48.844318" level="INFO">Slept 1 second.</msg>
<arg>1s</arg>
<doc>Pauses the test executed for the given time.</doc>
<status status="PASS" start="2024-08-21T11:31:47.843932" elapsed="1.000386"/>
</kw>
<arg>${locator}</arg>
<status status="PASS" start="2024-08-21T11:31:47.753271" elapsed="1.091047"/>
</kw>
<arg>3x</arg>
<arg>2s</arg>
<arg>Click Element with Delay</arg>
<arg>${locator}</arg>
<doc>Runs the specified keyword and retries if it fails.</doc>
<status status="PASS" start="2024-08-21T11:31:47.753271" elapsed="1.091047"/>
</kw>
<arg>//p[text()='รายการสินค้าสร้างสำเร็จ (MM43)']</arg>
<status status="PASS" start="2024-08-21T11:31:47.753271" elapsed="1.091047"/>
</kw>
<kw name="Wait And Wait Until Element Is Visible" owner="common_art">
<kw name="Wait Until Keyword Succeeds" owner="BuiltIn">
<kw name="Wait Until Element Is Visible" owner="SeleniumLibrary">
<msg time="2024-08-21T11:31:54.299052" level="INFO" html="true">&lt;/td&gt;&lt;/tr&gt;&lt;tr&gt;&lt;td colspan="3"&gt;&lt;a href="selenium-screenshot-2416.png"&gt;&lt;img src="selenium-screenshot-2416.png" width="800px"&gt;&lt;/a&gt;</msg>
<msg time="2024-08-21T11:31:54.299052" level="FAIL">Element '//*[@data-dx_placeholder='123456789']/preceding-sibling::input' not visible after 5 seconds.</msg>
<arg>${locator}</arg>
<doc>Waits until the element ``locator`` is visible.</doc>
<status status="FAIL" start="2024-08-21T11:31:48.844318" elapsed="5.465668">Element '//*[@data-dx_placeholder='123456789']/preceding-sibling::input' not visible after 5 seconds.</status>
</kw>
<kw name="Wait Until Element Is Visible" owner="SeleniumLibrary">
<msg time="2024-08-21T11:32:01.768639" level="INFO" html="true">&lt;/td&gt;&lt;/tr&gt;&lt;tr&gt;&lt;td colspan="3"&gt;&lt;a href="selenium-screenshot-2417.png"&gt;&lt;img src="selenium-screenshot-2417.png" width="800px"&gt;&lt;/a&gt;</msg>
<msg time="2024-08-21T11:32:01.768639" level="FAIL">Element '//*[@data-dx_placeholder='123456789']/preceding-sibling::input' not visible after 5 seconds.</msg>
<arg>${locator}</arg>
<doc>Waits until the element ``locator`` is visible.</doc>
<status status="FAIL" start="2024-08-21T11:31:56.310448" elapsed="5.459495">Element '//*[@data-dx_placeholder='123456789']/preceding-sibling::input' not visible after 5 seconds.</status>
</kw>
<kw name="Wait Until Element Is Visible" owner="SeleniumLibrary">
<arg>${locator}</arg>
<doc>Waits until the element ``locator`` is visible.</doc>
<status status="PASS" start="2024-08-21T11:32:03.770528" elapsed="1.829739"/>
</kw>
<arg>5x</arg>
<arg>2s</arg>
<arg>Wait Until Element Is Visible</arg>
<arg>${locator}</arg>
<doc>Runs the specified keyword and retries if it fails.</doc>
<status status="PASS" start="2024-08-21T11:31:48.844318" elapsed="16.756464"/>
</kw>
<arg>//*[@data-dx_placeholder='123456789']/preceding-sibling::input</arg>
<status status="PASS" start="2024-08-21T11:31:48.844318" elapsed="16.756464"/>
</kw>
<kw name="Wait And Click Element" owner="common_art">
<kw name="Wait Until Keyword Succeeds" owner="BuiltIn">
<kw name="Click Element with Delay" owner="common_art">
<kw name="Click Element" owner="SeleniumLibrary">
<msg time="2024-08-21T11:32:05.600782" level="INFO">Clicking element '//*[@data-dx_placeholder='123456789']/preceding-sibling::input'.</msg>
<arg>${locator}</arg>
<doc>Click the element identified by ``locator``.</doc>
<status status="PASS" start="2024-08-21T11:32:05.600782" elapsed="0.099369"/>
</kw>
<kw name="Sleep" owner="BuiltIn">
<msg time="2024-08-21T11:32:06.700923" level="INFO">Slept 1 second.</msg>
<arg>1s</arg>
<doc>Pauses the test executed for the given time.</doc>
<status status="PASS" start="2024-08-21T11:32:05.700664" elapsed="1.000259"/>
</kw>
<arg>${locator}</arg>
<status status="PASS" start="2024-08-21T11:32:05.600782" elapsed="1.100141"/>
</kw>
<arg>3x</arg>
<arg>2s</arg>
<arg>Click Element with Delay</arg>
<arg>${locator}</arg>
<doc>Runs the specified keyword and retries if it fails.</doc>
<status status="PASS" start="2024-08-21T11:32:05.600782" elapsed="1.100141"/>
</kw>
<arg>//*[@data-dx_placeholder='123456789']/preceding-sibling::input</arg>
<status status="PASS" start="2024-08-21T11:32:05.600782" elapsed="1.100141"/>
</kw>
<kw name="Wait And Input Text with Delay" owner="common_art">
<kw name="Wait Until Keyword Succeeds" owner="BuiltIn">
<kw name="Input Text with Delay" owner="common_art">
<kw name="Input Text" owner="SeleniumLibrary">
<msg time="2024-08-21T11:32:06.703462" level="INFO">Typing text '10337199' into text field '//*[@data-dx_placeholder='123456789']/preceding-sibling::input'.</msg>
<arg>${locator}</arg>
<arg>${text}</arg>
<doc>Types the given ``text`` into the text field identified by ``locator``.</doc>
<status status="PASS" start="2024-08-21T11:32:06.703462" elapsed="0.102681"/>
</kw>
<kw name="Sleep" owner="BuiltIn">
<msg time="2024-08-21T11:32:08.308918" level="INFO">Slept 1 second 500 milliseconds.</msg>
<arg>1.5s</arg>
<doc>Pauses the test executed for the given time.</doc>
<status status="PASS" start="2024-08-21T11:32:06.808429" elapsed="1.500489"/>
</kw>
<arg>${locator}</arg>
<arg>${text}</arg>
<status status="PASS" start="2024-08-21T11:32:06.703462" elapsed="1.605456"/>
</kw>
<arg>3x</arg>
<arg>2s</arg>
<arg>Input Text with Delay</arg>
<arg>${locator}</arg>
<arg>${text}</arg>
<doc>Runs the specified keyword and retries if it fails.</doc>
<status status="PASS" start="2024-08-21T11:32:06.700923" elapsed="1.607995"/>
</kw>
<arg>//*[@data-dx_placeholder='123456789']/preceding-sibling::input</arg>
<arg>${id}</arg>
<status status="PASS" start="2024-08-21T11:32:06.700923" elapsed="1.607995"/>
</kw>
<kw name="Wait And Click Element" owner="common_art">
<kw name="Wait Until Keyword Succeeds" owner="BuiltIn">
<kw name="Click Element with Delay" owner="common_art">
<kw name="Click Element" owner="SeleniumLibrary">
<msg time="2024-08-21T11:32:08.308918" level="INFO">Clicking element '//span[text()='ค้นหา']'.</msg>
<arg>${locator}</arg>
<doc>Click the element identified by ``locator``.</doc>
<status status="PASS" start="2024-08-21T11:32:08.308918" elapsed="0.146875"/>
</kw>
<kw name="Sleep" owner="BuiltIn">
<msg time="2024-08-21T11:32:09.455889" level="INFO">Slept 1 second.</msg>
<arg>1s</arg>
<doc>Pauses the test executed for the given time.</doc>
<status status="PASS" start="2024-08-21T11:32:08.455793" elapsed="1.000096"/>
</kw>
<arg>${locator}</arg>
<status status="PASS" start="2024-08-21T11:32:08.308918" elapsed="1.147496"/>
</kw>
<arg>3x</arg>
<arg>2s</arg>
<arg>Click Element with Delay</arg>
<arg>${locator}</arg>
<doc>Runs the specified keyword and retries if it fails.</doc>
<status status="PASS" start="2024-08-21T11:32:08.308918" elapsed="1.147615"/>
</kw>
<arg>//span[text()='ค้นหา']</arg>
<status status="PASS" start="2024-08-21T11:32:08.308918" elapsed="1.147615"/>
</kw>
<kw name="Wait And Wait Until Element Is Visible" owner="common_art">
<kw name="Wait Until Keyword Succeeds" owner="BuiltIn">
<kw name="Wait Until Element Is Visible" owner="SeleniumLibrary">
<arg>${locator}</arg>
<doc>Waits until the element ``locator`` is visible.</doc>
<status status="PASS" start="2024-08-21T11:32:09.456533" elapsed="1.520094"/>
</kw>
<arg>5x</arg>
<arg>2s</arg>
<arg>Wait Until Element Is Visible</arg>
<arg>${locator}</arg>
<doc>Runs the specified keyword and retries if it fails.</doc>
<status status="PASS" start="2024-08-21T11:32:09.456533" elapsed="1.520094"/>
</kw>
<arg>//span[text()='1. รายละเอียดเกี่ยวกับตัวสินค้า']</arg>
<status status="PASS" start="2024-08-21T11:32:09.456533" elapsed="1.520094"/>
</kw>
<kw name="Get Value" owner="SeleniumLibrary">
<msg time="2024-08-21T11:32:11.003435" level="INFO">${article_no} = 10337199</msg>
<var>${article_no}</var>
<arg>//*[text()='รหัสสินค้า (Article Number)']/ancestor::label/following-sibling::*[1]//input</arg>
<doc>Returns the value attribute of the element identified by ``locator``.</doc>
<status status="PASS" start="2024-08-21T11:32:10.976627" elapsed="0.029039"/>
</kw>
<kw name="Get Value" owner="SeleniumLibrary">
<msg time="2024-08-21T11:32:11.027229" level="INFO">${vendor_no} = 100000329: บริษัท ไทยซัมซุง อิเลคโทรนิคส์ จำกัด</msg>
<var>${vendor_no}</var>
<arg>//input[@name='vendor_no']</arg>
<doc>Returns the value attribute of the element identified by ``locator``.</doc>
<status status="PASS" start="2024-08-21T11:32:11.005666" elapsed="0.021563"/>
</kw>
<kw name="Get Value" owner="SeleniumLibrary">
<msg time="2024-08-21T11:32:11.051170" level="INFO">${name_th} = QA_Tแอร์ASV-24ESLN SS</msg>
<var>${name_th}</var>
<arg>//input[@name='name_th']</arg>
<doc>Returns the value attribute of the element identified by ``locator``.</doc>
<status status="PASS" start="2024-08-21T11:32:11.027229" elapsed="0.023941"/>
</kw>
<kw name="Get Value" owner="SeleniumLibrary">
<msg time="2024-08-21T11:32:11.082870" level="INFO">${name_en} = QA_Tแอร์ASV-24ESLN SS</msg>
<var>${name_en}</var>
<arg>//input[@name='name_en']</arg>
<doc>Returns the value attribute of the element identified by ``locator``.</doc>
<status status="PASS" start="2024-08-21T11:32:11.051170" elapsed="0.031700"/>
</kw>
<kw name="Get Value" owner="SeleniumLibrary">
<msg time="2024-08-21T11:32:11.109996" level="INFO">${article_category} = 00: Single article</msg>
<var>${article_category}</var>
<arg>//input[@name='article_category']</arg>
<doc>Returns the value attribute of the element identified by ``locator``.</doc>
<status status="PASS" start="2024-08-21T11:32:11.083885" elapsed="0.026111"/>
</kw>
<kw name="Get Value" owner="SeleniumLibrary">
<msg time="2024-08-21T11:32:11.133512" level="INFO">${merc_category_MC2} = DOB: เครื่องใช้ไฟฟ้าใหญ่</msg>
<var>${merc_category_MC2}</var>
<arg>//input[@name='merchandise_category2']</arg>
<doc>Returns the value attribute of the element identified by ``locator``.</doc>
<status status="PASS" start="2024-08-21T11:32:11.109996" elapsed="0.023516"/>
</kw>
<kw name="Get Value" owner="SeleniumLibrary">
<msg time="2024-08-21T11:32:11.155170" level="INFO">${merc_category_MC5} = DOB050301: แอร์18,000BTU ON-OFF</msg>
<var>${merc_category_MC5}</var>
<arg>//input[@name='merchandise_category']</arg>
<doc>Returns the value attribute of the element identified by ``locator``.</doc>
<status status="PASS" start="2024-08-21T11:32:11.133512" elapsed="0.021658"/>
</kw>
<kw name="Get Value" owner="SeleniumLibrary">
<msg time="2024-08-21T11:32:11.179804" level="INFO">${division_type} = 00: Common Division</msg>
<var>${division_type}</var>
<arg>//input[@name='division']</arg>
<doc>Returns the value attribute of the element identified by ``locator``.</doc>
<status status="PASS" start="2024-08-21T11:32:11.155170" elapsed="0.024634"/>
</kw>
<kw name="Get Value" owner="SeleniumLibrary">
<msg time="2024-08-21T11:32:11.196133" level="INFO">${artl_statistics_grp} = 1: 'A' Article</msg>
<var>${artl_statistics_grp}</var>
<arg>//input[@name='artl_statistics_grp']</arg>
<doc>Returns the value attribute of the element identified by ``locator``.</doc>
<status status="PASS" start="2024-08-21T11:32:11.179804" elapsed="0.016329"/>
</kw>
<kw name="Get Value" owner="SeleniumLibrary">
<msg time="2024-08-21T11:32:11.227104" level="INFO">${astmt_list_type} = 2: Do home</msg>
<var>${astmt_list_type}</var>
<arg>//input[@name='astmt_list_type']</arg>
<doc>Returns the value attribute of the element identified by ``locator``.</doc>
<status status="PASS" start="2024-08-21T11:32:11.204146" elapsed="0.022958"/>
</kw>
<kw name="Get Value" owner="SeleniumLibrary">
<msg time="2024-08-21T11:32:11.245565" level="INFO">${material_type} = ZAWA: Trading Goods DoHome</msg>
<var>${material_type}</var>
<arg>//input[@name='material_type']</arg>
<doc>Returns the value attribute of the element identified by ``locator``.</doc>
<status status="PASS" start="2024-08-21T11:32:11.227104" elapsed="0.020638"/>
</kw>
<kw name="Get Value" owner="SeleniumLibrary">
<msg time="2024-08-21T11:32:11.270074" level="INFO">${valuation_class} = 3100: Trading goods</msg>
<var>${valuation_class}</var>
<arg>//input[@name='valuation_class']</arg>
<doc>Returns the value attribute of the element identified by ``locator``.</doc>
<status status="PASS" start="2024-08-21T11:32:11.247742" elapsed="0.022332"/>
</kw>
<kw name="Get Value" owner="SeleniumLibrary">
<msg time="2024-08-21T11:32:11.289551" level="INFO">${e_comm_name_th} = QA_Tแอร์ASV-24ESLN SS</msg>
<var>${e_comm_name_th}</var>
<arg>//input[@name='e_comm_name_th']</arg>
<doc>Returns the value attribute of the element identified by ``locator``.</doc>
<status status="PASS" start="2024-08-21T11:32:11.271895" elapsed="0.018682"/>
</kw>
<kw name="Get Value" owner="SeleniumLibrary">
<msg time="2024-08-21T11:32:11.310218" level="INFO">${search_word} = QA_คปอก-ซซ-24000-ASV-24ESLN</msg>
<var>${search_word}</var>
<arg>//input[@name='search_word']</arg>
<doc>Returns the value attribute of the element identified by ``locator``.</doc>
<status status="PASS" start="2024-08-21T11:32:11.291104" elapsed="0.019114"/>
</kw>
<kw name="Get Value" owner="SeleniumLibrary">
<msg time="2024-08-21T11:32:11.330522" level="INFO">${search_remark} = QA_Tแอร์ASV-24ESLN SS</msg>
<var>${search_remark}</var>
<arg>//input[@name='search_remark']</arg>
<doc>Returns the value attribute of the element identified by ``locator``.</doc>
<status status="PASS" start="2024-08-21T11:32:11.312733" elapsed="0.017789"/>
</kw>
<kw name="Get Value" owner="SeleniumLibrary">
<msg time="2024-08-21T11:32:11.356156" level="INFO">${product_model} = Tแอร์ASV-24ESLN SS</msg>
<var>${product_model}</var>
<arg>//input[@name='product_model']</arg>
<doc>Returns the value attribute of the element identified by ``locator``.</doc>
<status status="PASS" start="2024-08-21T11:32:11.332541" elapsed="0.024129"/>
</kw>
<kw name="Get Value" owner="SeleniumLibrary">
<msg time="2024-08-21T11:32:11.376412" level="INFO">${brand_id} = A062: อายิโนะโมะโต๊ะ</msg>
<var>${brand_id}</var>
<arg>//input[@name='brand_id']</arg>
<doc>Returns the value attribute of the element identified by ``locator``.</doc>
<status status="PASS" start="2024-08-21T11:32:11.356670" elapsed="0.019742"/>
</kw>
<kw name="Get Value" owner="SeleniumLibrary">
<msg time="2024-08-21T11:32:11.398157" level="INFO">${old_article} = -</msg>
<var>${old_article}</var>
<arg>//input[@name='old_article']</arg>
<doc>Returns the value attribute of the element identified by ``locator``.</doc>
<status status="PASS" start="2024-08-21T11:32:11.376412" elapsed="0.021745"/>
</kw>
<kw name="Get Value" owner="SeleniumLibrary">
<msg time="2024-08-21T11:32:11.419410" level="INFO">${repack} = 03: ไม่ต้อง pack</msg>
<var>${repack}</var>
<arg>//input[@name='repack']</arg>
<doc>Returns the value attribute of the element identified by ``locator``.</doc>
<status status="PASS" start="2024-08-21T11:32:11.400697" elapsed="0.018713"/>
</kw>
<kw name="Get Value" owner="SeleniumLibrary">
<msg time="2024-08-21T11:32:11.436228" level="INFO">${product_transform} = 03: ไม่ต้องแปรสภาพ</msg>
<var>${product_transform}</var>
<arg>//input[@name='product_transform']</arg>
<doc>Returns the value attribute of the element identified by ``locator``.</doc>
<status status="PASS" start="2024-08-21T11:32:11.419410" elapsed="0.016818"/>
</kw>
<kw name="Get Value" owner="SeleniumLibrary">
<msg time="2024-08-21T11:32:11.489282" level="INFO">${country_of_region} = TH: ประเทศไทย</msg>
<var>${country_of_region}</var>
<arg>//input[@name='country_of_region']</arg>
<doc>Returns the value attribute of the element identified by ``locator``.</doc>
<status status="PASS" start="2024-08-21T11:32:11.436228" elapsed="0.053054"/>
</kw>
<kw name="Get Value" owner="SeleniumLibrary">
<msg time="2024-08-21T11:32:11.517495" level="INFO">${regions_origin} = </msg>
<var>${regions_origin}</var>
<arg>//input[@name='regions_origin']</arg>
<doc>Returns the value attribute of the element identified by ``locator``.</doc>
<status status="PASS" start="2024-08-21T11:32:11.489282" elapsed="0.028213"/>
</kw>
<kw name="Get Value" owner="SeleniumLibrary">
<msg time="2024-08-21T11:32:11.539762" level="INFO">${hb_nonhb} = 01: Non House brand</msg>
<var>${hb_nonhb}</var>
<arg>//input[@name='hb_nonhb']</arg>
<doc>Returns the value attribute of the element identified by ``locator``.</doc>
<status status="PASS" start="2024-08-21T11:32:11.517495" elapsed="0.022267"/>
</kw>
<kw name="Get Value" owner="SeleniumLibrary">
<msg time="2024-08-21T11:32:11.563679" level="INFO">${production} = Z1: ผลิตในประเทศ</msg>
<var>${production}</var>
<arg>//input[@name='production']</arg>
<doc>Returns the value attribute of the element identified by ``locator``.</doc>
<status status="PASS" start="2024-08-21T11:32:11.539762" elapsed="0.023917"/>
</kw>
<kw name="Get Value" owner="SeleniumLibrary">
<msg time="2024-08-21T11:32:11.587381" level="INFO">${tradmark} = HBNTM: สินค้า HB ไม่มี Trademark</msg>
<var>${tradmark}</var>
<arg>//input[@name='tradmark']</arg>
<doc>Returns the value attribute of the element identified by ``locator``.</doc>
<status status="PASS" start="2024-08-21T11:32:11.566525" elapsed="0.020856"/>
</kw>
<kw name="Get Value" owner="SeleniumLibrary">
<msg time="2024-08-21T11:32:11.618101" level="INFO">${tot_shelf_life} = None</msg>
<var>${tot_shelf_life}</var>
<arg>//input[@name='tot_shelf_life']/parent::div</arg>
<doc>Returns the value attribute of the element identified by ``locator``.</doc>
<status status="PASS" start="2024-08-21T11:32:11.587381" elapsed="0.030720"/>
</kw>
<kw name="Get Value" owner="SeleniumLibrary">
<msg time="2024-08-21T11:32:11.644541" level="INFO">${rem_shelf_life} = None</msg>
<var>${rem_shelf_life}</var>
<arg>//input[@name='rem_shelf_life']/parent::div</arg>
<doc>Returns the value attribute of the element identified by ``locator``.</doc>
<status status="PASS" start="2024-08-21T11:32:11.618101" elapsed="0.026440"/>
</kw>
<kw name="Get Value" owner="SeleniumLibrary">
<msg time="2024-08-21T11:32:11.679543" level="INFO">${product_status} = I: InActive</msg>
<var>${product_status}</var>
<arg>//input[@name='product_status']</arg>
<doc>Returns the value attribute of the element identified by ``locator``.</doc>
<status status="PASS" start="2024-08-21T11:32:11.651546" elapsed="0.027997"/>
</kw>
<kw name="Get Value" owner="SeleniumLibrary">
<msg time="2024-08-21T11:32:11.707385" level="INFO">${abc_indicator} = 5: หมดเลิกขาย</msg>
<var>${abc_indicator}</var>
<arg>//input[@name='abc_indicator']</arg>
<doc>Returns the value attribute of the element identified by ``locator``.</doc>
<status status="PASS" start="2024-08-21T11:32:11.685732" elapsed="0.021653"/>
</kw>
<kw name="Get Value" owner="SeleniumLibrary">
<msg time="2024-08-21T11:32:11.734492" level="INFO">${product_sub_indicator} = : </msg>
<var>${product_sub_indicator}</var>
<arg>//input[@name='product_sub_indicator']</arg>
<doc>Returns the value attribute of the element identified by ``locator``.</doc>
<status status="PASS" start="2024-08-21T11:32:11.707385" elapsed="0.027107"/>
</kw>
<kw name="Get Value" owner="SeleniumLibrary">
<msg time="2024-08-21T11:32:11.760361" level="INFO">${product_role} = 01: Core</msg>
<var>${product_role}</var>
<arg>//input[@name='product_role']</arg>
<doc>Returns the value attribute of the element identified by ``locator``.</doc>
<status status="PASS" start="2024-08-21T11:32:11.734492" elapsed="0.025869"/>
</kw>
<kw name="Get Value" owner="SeleniumLibrary">
<msg time="2024-08-21T11:32:11.787270" level="INFO">${product_sub_role} = 03: สินค้าทั่วไป</msg>
<var>${product_sub_role}</var>
<arg>//input[@name='product_sub_role']</arg>
<doc>Returns the value attribute of the element identified by ``locator``.</doc>
<status status="PASS" start="2024-08-21T11:32:11.764519" elapsed="0.022751"/>
</kw>
<kw name="Get Value" owner="SeleniumLibrary">
<msg time="2024-08-21T11:32:11.806100" level="INFO">${product_trend} = 05: ไม่มีเทรน</msg>
<var>${product_trend}</var>
<arg>//input[@name='product_trend']</arg>
<doc>Returns the value attribute of the element identified by ``locator``.</doc>
<status status="PASS" start="2024-08-21T11:32:11.787270" elapsed="0.020744"/>
</kw>
<kw name="Get Value" owner="SeleniumLibrary">
<msg time="2024-08-21T11:32:11.830555" level="INFO">${head_purchaser_group_no} = 1000034: ทองหยิบ นามสมมุติ</msg>
<var>${head_purchaser_group_no}</var>
<arg>//input[@name='head_purchaser_group_no']</arg>
<doc>Returns the value attribute of the element identified by ``locator``.</doc>
<status status="PASS" start="2024-08-21T11:32:11.808014" elapsed="0.022541"/>
</kw>
<kw name="Get Value" owner="SeleniumLibrary">
<msg time="2024-08-21T11:32:11.862426" level="INFO">${head_import_purchase} = </msg>
<var>${head_import_purchase}</var>
<arg>//input[@name='head_import_purchase']</arg>
<doc>Returns the value attribute of the element identified by ``locator``.</doc>
<status status="PASS" start="2024-08-21T11:32:11.834004" elapsed="0.028422"/>
</kw>
<kw name="Get Value" owner="SeleniumLibrary">
<msg time="2024-08-21T11:32:11.920517" level="INFO">${head_im} = </msg>
<var>${head_im}</var>
<arg>//input[@name='head_im']</arg>
<doc>Returns the value attribute of the element identified by ``locator``.</doc>
<status status="PASS" start="2024-08-21T11:32:11.862426" elapsed="0.058091"/>
</kw>
<kw name="Get Value" owner="SeleniumLibrary">
<msg time="2024-08-21T11:32:11.953519" level="INFO">${shipping_group} = </msg>
<var>${shipping_group}</var>
<arg>//input[@name='shipping_group']</arg>
<doc>Returns the value attribute of the element identified by ``locator``.</doc>
<status status="PASS" start="2024-08-21T11:32:11.920517" elapsed="0.038015"/>
</kw>
<kw name="Get Value" owner="SeleniumLibrary">
<msg time="2024-08-21T11:32:11.981784" level="INFO">${purchaser_group_no} = 134: คุณภคพร</msg>
<var>${purchaser_group_no}</var>
<arg>//input[@name='purchaser_group_no']</arg>
<doc>Returns the value attribute of the element identified by ``locator``.</doc>
<status status="PASS" start="2024-08-21T11:32:11.958652" elapsed="0.023132"/>
</kw>
<kw name="Get Value" owner="SeleniumLibrary">
<msg time="2024-08-21T11:32:12.013235" level="INFO">${import_purchase} = </msg>
<var>${import_purchase}</var>
<arg>//input[@name='import_purchase']</arg>
<doc>Returns the value attribute of the element identified by ``locator``.</doc>
<status status="PASS" start="2024-08-21T11:32:11.981784" elapsed="0.031451"/>
</kw>
<kw name="Get Value" owner="SeleniumLibrary">
<msg time="2024-08-21T11:32:12.034330" level="INFO">${im_group} = </msg>
<var>${im_group}</var>
<arg>//input[@name='im_group']</arg>
<doc>Returns the value attribute of the element identified by ``locator``.</doc>
<status status="PASS" start="2024-08-21T11:32:12.015462" elapsed="0.018868"/>
</kw>
<kw name="Get Value" owner="SeleniumLibrary">
<msg time="2024-08-21T11:32:12.059040" level="INFO">${avail_check} = 02: Individ.requirements</msg>
<var>${avail_check}</var>
<arg>//input[@name='avail_check']</arg>
<doc>Returns the value attribute of the element identified by ``locator``.</doc>
<status status="PASS" start="2024-08-21T11:32:12.036822" elapsed="0.022218"/>
</kw>
<kw name="Get Value" owner="SeleniumLibrary">
<msg time="2024-08-21T11:32:12.081707" level="INFO">${gen_item_cat_grp} = NORM: Standard item</msg>
<var>${gen_item_cat_grp}</var>
<arg>//input[@name='gen_item_cat_grp']</arg>
<doc>Returns the value attribute of the element identified by ``locator``.</doc>
<status status="PASS" start="2024-08-21T11:32:12.059040" elapsed="0.022667"/>
</kw>
<kw name="Get Value" owner="SeleniumLibrary">
<msg time="2024-08-21T11:32:12.112986" level="INFO">${tax_class} = 1: Full tax</msg>
<var>${tax_class}</var>
<arg>//input[@name='tax_class']</arg>
<doc>Returns the value attribute of the element identified by ``locator``.</doc>
<status status="PASS" start="2024-08-21T11:32:12.084640" elapsed="0.031650"/>
</kw>
<kw name="Get Value" owner="SeleniumLibrary">
<msg time="2024-08-21T11:32:12.137314" level="INFO">${serial_number_profile} = ZSD1: Serial SD Sell only</msg>
<var>${serial_number_profile}</var>
<arg>//input[@name='serial_number_profile']</arg>
<doc>Returns the value attribute of the element identified by ``locator``.</doc>
<status status="PASS" start="2024-08-21T11:32:12.116290" elapsed="0.021024"/>
</kw>
<kw name="Get Value" owner="SeleniumLibrary">
<msg time="2024-08-21T11:32:12.163274" level="INFO">${merchandise_category3} = </msg>
<var>${merchandise_category3}</var>
<arg>//input[@name='merchandise_category3']</arg>
<doc>Returns the value attribute of the element identified by ``locator``.</doc>
<status status="PASS" start="2024-08-21T11:32:12.137314" elapsed="0.027484"/>
</kw>
<kw name="Get Value" owner="SeleniumLibrary">
<msg time="2024-08-21T11:32:12.185281" level="INFO">${stor_condition} = Z1: 1010 คลังรวม / R</msg>
<var>${stor_condition}</var>
<arg>//input[@name='stor_condition']</arg>
<doc>Returns the value attribute of the element identified by ``locator``.</doc>
<status status="PASS" start="2024-08-21T11:32:12.164798" elapsed="0.020483"/>
</kw>
<kw name="Get Value" owner="SeleniumLibrary">
<msg time="2024-08-21T11:32:12.200213" level="INFO">${loading_group} = 1010: คลังรวม</msg>
<var>${loading_group}</var>
<arg>//input[@name='loading_group']</arg>
<doc>Returns the value attribute of the element identified by ``locator``.</doc>
<status status="PASS" start="2024-08-21T11:32:12.187296" elapsed="0.012917"/>
</kw>
<kw name="Get Value" owner="SeleniumLibrary">
<msg time="2024-08-21T11:32:12.227629" level="INFO">${units_id_s6_u1} = MC: เครื่อง</msg>
<var>${units_id_s6_u1}</var>
<arg>//*[text()='6. หน่วยสินค้า , ขนาด,บาร์โค๊ด รวมแพคกิ้ง']/parent::div/parent::div/following-sibling::*[2]//*[text()='1']/parent::div/following-sibling::*[1]//input[@name='units_id']</arg>
<doc>Returns the value attribute of the element identified by ``locator``.</doc>
<status status="PASS" start="2024-08-21T11:32:12.200213" elapsed="0.027416"/>
</kw>
<kw name="Get Value" owner="SeleniumLibrary">
<msg time="2024-08-21T11:32:12.248818" level="INFO">${rate_unit_base_s6_u1} = 1</msg>
<var>${rate_unit_base_s6_u1}</var>
<arg>//*[text()='6. หน่วยสินค้า , ขนาด,บาร์โค๊ด รวมแพคกิ้ง']/parent::div/parent::div/following-sibling::*[2]//*[text()='1']/parent::div/following-sibling::*[1]//input[@name='rate_unit_base']</arg>
<doc>Returns the value attribute of the element identified by ``locator``.</doc>
<status status="PASS" start="2024-08-21T11:32:12.227629" elapsed="0.021189"/>
</kw>
<kw name="Get Value" owner="SeleniumLibrary">
<msg time="2024-08-21T11:32:12.265962" level="INFO">${units_sale_id_s6_u1} = MC: เครื่อง</msg>
<var>${units_sale_id_s6_u1}</var>
<arg>//*[text()='6. หน่วยสินค้า , ขนาด,บาร์โค๊ด รวมแพคกิ้ง']/parent::div/parent::div/following-sibling::*[2]//*[text()='1']/parent::div/following-sibling::*[1]//input[@name='units_sale_id']</arg>
<doc>Returns the value attribute of the element identified by ``locator``.</doc>
<status status="PASS" start="2024-08-21T11:32:12.248818" elapsed="0.017144"/>
</kw>
<kw name="Get Value" owner="SeleniumLibrary">
<msg time="2024-08-21T11:32:12.290757" level="INFO">${rate_unit_code_s6_u1} = 1</msg>
<var>${rate_unit_code_s6_u1}</var>
<arg>//*[text()='6. หน่วยสินค้า , ขนาด,บาร์โค๊ด รวมแพคกิ้ง']/parent::div/parent::div/following-sibling::*[2]//*[text()='1']/parent::div/following-sibling::*[1]//input[@name='rate_unit_code']</arg>
<doc>Returns the value attribute of the element identified by ``locator``.</doc>
<status status="PASS" start="2024-08-21T11:32:12.265962" elapsed="0.024795"/>
</kw>
<kw name="Get Value" owner="SeleniumLibrary">
<msg time="2024-08-21T11:32:12.308970" level="INFO">${barcode_no_s6_u1} = 77982097011</msg>
<var>${barcode_no_s6_u1}</var>
<arg>//*[text()='6. หน่วยสินค้า , ขนาด,บาร์โค๊ด รวมแพคกิ้ง']/parent::div/parent::div/following-sibling::*[2]//*[text()='1']/parent::div/following-sibling::*[1]//input[@name='barcode_no']</arg>
<doc>Returns the value attribute of the element identified by ``locator``.</doc>
<status status="PASS" start="2024-08-21T11:32:12.290757" elapsed="0.018213"/>
</kw>
<kw name="Get Value" owner="SeleniumLibrary">
<msg time="2024-08-21T11:32:12.334110" level="INFO">${width_base_s6_u1} = 20</msg>
<var>${width_base_s6_u1}</var>
<arg>//*[text()='6. หน่วยสินค้า , ขนาด,บาร์โค๊ด รวมแพคกิ้ง']/parent::div/parent::div/following-sibling::*[2]//*[text()='1']/parent::div/following-sibling::*[1]//input[@name='width']</arg>
<doc>Returns the value attribute of the element identified by ``locator``.</doc>
<status status="PASS" start="2024-08-21T11:32:12.308970" elapsed="0.025140"/>
</kw>
<kw name="Get Value" owner="SeleniumLibrary">
<msg time="2024-08-21T11:32:12.371080" level="INFO">${long_base_s6_u1} = 20</msg>
<var>${long_base_s6_u1}</var>
<arg>//*[text()='6. หน่วยสินค้า , ขนาด,บาร์โค๊ด รวมแพคกิ้ง']/parent::div/parent::div/following-sibling::*[2]//*[text()='1']/parent::div/following-sibling::*[1]//input[@name='long']</arg>
<doc>Returns the value attribute of the element identified by ``locator``.</doc>
<status status="PASS" start="2024-08-21T11:32:12.334624" elapsed="0.036456"/>
</kw>
<kw name="Get Value" owner="SeleniumLibrary">
<msg time="2024-08-21T11:32:12.399647" level="INFO">${high_base_s6_u1} = 20</msg>
<var>${high_base_s6_u1}</var>
<arg>//*[text()='6. หน่วยสินค้า , ขนาด,บาร์โค๊ด รวมแพคกิ้ง']/parent::div/parent::div/following-sibling::*[2]//*[text()='1']/parent::div/following-sibling::*[1]//input[@name='high']</arg>
<doc>Returns the value attribute of the element identified by ``locator``.</doc>
<status status="PASS" start="2024-08-21T11:32:12.371080" elapsed="0.028567"/>
</kw>
<kw name="Get Value" owner="SeleniumLibrary">
<msg time="2024-08-21T11:32:12.417639" level="INFO">${volume_base_s6_u1} = 8000</msg>
<var>${volume_base_s6_u1}</var>
<arg>//*[text()='6. หน่วยสินค้า , ขนาด,บาร์โค๊ด รวมแพคกิ้ง']/parent::div/parent::div/following-sibling::*[2]//*[text()='1']/parent::div/following-sibling::*[1]//input[@name='volume']</arg>
<doc>Returns the value attribute of the element identified by ``locator``.</doc>
<status status="PASS" start="2024-08-21T11:32:12.399647" elapsed="0.021998"/>
</kw>
<kw name="Get Value" owner="SeleniumLibrary">
<msg time="2024-08-21T11:32:12.442237" level="INFO">${weight_base_s6_u1} = 2</msg>
<var>${weight_base_s6_u1}</var>
<arg>//*[text()='6. หน่วยสินค้า , ขนาด,บาร์โค๊ด รวมแพคกิ้ง']/parent::div/parent::div/following-sibling::*[2]//*[text()='1']/parent::div/following-sibling::*[1]//input[@name='weight']</arg>
<doc>Returns the value attribute of the element identified by ``locator``.</doc>
<status status="PASS" start="2024-08-21T11:32:12.421645" elapsed="0.021607"/>
</kw>
<kw name="Run Keyword And Ignore Error" owner="BuiltIn">
<kw name="Get Value" owner="SeleniumLibrary">
<msg time="2024-08-21T11:32:12.773814" level="INFO" html="true">&lt;/td&gt;&lt;/tr&gt;&lt;tr&gt;&lt;td colspan="3"&gt;&lt;a href="selenium-screenshot-2418.png"&gt;&lt;img src="selenium-screenshot-2418.png" width="800px"&gt;&lt;/a&gt;</msg>
<msg time="2024-08-21T11:32:12.773814" level="FAIL">Element with locator '//*[text()='6. หน่วยสินค้า , ขนาด,บาร์โค๊ด รวมแพคกิ้ง']/parent::div/parent::div/following-sibling::*[2]//*[text()='2']/parent::div/following-sibling::*[1]//input[@name='units_id']' not found.</msg>
<arg>//*[text()='6. หน่วยสินค้า , ขนาด,บาร์โค๊ด รวมแพคกิ้ง']/parent::div/parent::div/following-sibling::*[2]//*[text()='2']/parent::div/following-sibling::*[1]//input[@name='units_id']</arg>
<doc>Returns the value attribute of the element identified by ``locator``.</doc>
<status status="FAIL" start="2024-08-21T11:32:12.443252" elapsed="0.334421">Element with locator '//*[text()='6. หน่วยสินค้า , ขนาด,บาร์โค๊ด รวมแพคกิ้ง']/parent::div/parent::div/following-sibling::*[2]//*[text()='2']/parent::div/following-sibling::*[1]//input[@name='units_id']' not found.</status>
</kw>
<msg time="2024-08-21T11:32:12.777673" level="INFO">${units_id_s6_u2_base} = ('FAIL', "Element with locator '//*[text()='6. หน่วยสินค้า , ขนาด,บาร์โค๊ด รวมแพคกิ้ง']/parent::div/parent::div/following-sibling::*[2]//*[text()='2']/parent::div/following-sibling::*[1]//input[@name=...</msg>
<var>${units_id_s6_u2_base}</var>
<arg>Get Value</arg>
<arg>//*[text()='6. หน่วยสินค้า , ขนาด,บาร์โค๊ด รวมแพคกิ้ง']/parent::div/parent::div/following-sibling::*[2]//*[text()='2']/parent::div/following-sibling::*[1]//input[@name='units_id']</arg>
<doc>Runs the given keyword with the given arguments and ignores possible error.</doc>
<status status="PASS" start="2024-08-21T11:32:12.443252" elapsed="0.334936"/>
</kw>
<kw name="Get From List" owner="Collections">
<msg time="2024-08-21T11:32:12.778188" level="INFO">${units_id_s6_u2_result} = FAIL</msg>
<var>${units_id_s6_u2_result}</var>
<arg>${units_id_s6_u2_base}</arg>
<arg>0</arg>
<doc>Returns the value specified with an ``index`` from ``list``.</doc>
<status status="PASS" start="2024-08-21T11:32:12.778188" elapsed="0.000000"/>
</kw>
<kw name="Get From List" owner="Collections">
<msg time="2024-08-21T11:32:12.778188" level="INFO">${units_id_s6_u2_value} = Element with locator '//*[text()='6. หน่วยสินค้า , ขนาด,บาร์โค๊ด รวมแพคกิ้ง']/parent::div/parent::div/following-sibling::*[2]//*[text()='2']/parent::div/following-sibling::*[1]//input[@name='units_id'...</msg>
<var>${units_id_s6_u2_value}</var>
<arg>${units_id_s6_u2_base}</arg>
<arg>1</arg>
<doc>Returns the value specified with an ``index`` from ``list``.</doc>
<status status="PASS" start="2024-08-21T11:32:12.778188" elapsed="0.000000"/>
</kw>
<if>
<branch type="IF" condition="'${units_id_s6_u2_result}' == 'FAIL'">
<kw name="Set Variable" owner="BuiltIn">
<msg time="2024-08-21T11:32:12.778188" level="INFO">${units_id_s6_u2_result} = -</msg>
<var>${units_id_s6_u2_result}</var>
<arg>-</arg>
<doc>Returns the given values which can then be assigned to a variables.</doc>
<status status="PASS" start="2024-08-21T11:32:12.778188" elapsed="0.000000"/>
</kw>
<status status="PASS" start="2024-08-21T11:32:12.778188" elapsed="0.000000"/>
</branch>
<branch type="ELSE">
<kw name="Set Variable" owner="BuiltIn">
<var>${units_id_s6_u2_result}</var>
<arg>${units_id_s6_u2_value}</arg>
<doc>Returns the given values which can then be assigned to a variables.</doc>
<status status="NOT RUN" start="2024-08-21T11:32:12.778188" elapsed="0.000000"/>
</kw>
<status status="NOT RUN" start="2024-08-21T11:32:12.778188" elapsed="0.000000"/>
</branch>
<status status="PASS" start="2024-08-21T11:32:12.778188" elapsed="0.000000"/>
</if>
<kw name="Set Variable" owner="BuiltIn">
<msg time="2024-08-21T11:32:12.778188" level="INFO">${units_id_s6_u2} = -</msg>
<var>${units_id_s6_u2}</var>
<arg>${units_id_s6_u2_result}</arg>
<doc>Returns the given values which can then be assigned to a variables.</doc>
<status status="PASS" start="2024-08-21T11:32:12.778188" elapsed="0.000000"/>
</kw>
<kw name="Run Keyword And Ignore Error" owner="BuiltIn">
<kw name="Get Value" owner="SeleniumLibrary">
<msg time="2024-08-21T11:32:13.096439" level="INFO" html="true">&lt;/td&gt;&lt;/tr&gt;&lt;tr&gt;&lt;td colspan="3"&gt;&lt;a href="selenium-screenshot-2419.png"&gt;&lt;img src="selenium-screenshot-2419.png" width="800px"&gt;&lt;/a&gt;</msg>
<msg time="2024-08-21T11:32:13.096439" level="FAIL">Element with locator '//*[text()='6. หน่วยสินค้า , ขนาด,บาร์โค๊ด รวมแพคกิ้ง']/parent::div/parent::div/following-sibling::*[2]//*[text()='2']/parent::div/following-sibling::*[1]//input[@name='rate_unit_base']' not found.</msg>
<arg>//*[text()='6. หน่วยสินค้า , ขนาด,บาร์โค๊ด รวมแพคกิ้ง']/parent::div/parent::div/following-sibling::*[2]//*[text()='2']/parent::div/following-sibling::*[1]//input[@name='rate_unit_base']</arg>
<doc>Returns the value attribute of the element identified by ``locator``.</doc>
<status status="FAIL" start="2024-08-21T11:32:12.778188" elapsed="0.323258">Element with locator '//*[text()='6. หน่วยสินค้า , ขนาด,บาร์โค๊ด รวมแพคกิ้ง']/parent::div/parent::div/following-sibling::*[2]//*[text()='2']/parent::div/following-sibling::*[1]//input[@name='rate_unit_base']' not found.</status>
</kw>
<msg time="2024-08-21T11:32:13.101446" level="INFO">${rate_unit_base_s6_u2_base} = ('FAIL', "Element with locator '//*[text()='6. หน่วยสินค้า , ขนาด,บาร์โค๊ด รวมแพคกิ้ง']/parent::div/parent::div/following-sibling::*[2]//*[text()='2']/parent::div/following-sibling::*[1]//input[@name=...</msg>
<var>${rate_unit_base_s6_u2_base}</var>
<arg>Get Value</arg>
<arg>//*[text()='6. หน่วยสินค้า , ขนาด,บาร์โค๊ด รวมแพคกิ้ง']/parent::div/parent::div/following-sibling::*[2]//*[text()='2']/parent::div/following-sibling::*[1]//input[@name='rate_unit_base']</arg>
<doc>Runs the given keyword with the given arguments and ignores possible error.</doc>
<status status="PASS" start="2024-08-21T11:32:12.778188" elapsed="0.323258"/>
</kw>
<kw name="Get From List" owner="Collections">
<msg time="2024-08-21T11:32:13.102468" level="INFO">${rate_unit_base_s6_u2_result} = FAIL</msg>
<var>${rate_unit_base_s6_u2_result}</var>
<arg>${rate_unit_base_s6_u2_base}</arg>
<arg>0</arg>
<doc>Returns the value specified with an ``index`` from ``list``.</doc>
<status status="PASS" start="2024-08-21T11:32:13.102468" elapsed="0.000000"/>
</kw>
<kw name="Get From List" owner="Collections">
<msg time="2024-08-21T11:32:13.102468" level="INFO">${rate_unit_base_s6_u2_value} = Element with locator '//*[text()='6. หน่วยสินค้า , ขนาด,บาร์โค๊ด รวมแพคกิ้ง']/parent::div/parent::div/following-sibling::*[2]//*[text()='2']/parent::div/following-sibling::*[1]//input[@name='rate_unit...</msg>
<var>${rate_unit_base_s6_u2_value}</var>
<arg>${rate_unit_base_s6_u2_base}</arg>
<arg>1</arg>
<doc>Returns the value specified with an ``index`` from ``list``.</doc>
<status status="PASS" start="2024-08-21T11:32:13.102468" elapsed="0.000000"/>
</kw>
<if>
<branch type="IF" condition="'${rate_unit_base_s6_u2_result}' == 'FAIL'">
<kw name="Set Variable" owner="BuiltIn">
<msg time="2024-08-21T11:32:13.102468" level="INFO">${rate_unit_base_s6_u2_result} = -</msg>
<var>${rate_unit_base_s6_u2_result}</var>
<arg>-</arg>
<doc>Returns the given values which can then be assigned to a variables.</doc>
<status status="PASS" start="2024-08-21T11:32:13.102468" elapsed="0.002014"/>
</kw>
<status status="PASS" start="2024-08-21T11:32:13.102468" elapsed="0.002014"/>
</branch>
<branch type="ELSE">
<kw name="Set Variable" owner="BuiltIn">
<var>${rate_unit_base_s6_u2_result}</var>
<arg>${rate_unit_base_s6_u2_value}</arg>
<doc>Returns the given values which can then be assigned to a variables.</doc>
<status status="NOT RUN" start="2024-08-21T11:32:13.104482" elapsed="0.000000"/>
</kw>
<status status="NOT RUN" start="2024-08-21T11:32:13.104482" elapsed="0.000000"/>
</branch>
<status status="PASS" start="2024-08-21T11:32:13.102468" elapsed="0.002014"/>
</if>
<kw name="Set Variable" owner="BuiltIn">
<msg time="2024-08-21T11:32:13.104482" level="INFO">${rate_unit_base_s6_u2} = -</msg>
<var>${rate_unit_base_s6_u2}</var>
<arg>${rate_unit_base_s6_u2_result}</arg>
<doc>Returns the given values which can then be assigned to a variables.</doc>
<status status="PASS" start="2024-08-21T11:32:13.104482" elapsed="0.000000"/>
</kw>
<kw name="Run Keyword And Ignore Error" owner="BuiltIn">
<kw name="Get Value" owner="SeleniumLibrary">
<msg time="2024-08-21T11:32:13.453845" level="INFO" html="true">&lt;/td&gt;&lt;/tr&gt;&lt;tr&gt;&lt;td colspan="3"&gt;&lt;a href="selenium-screenshot-2420.png"&gt;&lt;img src="selenium-screenshot-2420.png" width="800px"&gt;&lt;/a&gt;</msg>
<msg time="2024-08-21T11:32:13.453845" level="FAIL">Element with locator '//*[text()='6. หน่วยสินค้า , ขนาด,บาร์โค๊ด รวมแพคกิ้ง']/parent::div/parent::div/following-sibling::*[2]//*[text()='2']/parent::div/following-sibling::*[1]//input[@name='units_sale_id']' not found.</msg>
<arg>//*[text()='6. หน่วยสินค้า , ขนาด,บาร์โค๊ด รวมแพคกิ้ง']/parent::div/parent::div/following-sibling::*[2]//*[text()='2']/parent::div/following-sibling::*[1]//input[@name='units_sale_id']</arg>
<doc>Returns the value attribute of the element identified by ``locator``.</doc>
<status status="FAIL" start="2024-08-21T11:32:13.104482" elapsed="0.351867">Element with locator '//*[text()='6. หน่วยสินค้า , ขนาด,บาร์โค๊ด รวมแพคกิ้ง']/parent::div/parent::div/following-sibling::*[2]//*[text()='2']/parent::div/following-sibling::*[1]//input[@name='units_sale_id']' not found.</status>
</kw>
<msg time="2024-08-21T11:32:13.456349" level="INFO">${units_sale_id_s6_u2_base} = ('FAIL', "Element with locator '//*[text()='6. หน่วยสินค้า , ขนาด,บาร์โค๊ด รวมแพคกิ้ง']/parent::div/parent::div/following-sibling::*[2]//*[text()='2']/parent::div/following-sibling::*[1]//input[@name=...</msg>
<var>${units_sale_id_s6_u2_base}</var>
<arg>Get Value</arg>
<arg>//*[text()='6. หน่วยสินค้า , ขนาด,บาร์โค๊ด รวมแพคกิ้ง']/parent::div/parent::div/following-sibling::*[2]//*[text()='2']/parent::div/following-sibling::*[1]//input[@name='units_sale_id']</arg>
<doc>Runs the given keyword with the given arguments and ignores possible error.</doc>
<status status="PASS" start="2024-08-21T11:32:13.104482" elapsed="0.351867"/>
</kw>
<kw name="Get From List" owner="Collections">
<msg time="2024-08-21T11:32:13.456349" level="INFO">${units_sale_id_s6_u2_result} = FAIL</msg>
<var>${units_sale_id_s6_u2_result}</var>
<arg>${units_sale_id_s6_u2_base}</arg>
<arg>0</arg>
<doc>Returns the value specified with an ``index`` from ``list``.</doc>
<status status="PASS" start="2024-08-21T11:32:13.456349" elapsed="0.000000"/>
</kw>
<kw name="Get From List" owner="Collections">
<msg time="2024-08-21T11:32:13.456349" level="INFO">${units_sale_id_s6_u2_value} = Element with locator '//*[text()='6. หน่วยสินค้า , ขนาด,บาร์โค๊ด รวมแพคกิ้ง']/parent::div/parent::div/following-sibling::*[2]//*[text()='2']/parent::div/following-sibling::*[1]//input[@name='units_sal...</msg>
<var>${units_sale_id_s6_u2_value}</var>
<arg>${units_sale_id_s6_u2_base}</arg>
<arg>1</arg>
<doc>Returns the value specified with an ``index`` from ``list``.</doc>
<status status="PASS" start="2024-08-21T11:32:13.456349" elapsed="0.000000"/>
</kw>
<if>
<branch type="IF" condition="'${units_sale_id_s6_u2_result}' == 'FAIL'">
<kw name="Set Variable" owner="BuiltIn">
<msg time="2024-08-21T11:32:13.458446" level="INFO">${units_sale_id_s6_u2_result} = -</msg>
<var>${units_sale_id_s6_u2_result}</var>
<arg>-</arg>
<doc>Returns the given values which can then be assigned to a variables.</doc>
<status status="PASS" start="2024-08-21T11:32:13.458446" elapsed="0.000000"/>
</kw>
<status status="PASS" start="2024-08-21T11:32:13.456349" elapsed="0.002097"/>
</branch>
<branch type="ELSE">
<kw name="Set Variable" owner="BuiltIn">
<var>${units_sale_id_s6_u2_result}</var>
<arg>${units_sale_id_s6_u2_value}</arg>
<doc>Returns the given values which can then be assigned to a variables.</doc>
<status status="NOT RUN" start="2024-08-21T11:32:13.458959" elapsed="0.000000"/>
</kw>
<status status="NOT RUN" start="2024-08-21T11:32:13.458446" elapsed="0.000513"/>
</branch>
<status status="PASS" start="2024-08-21T11:32:13.456349" elapsed="0.002610"/>
</if>
<kw name="Set Variable" owner="BuiltIn">
<msg time="2024-08-21T11:32:13.458959" level="INFO">${units_sale_id_s6_u2} = -</msg>
<var>${units_sale_id_s6_u2}</var>
<arg>${units_sale_id_s6_u2_result}</arg>
<doc>Returns the given values which can then be assigned to a variables.</doc>
<status status="PASS" start="2024-08-21T11:32:13.458959" elapsed="0.000000"/>
</kw>
<kw name="Run Keyword And Ignore Error" owner="BuiltIn">
<kw name="Get Value" owner="SeleniumLibrary">
<msg time="2024-08-21T11:32:13.780935" level="INFO" html="true">&lt;/td&gt;&lt;/tr&gt;&lt;tr&gt;&lt;td colspan="3"&gt;&lt;a href="selenium-screenshot-2421.png"&gt;&lt;img src="selenium-screenshot-2421.png" width="800px"&gt;&lt;/a&gt;</msg>
<msg time="2024-08-21T11:32:13.780935" level="FAIL">Element with locator '//*[text()='6. หน่วยสินค้า , ขนาด,บาร์โค๊ด รวมแพคกิ้ง']/parent::div/parent::div/following-sibling::*[2]//*[text()='2']/parent::div/following-sibling::*[1]//input[@name='rate_unit_code']' not found.</msg>
<arg>//*[text()='6. หน่วยสินค้า , ขนาด,บาร์โค๊ด รวมแพคกิ้ง']/parent::div/parent::div/following-sibling::*[2]//*[text()='2']/parent::div/following-sibling::*[1]//input[@name='rate_unit_code']</arg>
<doc>Returns the value attribute of the element identified by ``locator``.</doc>
<status status="FAIL" start="2024-08-21T11:32:13.458959" elapsed="0.328481">Element with locator '//*[text()='6. หน่วยสินค้า , ขนาด,บาร์โค๊ด รวมแพคกิ้ง']/parent::div/parent::div/following-sibling::*[2]//*[text()='2']/parent::div/following-sibling::*[1]//input[@name='rate_unit_code']' not found.</status>
</kw>
<msg time="2024-08-21T11:32:13.787440" level="INFO">${rate_unit_code_s6_u2_base} = ('FAIL', "Element with locator '//*[text()='6. หน่วยสินค้า , ขนาด,บาร์โค๊ด รวมแพคกิ้ง']/parent::div/parent::div/following-sibling::*[2]//*[text()='2']/parent::div/following-sibling::*[1]//input[@name=...</msg>
<var>${rate_unit_code_s6_u2_base}</var>
<arg>Get Value</arg>
<arg>//*[text()='6. หน่วยสินค้า , ขนาด,บาร์โค๊ด รวมแพคกิ้ง']/parent::div/parent::div/following-sibling::*[2]//*[text()='2']/parent::div/following-sibling::*[1]//input[@name='rate_unit_code']</arg>
<doc>Runs the given keyword with the given arguments and ignores possible error.</doc>
<status status="PASS" start="2024-08-21T11:32:13.458959" elapsed="0.328481"/>
</kw>
<kw name="Get From List" owner="Collections">
<msg time="2024-08-21T11:32:13.788967" level="INFO">${rate_unit_code_s6_u2_result} = FAIL</msg>
<var>${rate_unit_code_s6_u2_result}</var>
<arg>${rate_unit_code_s6_u2_base}</arg>
<arg>0</arg>
<doc>Returns the value specified with an ``index`` from ``list``.</doc>
<status status="PASS" start="2024-08-21T11:32:13.788967" elapsed="0.000000"/>
</kw>
<kw name="Get From List" owner="Collections">
<msg time="2024-08-21T11:32:13.788967" level="INFO">${rate_unit_code_s6_u2_value} = Element with locator '//*[text()='6. หน่วยสินค้า , ขนาด,บาร์โค๊ด รวมแพคกิ้ง']/parent::div/parent::div/following-sibling::*[2]//*[text()='2']/parent::div/following-sibling::*[1]//input[@name='rate_unit...</msg>
<var>${rate_unit_code_s6_u2_value}</var>
<arg>${rate_unit_code_s6_u2_base}</arg>
<arg>1</arg>
<doc>Returns the value specified with an ``index`` from ``list``.</doc>
<status status="PASS" start="2024-08-21T11:32:13.788967" elapsed="0.000000"/>
</kw>
<if>
<branch type="IF" condition="'${rate_unit_code_s6_u2_result}' == 'FAIL'">
<kw name="Set Variable" owner="BuiltIn">
<msg time="2024-08-21T11:32:13.790492" level="INFO">${rate_unit_code_s6_u2_result} = -</msg>
<var>${rate_unit_code_s6_u2_result}</var>
<arg>-</arg>
<doc>Returns the given values which can then be assigned to a variables.</doc>
<status status="PASS" start="2024-08-21T11:32:13.789979" elapsed="0.000513"/>
</kw>
<status status="PASS" start="2024-08-21T11:32:13.789979" elapsed="0.000513"/>
</branch>
<branch type="ELSE">
<kw name="Set Variable" owner="BuiltIn">
<var>${rate_unit_code_s6_u2_result}</var>
<arg>${rate_unit_code_s6_u2_value}</arg>
<doc>Returns the given values which can then be assigned to a variables.</doc>
<status status="NOT RUN" start="2024-08-21T11:32:13.790492" elapsed="0.000000"/>
</kw>
<status status="NOT RUN" start="2024-08-21T11:32:13.790492" elapsed="0.000000"/>
</branch>
<status status="PASS" start="2024-08-21T11:32:13.789979" elapsed="0.000513"/>
</if>
<kw name="Set Variable" owner="BuiltIn">
<msg time="2024-08-21T11:32:13.790492" level="INFO">${rate_unit_code_s6_u2} = -</msg>
<var>${rate_unit_code_s6_u2}</var>
<arg>${rate_unit_code_s6_u2_result}</arg>
<doc>Returns the given values which can then be assigned to a variables.</doc>
<status status="PASS" start="2024-08-21T11:32:13.790492" elapsed="0.000000"/>
</kw>
<kw name="Run Keyword And Ignore Error" owner="BuiltIn">
<kw name="Get Value" owner="SeleniumLibrary">
<msg time="2024-08-21T11:32:14.134730" level="INFO" html="true">&lt;/td&gt;&lt;/tr&gt;&lt;tr&gt;&lt;td colspan="3"&gt;&lt;a href="selenium-screenshot-2422.png"&gt;&lt;img src="selenium-screenshot-2422.png" width="800px"&gt;&lt;/a&gt;</msg>
<msg time="2024-08-21T11:32:14.135641" level="FAIL">Element with locator '//*[text()='6. หน่วยสินค้า , ขนาด,บาร์โค๊ด รวมแพคกิ้ง']/parent::div/parent::div/following-sibling::*[2]//*[text()='2']/parent::div/following-sibling::*[1]//input[@name='barcode_no']' not found.</msg>
<arg>//*[text()='6. หน่วยสินค้า , ขนาด,บาร์โค๊ด รวมแพคกิ้ง']/parent::div/parent::div/following-sibling::*[2]//*[text()='2']/parent::div/following-sibling::*[1]//input[@name='barcode_no']</arg>
<doc>Returns the value attribute of the element identified by ``locator``.</doc>
<status status="FAIL" start="2024-08-21T11:32:13.790492" elapsed="0.347682">Element with locator '//*[text()='6. หน่วยสินค้า , ขนาด,บาร์โค๊ด รวมแพคกิ้ง']/parent::div/parent::div/following-sibling::*[2]//*[text()='2']/parent::div/following-sibling::*[1]//input[@name='barcode_no']' not found.</status>
</kw>
<msg time="2024-08-21T11:32:14.138174" level="INFO">${barcode_no_s6_u2_base} = ('FAIL', "Element with locator '//*[text()='6. หน่วยสินค้า , ขนาด,บาร์โค๊ด รวมแพคกิ้ง']/parent::div/parent::div/following-sibling::*[2]//*[text()='2']/parent::div/following-sibling::*[1]//input[@name=...</msg>
<var>${barcode_no_s6_u2_base}</var>
<arg>Get Value</arg>
<arg>//*[text()='6. หน่วยสินค้า , ขนาด,บาร์โค๊ด รวมแพคกิ้ง']/parent::div/parent::div/following-sibling::*[2]//*[text()='2']/parent::div/following-sibling::*[1]//input[@name='barcode_no']</arg>
<doc>Runs the given keyword with the given arguments and ignores possible error.</doc>
<status status="PASS" start="2024-08-21T11:32:13.790492" elapsed="0.347682"/>
</kw>
<kw name="Get From List" owner="Collections">
<msg time="2024-08-21T11:32:14.139197" level="INFO">${barcode_no_s6_u2_result} = FAIL</msg>
<var>${barcode_no_s6_u2_result}</var>
<arg>${barcode_no_s6_u2_base}</arg>
<arg>0</arg>
<doc>Returns the value specified with an ``index`` from ``list``.</doc>
<status status="PASS" start="2024-08-21T11:32:14.138174" elapsed="0.001023"/>
</kw>
<kw name="Get From List" owner="Collections">
<msg time="2024-08-21T11:32:14.139197" level="INFO">${barcode_no_s6_u2_value} = Element with locator '//*[text()='6. หน่วยสินค้า , ขนาด,บาร์โค๊ด รวมแพคกิ้ง']/parent::div/parent::div/following-sibling::*[2]//*[text()='2']/parent::div/following-sibling::*[1]//input[@name='barcode_n...</msg>
<var>${barcode_no_s6_u2_value}</var>
<arg>${barcode_no_s6_u2_base}</arg>
<arg>1</arg>
<doc>Returns the value specified with an ``index`` from ``list``.</doc>
<status status="PASS" start="2024-08-21T11:32:14.139197" elapsed="0.000000"/>
</kw>
<if>
<branch type="IF" condition="'${barcode_no_s6_u2_result}' == 'FAIL'">
<kw name="Set Variable" owner="BuiltIn">
<msg time="2024-08-21T11:32:14.140721" level="INFO">${barcode_no_s6_u2_result} = -</msg>
<var>${barcode_no_s6_u2_result}</var>
<arg>-</arg>
<doc>Returns the given values which can then be assigned to a variables.</doc>
<status status="PASS" start="2024-08-21T11:32:14.140576" elapsed="0.000145"/>
</kw>
<status status="PASS" start="2024-08-21T11:32:14.139197" elapsed="0.001524"/>
</branch>
<branch type="ELSE">
<kw name="Set Variable" owner="BuiltIn">
<var>${barcode_no_s6_u2_result}</var>
<arg>${barcode_no_s6_u2_value}</arg>
<doc>Returns the given values which can then be assigned to a variables.</doc>
<status status="NOT RUN" start="2024-08-21T11:32:14.140721" elapsed="0.000000"/>
</kw>
<status status="NOT RUN" start="2024-08-21T11:32:14.140721" elapsed="0.000000"/>
</branch>
<status status="PASS" start="2024-08-21T11:32:14.139197" elapsed="0.001524"/>
</if>
<kw name="Set Variable" owner="BuiltIn">
<msg time="2024-08-21T11:32:14.141732" level="INFO">${barcode_no_s6_u2} = -</msg>
<var>${barcode_no_s6_u2}</var>
<arg>${barcode_no_s6_u2_result}</arg>
<doc>Returns the given values which can then be assigned to a variables.</doc>
<status status="PASS" start="2024-08-21T11:32:14.140721" elapsed="0.001011"/>
</kw>
<kw name="Run Keyword And Ignore Error" owner="BuiltIn">
<kw name="Get Value" owner="SeleniumLibrary">
<msg time="2024-08-21T11:32:14.488210" level="INFO" html="true">&lt;/td&gt;&lt;/tr&gt;&lt;tr&gt;&lt;td colspan="3"&gt;&lt;a href="selenium-screenshot-2423.png"&gt;&lt;img src="selenium-screenshot-2423.png" width="800px"&gt;&lt;/a&gt;</msg>
<msg time="2024-08-21T11:32:14.491311" level="FAIL">Element with locator '//*[text()='6. หน่วยสินค้า , ขนาด,บาร์โค๊ด รวมแพคกิ้ง']/parent::div/parent::div/following-sibling::*[2]//*[text()='2']/parent::div/following-sibling::*[1]//input[@name='width']' not found.</msg>
<arg>//*[text()='6. หน่วยสินค้า , ขนาด,บาร์โค๊ด รวมแพคกิ้ง']/parent::div/parent::div/following-sibling::*[2]//*[text()='2']/parent::div/following-sibling::*[1]//input[@name='width']</arg>
<doc>Returns the value attribute of the element identified by ``locator``.</doc>
<status status="FAIL" start="2024-08-21T11:32:14.141732" elapsed="0.349579">Element with locator '//*[text()='6. หน่วยสินค้า , ขนาด,บาร์โค๊ด รวมแพคกิ้ง']/parent::div/parent::div/following-sibling::*[2]//*[text()='2']/parent::div/following-sibling::*[1]//input[@name='width']' not found.</status>
</kw>
<msg time="2024-08-21T11:32:14.491311" level="INFO">${width_base_s6_u2_base} = ('FAIL', "Element with locator '//*[text()='6. หน่วยสินค้า , ขนาด,บาร์โค๊ด รวมแพคกิ้ง']/parent::div/parent::div/following-sibling::*[2]//*[text()='2']/parent::div/following-sibling::*[1]//input[@name=...</msg>
<var>${width_base_s6_u2_base}</var>
<arg>Get Value</arg>
<arg>//*[text()='6. หน่วยสินค้า , ขนาด,บาร์โค๊ด รวมแพคกิ้ง']/parent::div/parent::div/following-sibling::*[2]//*[text()='2']/parent::div/following-sibling::*[1]//input[@name='width']</arg>
<doc>Runs the given keyword with the given arguments and ignores possible error.</doc>
<status status="PASS" start="2024-08-21T11:32:14.141732" elapsed="0.349579"/>
</kw>
<kw name="Get From List" owner="Collections">
<msg time="2024-08-21T11:32:14.491311" level="INFO">${width_base_s6_u2_result} = FAIL</msg>
<var>${width_base_s6_u2_result}</var>
<arg>${width_base_s6_u2_base}</arg>
<arg>0</arg>
<doc>Returns the value specified with an ``index`` from ``list``.</doc>
<status status="PASS" start="2024-08-21T11:32:14.491311" elapsed="0.000000"/>
</kw>
<kw name="Get From List" owner="Collections">
<msg time="2024-08-21T11:32:14.494119" level="INFO">${width_base_s6_u2_value} = Element with locator '//*[text()='6. หน่วยสินค้า , ขนาด,บาร์โค๊ด รวมแพคกิ้ง']/parent::div/parent::div/following-sibling::*[2]//*[text()='2']/parent::div/following-sibling::*[1]//input[@name='width']' ...</msg>
<var>${width_base_s6_u2_value}</var>
<arg>${width_base_s6_u2_base}</arg>
<arg>1</arg>
<doc>Returns the value specified with an ``index`` from ``list``.</doc>
<status status="PASS" start="2024-08-21T11:32:14.494119" elapsed="0.000000"/>
</kw>
<if>
<branch type="IF" condition="'${width_base_s6_u2_result}' == 'FAIL'">
<kw name="Set Variable" owner="BuiltIn">
<msg time="2024-08-21T11:32:14.495140" level="INFO">${width_base_s6_u2_result} = -</msg>
<var>${width_base_s6_u2_result}</var>
<arg>-</arg>
<doc>Returns the given values which can then be assigned to a variables.</doc>
<status status="PASS" start="2024-08-21T11:32:14.494119" elapsed="0.001021"/>
</kw>
<status status="PASS" start="2024-08-21T11:32:14.494119" elapsed="0.001021"/>
</branch>
<branch type="ELSE">
<kw name="Set Variable" owner="BuiltIn">
<var>${width_base_s6_u2_result}</var>
<arg>${width_base_s6_u2_value}</arg>
<doc>Returns the given values which can then be assigned to a variables.</doc>
<status status="NOT RUN" start="2024-08-21T11:32:14.495140" elapsed="0.000000"/>
</kw>
<status status="NOT RUN" start="2024-08-21T11:32:14.495140" elapsed="0.000000"/>
</branch>
<status status="PASS" start="2024-08-21T11:32:14.494119" elapsed="0.001021"/>
</if>
<kw name="Set Variable" owner="BuiltIn">
<msg time="2024-08-21T11:32:14.495140" level="INFO">${width_base_s6_u2} = -</msg>
<var>${width_base_s6_u2}</var>
<arg>${width_base_s6_u2_result}</arg>
<doc>Returns the given values which can then be assigned to a variables.</doc>
<status status="PASS" start="2024-08-21T11:32:14.495140" elapsed="0.000000"/>
</kw>
<kw name="Run Keyword And Ignore Error" owner="BuiltIn">
<kw name="Get Value" owner="SeleniumLibrary">
<msg time="2024-08-21T11:32:14.834308" level="INFO" html="true">&lt;/td&gt;&lt;/tr&gt;&lt;tr&gt;&lt;td colspan="3"&gt;&lt;a href="selenium-screenshot-2424.png"&gt;&lt;img src="selenium-screenshot-2424.png" width="800px"&gt;&lt;/a&gt;</msg>
<msg time="2024-08-21T11:32:14.834308" level="FAIL">Element with locator '//*[text()='6. หน่วยสินค้า , ขนาด,บาร์โค๊ด รวมแพคกิ้ง']/parent::div/parent::div/following-sibling::*[2]//*[text()='2']/parent::div/following-sibling::*[1]//input[@name='long']' not found.</msg>
<arg>//*[text()='6. หน่วยสินค้า , ขนาด,บาร์โค๊ด รวมแพคกิ้ง']/parent::div/parent::div/following-sibling::*[2]//*[text()='2']/parent::div/following-sibling::*[1]//input[@name='long']</arg>
<doc>Returns the value attribute of the element identified by ``locator``.</doc>
<status status="FAIL" start="2024-08-21T11:32:14.495140" elapsed="0.339168">Element with locator '//*[text()='6. หน่วยสินค้า , ขนาด,บาร์โค๊ด รวมแพคกิ้ง']/parent::div/parent::div/following-sibling::*[2]//*[text()='2']/parent::div/following-sibling::*[1]//input[@name='long']' not found.</status>
</kw>
<msg time="2024-08-21T11:32:14.834308" level="INFO">${long_base_s6_u2_base} = ('FAIL', "Element with locator '//*[text()='6. หน่วยสินค้า , ขนาด,บาร์โค๊ด รวมแพคกิ้ง']/parent::div/parent::div/following-sibling::*[2]//*[text()='2']/parent::div/following-sibling::*[1]//input[@name=...</msg>
<var>${long_base_s6_u2_base}</var>
<arg>Get Value</arg>
<arg>//*[text()='6. หน่วยสินค้า , ขนาด,บาร์โค๊ด รวมแพคกิ้ง']/parent::div/parent::div/following-sibling::*[2]//*[text()='2']/parent::div/following-sibling::*[1]//input[@name='long']</arg>
<doc>Runs the given keyword with the given arguments and ignores possible error.</doc>
<status status="PASS" start="2024-08-21T11:32:14.495140" elapsed="0.339168"/>
</kw>
<kw name="Get From List" owner="Collections">
<msg time="2024-08-21T11:32:14.837472" level="INFO">${long_base_s6_u2_result} = FAIL</msg>
<var>${long_base_s6_u2_result}</var>
<arg>${long_base_s6_u2_base}</arg>
<arg>0</arg>
<doc>Returns the value specified with an ``index`` from ``list``.</doc>
<status status="PASS" start="2024-08-21T11:32:14.834308" elapsed="0.003164"/>
</kw>
[...]
<arg>high_base_s6_u4=${high_base_s6_u4}</arg>
<arg>weight_base_s6_u4=${weight_base_s6_u4}</arg>
<arg>volume_base_s6_u4=${volume_base_s6_u4}</arg>
<arg>units_id_s6_u5=${units_id_s6_u5}</arg>
<arg>rate_unit_base_s6_u5=${rate_unit_base_s6_u5}</arg>
<arg>units_sale_id_s6_u5=${units_sale_id_s6_u5}</arg>
<arg>rate_unit_code_s6_u5=${rate_unit_code_s6_u5}</arg>
<arg>barcode_no_s6_u5=${barcode_no_s6_u5}</arg>
<arg>width_base_s6_u5=${width_base_s6_u5}</arg>
<arg>long_base_s6_u5=${long_base_s6_u5}</arg>
<arg>high_base_s6_u5=${high_base_s6_u5}</arg>
<arg>weight_base_s6_u5=${weight_base_s6_u5}</arg>
<arg>volume_base_s6_u5=${volume_base_s6_u5}</arg>
<arg>units_id_s7_u1=${units_id_s7_u1}</arg>
<arg>width_base_s7_u1=${width_base_s7_u1}</arg>
<arg>long_base_s7_u1=${long_base_s7_u1}</arg>
<arg>high_base_s7_u1=${high_base_s7_u1}</arg>
<arg>weight_base_s7_u1=${weight_base_s7_u1}</arg>
<arg>volume_base_s7_u1=${volume_base_s7_u1}</arg>
<arg>units_id_s7_u2=${units_id_s7_u2}</arg>
<arg>width_base_s7_u2=${width_base_s7_u2}</arg>
<arg>long_base_s7_u2=${long_base_s7_u2}</arg>
<arg>high_base_s7_u2=${high_base_s7_u2}</arg>
<arg>weight_base_s7_u2=${weight_base_s7_u2}</arg>
<arg>volume_base_s7_u2=${volume_base_s7_u2}</arg>
<arg>units_id_s7_u3=${units_id_s7_u3}</arg>
<arg>width_base_s7_u3=${width_base_s7_u3}</arg>
<arg>long_base_s7_u3=${long_base_s7_u3}</arg>
<arg>high_base_s7_u3=${high_base_s7_u3}</arg>
<arg>weight_base_s7_u3=${weight_base_s7_u3}</arg>
<arg>volume_base_s7_u3=${volume_base_s7_u3}</arg>
<arg>units_id_s7_u4=${units_id_s7_u4}</arg>
<arg>width_base_s7_u4=${width_base_s7_u4}</arg>
<arg>long_base_s7_u4=${long_base_s7_u4}</arg>
<arg>high_base_s7_u4=${high_base_s7_u4}</arg>
<arg>weight_base_s7_u4=${weight_base_s7_u4}</arg>
<arg>volume_base_s7_u4=${volume_base_s7_u4}</arg>
<arg>units_id_s7_u5=${units_id_s7_u5}</arg>
<arg>width_base_s7_u5=${width_base_s7_u5}</arg>
<arg>long_base_s7_u5=${long_base_s7_u5}</arg>
<arg>high_base_s7_u5=${high_base_s7_u5}</arg>
<arg>weight_base_s7_u5=${weight_base_s7_u5}</arg>
<arg>volume_base_s7_u5=${volume_base_s7_u5}</arg>
<arg>units_id_section_8=${units_id_section_8}</arg>
<arg>width_section_8=${width_section_8}</arg>
<arg>long_section_8=${long_section_8}</arg>
<arg>high_section_8=${high_section_8}</arg>
<arg>weight_section_8=${weight_section_8}</arg>
<arg>volume_section_8=${volume_section_8}</arg>
<arg>units_id_section_9=${units_id_section_9}</arg>
<arg>arrangement_pattern_section_9=${arrangement_pattern_section_9}</arg>
<arg>cargo_area_section_9=${cargo_area_section_9}</arg>
<arg>stock_show_section_9=${stock_show_section_9}</arg>
<arg>ownership_show_section_9=${ownership_show_section_9}</arg>
<arg>first_sale_date=${first_sale_date}</arg>
<arg>highlight_sell_point=${highlight_sell_point}</arg>
<arg>product_features=${product_features}</arg>
<arg>maintenance=${maintenance}</arg>
<arg>warranty_conditions=${warranty_conditions}</arg>
<arg>usage=${usage}</arg>
<arg>precautions=${precautions}</arg>
<arg>lead_time=${lead_time}</arg>
<arg>return_defective=${return_defective}</arg>
<arg>net_cost_price=${net_cost_price}</arg>
<arg>currency=${currency}</arg>
<doc>Creates and returns a dictionary based on the given ``items``.</doc>
<status status="PASS" start="2024-08-21T11:33:35.803400" elapsed="0.006214"/>
</kw>
<kw name="Replace String" owner="String">
<msg time="2024-08-21T11:33:35.810629" level="INFO">${new_name_th} = QA_5 หน่วย_ซองขาว</msg>
<var>${new_name_th}</var>
<arg>${row['name_th']}</arg>
<arg>,</arg>
<arg>${SPACE}</arg>
<doc>Replaces ``search_for`` in the given ``string`` with ``replace_with``.</doc>
<status status="PASS" start="2024-08-21T11:33:35.810629" elapsed="0.000000"/>
</kw>
<kw name="Replace String" owner="String">
<msg time="2024-08-21T11:33:35.814305" level="INFO">${new_name_en} = QA_5 unit_White Envelope</msg>
<var>${new_name_en}</var>
<arg>${row['name_en']}</arg>
<arg>,</arg>
<arg>${SPACE}</arg>
<doc>Replaces ``search_for`` in the given ``string`` with ``replace_with``.</doc>
<status status="PASS" start="2024-08-21T11:33:35.810629" elapsed="0.003676"/>
</kw>
<kw name="Replace String" owner="String">
<msg time="2024-08-21T11:33:35.818806" level="INFO">${new_MC5} = DKC011402: ซองเอกสาร</msg>
<var>${new_MC5}</var>
<arg>${row['merc_category_MC5']}</arg>
<arg>,</arg>
<arg>${SPACE}</arg>
<doc>Replaces ``search_for`` in the given ``string`` with ``replace_with``.</doc>
<status status="PASS" start="2024-08-21T11:33:35.814305" elapsed="0.004501"/>
</kw>
<kw name="Replace String" owner="String">
<msg time="2024-08-21T11:33:35.819311" level="INFO">${new_net_cost_price} = 242.25</msg>
<var>${new_net_cost_price}</var>
<arg>${row['net_cost_price']}</arg>
<arg>,</arg>
<arg>${SPACE}</arg>
<doc>Replaces ``search_for`` in the given ``string`` with ``replace_with``.</doc>
<status status="PASS" start="2024-08-21T11:33:35.819311" elapsed="0.000000"/>
</kw>
<kw name="Set Variable" owner="BuiltIn">
<msg time="2024-08-21T11:33:35.824826" level="INFO">${header_art} = 10337242, QA_5 หน่วย_ซองขาว, QA_5 unit_White Envelope, QA_5 unit_White Envelope</msg>
<var>${header_art}</var>
<arg>${row['article_no']}, ${new_name_th}, ${new_name_en}, ${row['name_en']}</arg>
<doc>Returns the given values which can then be assigned to a variables.</doc>
<status status="PASS" start="2024-08-21T11:33:35.819311" elapsed="0.005515"/>
</kw>
<kw name="Set Variable" owner="BuiltIn">
<msg time="2024-08-21T11:33:35.837821" level="INFO">${section_1_1} = 00: Single article, DKC: เครื่องเขียนแบบพิมพ์, DKC011402: ซองเอกสาร, 00: Common Division, 1: 'A' Article, 2: Do home, ZAWA: Trading Goods DoHome, 3100: Trading goods</msg>
<var>${section_1_1}</var>
<arg>${row['article_category']}, ${row['merc_category_MC2']}, ${new_MC5}, ${row['division_type']}, ${row['artl_statistics_grp']}, ${row['astmt_list_type']}, ${row['material_type']}, ${row['valuation_class']}</arg>
<doc>Returns the given values which can then be assigned to a variables.</doc>
<status status="PASS" start="2024-08-21T11:33:35.824826" elapsed="0.012995"/>
</kw>
<kw name="Set Variable" owner="BuiltIn">
<msg time="2024-08-21T11:33:35.850577" level="INFO">${section_1_2} = QA_5 unit_White Envelope, QA_5 unit_White Envelope, QA_5 unit_White Envelope, ขนาด 108 x 235 มม. หนา 100 แกรม, A062: อายิโนะโมะโต๊ะ, -, 03: ไม่ต้อง pack, 03: ไม่ต้องแปรสภาพ, TH: ประเทศไทย</msg>
<var>${section_1_2}</var>
<arg>${row['e_comm_name_th']}, ${row['search_word']}, ${row['search_remark']}, ${row['product_model']}, ${row['brand_id']}, ${row['old_article']}, ${row['repack']}, ${row['product_transform']}, ${row['country_of_region']}</arg>
<doc>Returns the given values which can then be assigned to a variables.</doc>
<status status="PASS" start="2024-08-21T11:33:35.837821" elapsed="0.012756"/>
</kw>
<kw name="Set Variable" owner="BuiltIn">
<msg time="2024-08-21T11:33:35.862139" level="INFO">${section_1_3} = , 01: Non House brand, Z1: ผลิตในประเทศ, HBNTM: สินค้า HB ไม่มี Trademark</msg>
<var>${section_1_3}</var>
<arg>${row['regions_origin']}, ${row['hb_nonhb']}, ${row['production']}, ${row['tradmark']}</arg>
<doc>Returns the given values which can then be assigned to a variables.</doc>
<status status="PASS" start="2024-08-21T11:33:35.850577" elapsed="0.011562"/>
</kw>
<kw name="Set Variable" owner="BuiltIn">
<msg time="2024-08-21T11:33:35.867851" level="INFO">${section_2} = None, None</msg>
<var>${section_2}</var>
<arg>${row['tot_shelf_life']}, ${row['rem_shelf_life']}</arg>
<doc>Returns the given values which can then be assigned to a variables.</doc>
<status status="PASS" start="2024-08-21T11:33:35.862139" elapsed="0.005712"/>
</kw>
<kw name="Set Variable" owner="BuiltIn">
<msg time="2024-08-21T11:33:35.878242" level="INFO">${section_3} = A: Active, 6: สั่งพิเศษ/ตั๋วผ่าน, , 01: Core, 03: สินค้าทั่วไป, 05: ไม่มีเทรน</msg>
<var>${section_3}</var>
<arg>${row['product_status']}, ${row['abc_indicator']}, ${row['product_sub_indicator']}, ${row['product_role']}, ${row['product_sub_role']}, ${row['product_trend']}</arg>
<doc>Returns the given values which can then be assigned to a variables.</doc>
<status status="PASS" start="2024-08-21T11:33:35.867851" elapsed="0.010391"/>
</kw>
<kw name="Set Variable" owner="BuiltIn">
<msg time="2024-08-21T11:33:35.891295" level="INFO">${section_4} = 1000034: ทองหยิบ นามสมมุติ, , , , 134: คุณภคพร, , </msg>
<var>${section_4}</var>
<arg>${row['head_purchaser_group_no']}, ${row['head_import_purchase']}, ${row['head_im']}, ${row['shipping_group']}, ${row['purchaser_group_no']}, ${row['import_purchase']}, ${row['im_group']}</arg>
<doc>Returns the given values which can then be assigned to a variables.</doc>
<status status="PASS" start="2024-08-21T11:33:35.878242" elapsed="0.013053"/>
</kw>
<kw name="Set Variable" owner="BuiltIn">
<msg time="2024-08-21T11:33:35.904840" level="INFO">${section_5} = 02: Individ.requirements, NORM: Standard item, 1: Full tax, , , Z7: 1040 คลัง G / R, 1040: คลัง B</msg>
<var>${section_5}</var>
<arg>${row['avail_check']}, ${row['gen_item_cat_grp']}, ${row['tax_class']}, ${row['serial_number_profile']}, ${row['merchandise_category3']}, ${row['stor_condition']}, ${row['loading_group']}</arg>
<doc>Returns the given values which can then be assigned to a variables.</doc>
<status status="PASS" start="2024-08-21T11:33:35.891295" elapsed="0.013545"/>
</kw>
<kw name="Set Variable" owner="BuiltIn">
<msg time="2024-08-21T11:33:35.923724" level="INFO">${section_6_unit_1} = B: กล่อง,1,B: กล่อง,1,55555000001,20,0.5,20,200,10.8</msg>
<var>${section_6_unit_1}</var>
<arg>${row['units_id_s6_u1']},${row['rate_unit_base_s6_u1']},${row['units_sale_id_s6_u1']},${row['rate_unit_code_s6_u1']},${row['barcode_no_s6_u1']},${row['width_base_s6_u1']},${row['long_base_s6_u1']},${row['high_base_s6_u1']},${row['volume_base_s6_u1']},${row['weight_base_s6_u1']}</arg>
<doc>Returns the given values which can then be assigned to a variables.</doc>
<status status="PASS" start="2024-08-21T11:33:35.904840" elapsed="0.018884"/>
</kw>
<kw name="Set Variable" owner="BuiltIn">
<msg time="2024-08-21T11:33:35.944580" level="INFO">${section_6_unit_2} = B: กล่อง,5,E5: ลัง(5),1,55555011001,20.4,5.3,20.4,2205.6479999999997,54</msg>
<var>${section_6_unit_2}</var>
<arg>${row['units_id_s6_u2']},${row['rate_unit_base_s6_u2']},${row['units_sale_id_s6_u2']},${row['rate_unit_code_s6_u2']},${row['barcode_no_s6_u2']},${row['width_base_s6_u2']},${row['long_base_s6_u2']},${row['high_base_s6_u2']},${row['volume_base_s6_u2']},${row['weight_base_s6_u2']}</arg>
<doc>Returns the given values which can then be assigned to a variables.</doc>
<status status="PASS" start="2024-08-21T11:33:35.923724" elapsed="0.020856"/>
</kw>
<kw name="Set Variable" owner="BuiltIn">
<msg time="2024-08-21T11:33:35.965174" level="INFO">${section_6_unit_3} = B: กล่อง,1,P50: แพค(50),1,55555011101,20,0.5,20,200,10.8</msg>
<var>${section_6_unit_3}</var>
<arg>${row['units_id_s6_u3']},${row['rate_unit_base_s6_u3']},${row['units_sale_id_s6_u3']},${row['rate_unit_code_s6_u3']},${row['barcode_no_s6_u3']},${row['width_base_s6_u3']},${row['long_base_s6_u3']},${row['high_base_s6_u3']},${row['volume_base_s6_u3']},${row['weight_base_s6_u3']}</arg>
<doc>Returns the given values which can then be assigned to a variables.</doc>
<status status="PASS" start="2024-08-21T11:33:35.944580" elapsed="0.020594"/>
</kw>
<kw name="Set Variable" owner="BuiltIn">
<msg time="2024-08-21T11:33:35.984967" level="INFO">${section_6_unit_4} = B: กล่อง,1,EA: ชิ้น,1,55555011201,20.4,5.3,20.4,2205.6479999999997,54</msg>
<var>${section_6_unit_4}</var>
<arg>${row['units_id_s6_u4']},${row['rate_unit_base_s6_u4']},${row['units_sale_id_s6_u4']},${row['rate_unit_code_s6_u4']},${row['barcode_no_s6_u4']},${row['width_base_s6_u4']},${row['long_base_s6_u4']},${row['high_base_s6_u4']},${row['volume_base_s6_u4']},${row['weight_base_s6_u4']}</arg>
<doc>Returns the given values which can then be assigned to a variables.</doc>
<status status="PASS" start="2024-08-21T11:33:35.966479" elapsed="0.018488"/>
</kw>
<kw name="Set Variable" owner="BuiltIn">
<msg time="2024-08-21T11:33:36.006112" level="INFO">${section_6_unit_5} = B: กล่อง,864,E8Y: ลัง(864),1,55555011301,20,0.5,20,200,10.8</msg>
<var>${section_6_unit_5}</var>
<arg>${row['units_id_s6_u5']},${row['rate_unit_base_s6_u5']},${row['units_sale_id_s6_u5']},${row['rate_unit_code_s6_u5']},${row['barcode_no_s6_u5']},${row['width_base_s6_u5']},${row['long_base_s6_u5']},${row['high_base_s6_u5']},${row['volume_base_s6_u5']},${row['weight_base_s6_u5']}</arg>
<doc>Returns the given values which can then be assigned to a variables.</doc>
<status status="PASS" start="2024-08-21T11:33:35.984967" elapsed="0.021145"/>
</kw>
<kw name="Set Variable" owner="BuiltIn">
<msg time="2024-08-21T11:33:36.017046" level="INFO">${section_7_unit_1} = B: กล่อง,20,0.5,20,200,10.8</msg>
<var>${section_7_unit_1}</var>
<arg>${row['units_id_s7_u1']},${row['width_base_s7_u1']},${row['long_base_s7_u1']},${row['high_base_s7_u1']},${row['volume_base_s7_u1']},${row['weight_base_s7_u1']}</arg>
<doc>Returns the given values which can then be assigned to a variables.</doc>
<status status="PASS" start="2024-08-21T11:33:36.006112" elapsed="0.010934"/>
</kw>
<kw name="Set Variable" owner="BuiltIn">
<msg time="2024-08-21T11:33:36.031452" level="INFO">${section_7_unit_2} = E5: ลัง(5),20.4,5.3,20.4,2205.6479999999997,54</msg>
<var>${section_7_unit_2}</var>
<arg>${row['units_id_s7_u2']},${row['width_base_s7_u2']},${row['long_base_s7_u2']},${row['high_base_s7_u2']},${row['volume_base_s7_u2']},${row['weight_base_s7_u2']}</arg>
<doc>Returns the given values which can then be assigned to a variables.</doc>
<status status="PASS" start="2024-08-21T11:33:36.017046" elapsed="0.014406"/>
</kw>
<kw name="Set Variable" owner="BuiltIn">
<msg time="2024-08-21T11:33:36.046002" level="INFO">${section_7_unit_3} = P50: แพค(50),20,0.5,20,200,10.8</msg>
<var>${section_7_unit_3}</var>
<arg>${row['units_id_s7_u3']},${row['width_base_s7_u3']},${row['long_base_s7_u3']},${row['high_base_s7_u3']},${row['volume_base_s7_u3']},${row['weight_base_s7_u3']}</arg>
<doc>Returns the given values which can then be assigned to a variables.</doc>
<status status="PASS" start="2024-08-21T11:33:36.031452" elapsed="0.014550"/>
</kw>
<kw name="Set Variable" owner="BuiltIn">
<msg time="2024-08-21T11:33:36.059693" level="INFO">${section_7_unit_4} = EA: ชิ้น,20.4,5.3,20.4,2205.6479999999997,54</msg>
<var>${section_7_unit_4}</var>
<arg>${row['units_id_s7_u4']},${row['width_base_s7_u4']},${row['long_base_s7_u4']},${row['high_base_s7_u4']},${row['volume_base_s7_u4']},${row['weight_base_s7_u4']}</arg>
<doc>Returns the given values which can then be assigned to a variables.</doc>
<status status="PASS" start="2024-08-21T11:33:36.046002" elapsed="0.013691"/>
</kw>
<kw name="Set Variable" owner="BuiltIn">
<msg time="2024-08-21T11:33:36.072310" level="INFO">${section_7_unit_5} = E8Y: ลัง(864),20,0.5,20,200,10.8</msg>
<var>${section_7_unit_5}</var>
<arg>${row['units_id_s7_u5']},${row['width_base_s7_u5']},${row['long_base_s7_u5']},${row['high_base_s7_u5']},${row['volume_base_s7_u5']},${row['weight_base_s7_u5']}</arg>
<doc>Returns the given values which can then be assigned to a variables.</doc>
<status status="PASS" start="2024-08-21T11:33:36.059693" elapsed="0.012617"/>
</kw>
<kw name="Set Variable" owner="BuiltIn">
<msg time="2024-08-21T11:33:36.076058" level="INFO">${section_12} = 2024-08-31</msg>
<var>${section_12}</var>
<arg>${row['first_sale_date']}</arg>
<doc>Returns the given values which can then be assigned to a variables.</doc>
<status status="PASS" start="2024-08-21T11:33:36.073777" elapsed="0.002281"/>
</kw>
<kw name="Set Variable" owner="BuiltIn">
<msg time="2024-08-21T11:33:36.088278" level="INFO">${section_14} = -, ผลิตจากกระดาษปอนด์คุณภาพดี ไม่ฉีกขาดง่าย ฝาขนานมีแถบกาว สามารถปิดผนึกได้แน่นสนิทเพียงใช้น้ำลูบ พิมพ์ตราครุฑสีดำด้านบนซ้ายของซอง มีความหนาและทึบแสง เหมาะสำหรับบรรจุจดหมายหรือเอกสารสำคัญทั่วไป, -, -,...</msg>
<var>${section_14}</var>
<arg>${row['highlight_sell_point']}, ${row['product_features']}, ${row['maintenance']}, ${row['warranty_conditions']}, ${row['usage']}, ${row['precautions']}</arg>
<doc>Returns the given values which can then be assigned to a variables.</doc>
<status status="PASS" start="2024-08-21T11:33:36.076058" elapsed="0.012220"/>
</kw>
<kw name="Set Variable" owner="BuiltIn">
<msg time="2024-08-21T11:33:36.097101" level="INFO">${tap_purchaser} = 15, 6: คืนได้ - ส่งรถโรงงาน-รอCN, 242.25, THB: Thailand Baht</msg>
<var>${tap_purchaser}</var>
<arg>${row['lead_time']}, ${row['return_defective']}, ${row['net_cost_price']}, ${row['currency']}</arg>
<doc>Returns the given values which can then be assigned to a variables.</doc>
<status status="PASS" start="2024-08-21T11:33:36.088792" elapsed="0.008823"/>
</kw>
<kw name="Set Variable" owner="BuiltIn">
<msg time="2024-08-21T11:33:36.097615" level="INFO">${data_section_1} = 00: Single article, DKC: เครื่องเขียนแบบพิมพ์, DKC011402: ซองเอกสาร, 00: Common Division, 1: 'A' Article, 2: Do home, ZAWA: Trading Goods DoHome, 3100: Trading goods,2024-08-31,, 01: Non House brand, ...</msg>
<var>${data_section_1}</var>
<arg>${section_1_1},${section_1_2},${section_1_3}</arg>
<doc>Returns the given values which can then be assigned to a variables.</doc>
<status status="PASS" start="2024-08-21T11:33:36.097615" elapsed="0.000000"/>
</kw>
<kw name="Set Variable" owner="BuiltIn">
<msg time="2024-08-21T11:33:36.097615" level="INFO">${data_section_6} = B: กล่อง,1,B: กล่อง,1,55555000001,20,0.5,20,200,10.8,B: กล่อง,5,E5: ลัง(5),1,55555011001,20.4,5.3,20.4,2205.6479999999997,54,B: กล่อง,1,P50: แพค(50),1,55555011101,20,0.5,20,200,10.8,B: กล่อง,1,EA: ชิ้...</msg>
<var>${data_section_6}</var>
<arg>${section_6_unit_1},${section_6_unit_2},${section_6_unit_3},${section_6_unit_4},${section_6_unit_5}</arg>
<doc>Returns the given values which can then be assigned to a variables.</doc>
<status status="PASS" start="2024-08-21T11:33:36.097615" elapsed="0.000000"/>
</kw>
<kw name="Set Variable" owner="BuiltIn">
<msg time="2024-08-21T11:33:36.097615" level="INFO">${data_section_7} = B: กล่อง,20,0.5,20,200,10.8,E5: ลัง(5),20.4,5.3,20.4,2205.6479999999997,54,P50: แพค(50),20,0.5,20,200,10.8,EA: ชิ้น,20.4,5.3,20.4,2205.6479999999997,54,E8Y: ลัง(864),20,0.5,20,200,10.8</msg>
<var>${data_section_7}</var>
<arg>${section_7_unit_1},${section_7_unit_2},${section_7_unit_3},${section_7_unit_4},${section_7_unit_5}</arg>
<doc>Returns the given values which can then be assigned to a variables.</doc>
<status status="PASS" start="2024-08-21T11:33:36.097615" elapsed="0.000000"/>
</kw>
<kw name="Append To File" owner="OperatingSystem">
<msg time="2024-08-21T11:33:36.097615" level="INFO" html="true">Appended to file '&lt;a href="file://C:\Automate\Web\Get_value_art\resources\get_value_section_other.csv"&gt;C:\Automate\Web\Get_value_art\resources\get_value_section_other.csv&lt;/a&gt;'.</msg>
<arg>${get_value_section_other}</arg>
<arg>${section_2},${section_3},${section_4},${section_5},${section_12},${section_14}\n</arg>
<doc>Appends the given content to the specified file.</doc>
<status status="PASS" start="2024-08-21T11:33:36.097615" elapsed="0.000000"/>
</kw>
<arg>id=10337242</arg>
<status status="PASS" start="2024-08-21T11:33:09.799843" elapsed="26.297772"/>
</kw>
<kw name="Close All Browsers" owner="SeleniumLibrary" type="TEARDOWN">
<doc>Closes all open browsers and resets the browser cache.</doc>
<status status="PASS" start="2024-08-21T11:33:36.102125" elapsed="6.627812"/>
</kw>
<status status="PASS" start="2024-08-21T11:32:42.488555" elapsed="60.242476"/>
</test>
<status status="PASS" start="2024-08-21T11:31:18.727180" elapsed="144.004366"/>
</suite>
<statistics>
<total>
<stat pass="2" fail="0" skip="0">All Tests</stat>
</total>
<tag>
</tag>
<suite>
<stat pass="2" fail="0" skip="0" id="s1" name="Get value art">Get value art</stat>
</suite>
</statistics>
<errors>
<msg time="2024-08-21T11:32:42.487055" level="WARN">Multiple tests with name 'Create clone art' executed in suite 'Get value art'.</msg>
</errors>
</robot>
